./bin/tmpi; kParam=100; dim=22; precision=1.000000e-08; radiusF=2.500000e-01; minExamplesPerCluster=20; noveltyF=1.400000e+00;
	Hello from almoco, rank 0/3, outputMode 2, nClassifiers 1
[sampler 0]
Taking test stream from stdin, sampler at 0/3
[m_receiver 2]
[detector 0]
[m_receiver 1]
[classifier 2]
[classifier 1]
model complete
ND clusters (19, 79352): 22 extensions, 1 novelties
ND consumed 1854, reclassified 0, garbageCollected 0
ND clusters (19, 162370): 25 extensions, 4 novelties
ND consumed 1707, reclassified 53, garbageCollected 71
ND clusters (84507, 176341): 14 extensions, 2 novelties
ND consumed 1961, reclassified 14, garbageCollected 4
ND clusters (167557, 205968): 31 extensions, 1 novelties
ND consumed 1930, reclassified 39, garbageCollected 1
ND clusters (178361, 259252): 32 extensions, 0 novelties
ND consumed 1769, reclassified 123, garbageCollected 4
ND clusters (210117, 295535): 34 extensions, 1 novelties
ND consumed 1843, reclassified 87, garbageCollected 9
ND clusters (266199, 331594): 34 extensions, 2 novelties
ND consumed 1933, reclassified 46, garbageCollected 1
ND clusters (299233, 366480): 26 extensions, 0 novelties
ND consumed 1781, reclassified 126, garbageCollected 6
[sampler   0] (ioTime 1.958232e+01), (cpuTime 4.292407e+01), (lockTime 0.000000e+00), (total 6.622042e+01). At src/threaded-mpi.c:251
ND clusters (337869, 379697): 9 extensions, 1 novelties
ND consumed 1957, reclassified 42, garbageCollected 1
ND clusters (379699, 382780): 21 extensions, 1 novelties
ND consumed 1881, reclassified 67, garbageCollected 5
ND clusters (383873, 400062): 28 extensions, 0 novelties
ND consumed 1883, reclassified 58, garbageCollected 27
ND clusters (394753, 508987): 34 extensions, 1 novelties
ND consumed 1834, reclassified 79, garbageCollected 18
ND clusters (417193, 558269): 27 extensions, 3 novelties
ND consumed 1896, reclassified 63, garbageCollected 4
ND clusters (515759, 569302): 24 extensions, 2 novelties
ND consumed 1905, reclassified 46, garbageCollected 7
ND clusters (558465, 615274): 34 extensions, 1 novelties
ND consumed 1780, reclassified 146, garbageCollected 29
[classifier   2] (ioTime 6.120869e+01), (cpuTime 6.230440e+01), (lockTime 2.406480e+00), (total 1.281313e+02). At src/threaded-mpi.c:112
[m_receiver   1] (ioTime 1.220360e+02), (cpuTime 1.044000e-02), (lockTime 2.457500e-02), (total 1.300199e+02). At src/threaded-mpi.c:164
[m_receiver   2] (ioTime 1.258975e+02), (cpuTime 9.975000e-03), (lockTime 1.509700e-02), (total 1.314558e+02). At src/threaded-mpi.c:164
[detector   0] (ioTime 6.419594e+01), (cpuTime 3.341247e+01), (lockTime 0.000000e+00), (total 1.012851e+02). At src/threaded-mpi.c:420
[classifier   2] Statistics:     409978 items,      15931 misses,  'N':     387198 '1':        475 '2':        415 '3':         56 '4':        103 '5':       5237 '6':      11609 '7':        969 '8':        517 '9':        120 '10':        145 '11':       1205 '12':        109 '13':         32 '14':        119 '15':         58 '16':        731 '17':        391 '18':        383 '19':        106

[./bin/tmpi 2] 1.315532e+02 seconds. At src/threaded-mpi.c:507
[classifier   1] (ioTime 6.228325e+01), (cpuTime 6.321587e+01), (lockTime 2.322124e+00), (total 1.300196e+02). At src/threaded-mpi.c:112
[classifier   0] Statistics:      99180 items,          0 misses,  'N':      91673 '1':        325 '2':        134 '3':         44 '4':         47 '5':       1156 '6':       3085 '7':        604 '8':        397 '9':        101 '10':         90 '11':         91 '12':        108 '13':         32 '14':        105 '15':         45 '16':        534 '17':        156 '18':        347 '19':        106

[root aggregate] Statistics:     920820 items,      30178 misses,  'N':     867034 '1':       1320 '2':        987 '3':        159 '4':        250 '5':      11813 '6':      26496 '7':       2610 '8':       1426 '9':        344 '10':        394 '11':       2435 '12':        325 '13':         96 '14':        361 '15':        155 '16':       2205 '17':        960 '18':       1132 '19':        318

[classifier   1] Statistics:     411662 items,      14247 misses,  'N':     388163 '1':        520 '2':        438 '3':         59 '4':        100 '5':       5420 '6':      11802 '7':       1037 '8':        512 '9':        123 '10':        159 '11':       1139 '12':        108 '13':         32 '14':        137 '15':         52 '16':        940 '17':        413 '18':        402 '19':        106

[./bin/tmpi 0] 1.013806e+02 seconds. At src/threaded-mpi.c:507
[./bin/tmpi 1] 1.301145e+02 seconds. At src/threaded-mpi.c:507
335.16user 55.39system 1:44.85elapsed 372%CPU (0avgtext+0avgdata 135820maxresident)k
0inputs+52832outputs (7major+69919minor)pagefaults 0swaps

Evaluate
	title = Mfog tmi n3
	examplesFileName = datasets/test.csv
	matchesFileName = out/tmi-n3-1matches.csv
	plotSavePath = experiments/tmi-n3.log.png

Count per class
           id
class        
A      447179
N      206278
### Mfog tmi n3

saving experiments/tmi-n3.log.png
Confusion Matrix
Classes (act)       A       N assigned    hits
Labels (pred)                                 
-               25578    4600        -       0
0                2874      59        A    2874
1                 192       0        A     192
10                 75      49        A      75
11                  6       0        A       6
12                  0       1        N       1
14                  0       8        N       8
15                  0      20        N      20
16                603       0        A     603
18                 91       0        A      91
2                 557      28        A     557
3                  27       0        A      27
4                 109       0        A     109
5                8344       1        A    8344
6               16885     356        A   16885
7                 713      85        A     713
8                 180       2        A     180
N              390945  201069        N  201069
Classes           ['A' 'N']
Initial labels    ['-', 'N']
Labels (item)     [('N', 0), ('-', 19), ('4', 162534), ('2', 165083), ('3', 166288), ('6', 174168), ('5', 174280), ('1', 217774), ('7', 253639), ('0', 259406), ('8', 296847), ('10', 332384), ('11', 383698), ('16', 544152), ('18', 569616), ('15', 569889), ('14', 574263), ('12', 614833)] 18
Total examples    (653457, 25)
Total matches     (653458, 4)
Hits               231754 ( 35.465784%)
Misses             391525 ( 59.915863%)
Unknowns            30178 (  4.618200%)
Unk. reprocessed        1 (  0.003314%)
Total              653457 ( 99.999847%)

