class br.ufu.noveltydetection.minas.Minas with
	filenameOffline = datasets/training.csv
	filenameOnline = datasets/test.csv

	outputDirectory = out/minas-og//2020-10-05T12-04-42.564
	algClusteringOff = kmeans
	algClusteringOnl = kmeans

	threshold = 2.0
	flagEvaluationType = 1
	thresholdForgettingPast = 10000
	numMicro = 100
	flagMicroClusters = true

	minExCluster = 20
	validationCriterion = dec
	isValidationCriterionDec = true

	isGUIEnabled = false

 Processing out/minas-og//2020-10-05T12-04-42.564_ initial phase...


********************** Offline phase ****************************

 Classes for the training phase (offline): 1
Class N
Storing model
Storing model
Offline time 126.847
********************** Online phase****************************
Evaluate
	title = Reference-Rerun-results
	examplesFileName = datasets/test.csv
	matchesFileName = out/minas-og/2020-08-25T12-18-16.272/results
	plotSavePath = experiments/reference-java.png

Count per class
           id
class        
A      447179
N      206278
### Reference-Rerun-results

saving experiments/reference-java.png
Confusion Matrix
Classes (act)       A       N assigned    hits          og_labels
Labels (pred)                                                    
-                4135   10885        -       0              [Unk]
1                 123       0        A     123         [ExtNov 1]
10               2647   10992        N   10992  [ExtNov 10, N 10]
11                349     142        A     349        [ExtNov 11]
12               1121    5793        N    5793  [N 12, ExtNov 12]
13                  0      35        N      35  [N 13, ExtNov 13]
14                 39      10        A      39  [N 14, ExtNov 14]
2                  35      13        A      35         [ExtNov 2]
3                   6       0        A       6         [ExtNov 3]
4                 483      43        A     483         [ExtNov 4]
5                  52       0        A      52         [ExtNov 5]
6                 164       0        A     164    [N 6, ExtNov 6]
7                   2     314        N     314         [ExtNov 7]
8                 939      97        A     939    [N 8, ExtNov 8]
9                 161     154        A     161              [N 9]
N              436923  177800        N  177800    [C N, ExtCon N]
Classes           ['A' 'N']
Initial labels    ['-', 'N']
Labels            ['-', '1', '10', '11', '12', '13', '14', '2', '3', '4', '5', '6', '7', '8', '9', 'N'] 16
Total examples    (653457, 25)
Total matches     (653457, 3)
Hits               197285 ( 30.190969%)
Misses             441152 ( 67.510487%)
Unknowns            15020 (  2.298545%)
Unk. reprocessed        0 (  0.000000%)
Total              653457 (100.000000%)

