['cmd' ex]	 elapsed 	 kernel 	 user 	 cpu%; 	 max-KB 	 pf 	 pf-rec 	 waits 	 switch 	 swap; 	 ins 	 outs 	 rcv 	 sent 	 sigs;
-------- cluster with n 2 and c 1 --------
Hits               208191 ( 31.859890%)
Unknowns            15957 (  2.441932%)
Hits     &  0.318599 \\\hline
Hits      0.318599
-------- cluster with n 2 and c 2 --------
Hits               204336 ( 31.269952%)
Unknowns            12274 (  1.878315%)
Hits     &  0.312700 \\\hline
Hits      0.312700
-------- cluster with n 2 and c 3 --------
Hits               204530 ( 31.299640%)
Unknowns            14116 (  2.160200%)
Hits     &  0.312996 \\\hline
Hits      0.312996
-------- cluster with n 2 and c 4 --------
Hits               204376 ( 31.276073%)
Unknowns            14715 (  2.251866%)
Hits     &  0.312761 \\\hline
Hits      0.312761
-------- cluster with n 3 and c 1 --------
Hits               204911 ( 31.357945%)
Unknowns            12120 (  1.854748%)
Hits     &  0.313579 \\\hline
Hits      0.313579
-------- cluster with n 3 and c 2 --------
Hits               205353 ( 31.425585%)
Unknowns            14197 (  2.172596%)
Hits     &  0.314256 \\\hline
Hits      0.314256
-------- cluster with n 3 and c 3 --------
Hits               204472 ( 31.290764%)
Unknowns            14324 (  2.192031%)
Hits     &  0.312908 \\\hline
Hits      0.312908
-------- cluster with n 3 and c 4 --------
Hits               204463 ( 31.289387%)
Unknowns            13894 (  2.126227%)
Hits     &  0.312894 \\\hline
Hits      0.312894
-------- cluster with n 4 and c 1 --------
Hits               204579 ( 31.307138%)
Unknowns            13635 (  2.086592%)
Hits     &  0.313071 \\\hline
Hits      0.313071
-------- cluster with n 4 and c 2 --------
Hits               204785 ( 31.338711%)
Unknowns            13533 (  2.070986%)
Hits     &  0.313387 \\\hline
Hits      0.313387
-------- cluster with n 4 and c 3 --------
Hits               204260 ( 31.258321%)
Unknowns            14303 (  2.188817%)
Hits     &  0.312583 \\\hline
Hits      0.312583
-------- cluster with n 4 and c 4 --------
Hits               204417 ( 31.282347%)
Unknowns            13079 (  2.001506%)
Hits     &  0.312823 \\\hline
Hits      0.312823
