./bin/minas
	k = 100
	dim = 22
	precision = 1.000000e-08
	radiusF = 1.000000e-01
	minExamplesPerCluster = 20
	noveltyF = 1.000000
	useCluStream = 0
	cluStream_q_maxMicroClusters = 0
	cluStream_time_threshold_delta_δ = 0.000000
Training 72000 examples with 1 classes (N)
Training 72000 examples from class N
	[  0] k-Means 3.168000e+08 -> 1.173516e+04 (-3.167883e+08)
	[  1] k-Means 1.173516e+04 -> 1.041161e+04 (-1.323547e+03)
	[  2] k-Means 1.041161e+04 -> 9.388825e+03 (-1.022785e+03)
	[  3] k-Means 9.388825e+03 -> 8.625054e+03 (-7.637714e+02)
	[  4] k-Means 8.625054e+03 -> 8.437812e+03 (-1.872415e+02)
	[  5] k-Means 8.437812e+03 -> 8.408398e+03 (-2.941494e+01)
	[  6] k-Means 8.408398e+03 -> 8.412763e+03 (+4.365582e+00)
	[  7] k-Means 8.412763e+03 -> 8.399214e+03 (-1.354923e+01)
	[  8] k-Means 8.399214e+03 -> 8.358708e+03 (-4.050562e+01)
	[  9] k-Means 8.358708e+03 -> 8.217755e+03 (-1.409528e+02)
	[ 10] k-Means 8.217755e+03 -> 8.187314e+03 (-3.044123e+01)
	[ 11] k-Means 8.187314e+03 -> 8.186719e+03 (-5.954082e-01)
	[ 12] k-Means 8.186719e+03 -> 8.177186e+03 (-9.532961e+00)
	[ 13] k-Means 8.177186e+03 -> 8.171588e+03 (-5.597746e+00)
	[ 14] k-Means 8.171588e+03 -> 8.024694e+03 (-1.468946e+02)
	[ 15] k-Means 8.024694e+03 -> 7.804764e+03 (-2.199291e+02)
	[ 16] k-Means 7.804764e+03 -> 7.818918e+03 (+1.415351e+01)
	[ 17] k-Means 7.818918e+03 -> 7.825897e+03 (+6.978807e+00)
	[ 18] k-Means 7.825897e+03 -> 7.794882e+03 (-3.101523e+01)
	[ 19] k-Means 7.794882e+03 -> 7.772674e+03 (-2.220738e+01)
	[ 20] k-Means 7.772674e+03 -> 7.763176e+03 (-9.497849e+00)
	[ 21] k-Means 7.763176e+03 -> 7.763483e+03 (+3.070839e-01)
	[ 22] k-Means 7.763483e+03 -> 7.763681e+03 (+1.973273e-01)
	[ 23] k-Means 7.763681e+03 -> 7.763580e+03 (-1.008086e-01)
	[ 24] k-Means 7.763580e+03 -> 7.763611e+03 (+3.125763e-02)
	[ 25] k-Means 7.763611e+03 -> 7.763202e+03 (-4.094304e-01)
	[ 26] k-Means 7.763202e+03 -> 7.762592e+03 (-6.099138e-01)
	[ 27] k-Means 7.762592e+03 -> 7.761794e+03 (-7.982930e-01)
	[ 28] k-Means 7.761794e+03 -> 7.761273e+03 (-5.203752e-01)
	[ 29] k-Means 7.761273e+03 -> 7.761024e+03 (-2.494426e-01)
	[ 30] k-Means 7.761024e+03 -> 7.760514e+03 (-5.101710e-01)
	[ 31] k-Means 7.760514e+03 -> 7.760410e+03 (-1.032277e-01)
	[ 32] k-Means 7.760410e+03 -> 7.760378e+03 (-3.280513e-02)
	[ 33] k-Means 7.760378e+03 -> 7.760185e+03 (-1.927774e-01)
	[ 34] k-Means 7.760185e+03 -> 7.759916e+03 (-2.691194e-01)
	[ 35] k-Means 7.759916e+03 -> 7.759772e+03 (-1.432139e-01)
	[ 36] k-Means 7.759772e+03 -> 7.759719e+03 (-5.333000e-02)
	[ 37] k-Means 7.759719e+03 -> 7.759476e+03 (-2.434962e-01)
	[ 38] k-Means 7.759476e+03 -> 7.759334e+03 (-1.412021e-01)
	[ 39] k-Means 7.759334e+03 -> 7.759210e+03 (-1.243644e-01)
	[ 40] k-Means 7.759210e+03 -> 7.759212e+03 (+2.165537e-03)
	[ 41] k-Means 7.759212e+03 -> 7.759220e+03 (+7.946388e-03)
	[ 42] k-Means 7.759220e+03 -> 7.759173e+03 (-4.711685e-02)
	[ 43] k-Means 7.759173e+03 -> 7.759099e+03 (-7.393937e-02)
	[ 44] k-Means 7.759099e+03 -> 7.759092e+03 (-6.912375e-03)
	[ 45] k-Means 7.759092e+03 -> 7.759171e+03 (+7.863077e-02)
	[ 46] k-Means 7.759171e+03 -> 7.759196e+03 (+2.561392e-02)
	[ 47] k-Means 7.759196e+03 -> 7.759176e+03 (-2.022887e-02)
	[ 48] k-Means 7.759176e+03 -> 7.759233e+03 (+5.648187e-02)
	[ 49] k-Means 7.759233e+03 -> 7.759223e+03 (-9.572942e-03)
	[ 50] k-Means 7.759223e+03 -> 7.759237e+03 (+1.391439e-02)
	[ 51] k-Means 7.759237e+03 -> 7.759261e+03 (+2.444207e-02)
	[ 52] k-Means 7.759261e+03 -> 7.759238e+03 (-2.317406e-02)
	[ 53] k-Means 7.759238e+03 -> 7.759287e+03 (+4.853206e-02)
	[ 54] k-Means 7.759287e+03 -> 7.759305e+03 (+1.867324e-02)
	[ 55] k-Means 7.759305e+03 -> 7.759283e+03 (-2.252107e-02)
	[ 56] k-Means 7.759283e+03 -> 7.759274e+03 (-8.903391e-03)
	[ 57] k-Means 7.759274e+03 -> 7.759330e+03 (+5.610250e-02)
	[ 58] k-Means 7.759330e+03 -> 7.759345e+03 (+1.455514e-02)
	[ 59] k-Means 7.759345e+03 -> 7.759358e+03 (+1.314924e-02)
	[ 60] k-Means 7.759358e+03 -> 7.759364e+03 (+6.240910e-03)
	[ 61] k-Means 7.759364e+03 -> 7.759368e+03 (+3.885959e-03)
	[ 62] k-Means 7.759368e+03 -> 7.759370e+03 (+1.650263e-03)
	[ 63] k-Means 7.759370e+03 -> 7.759382e+03 (+1.270143e-02)
	[ 64] k-Means 7.759382e+03 -> 7.759383e+03 (+5.710559e-04)
	[ 65] k-Means 7.759383e+03 -> 7.759369e+03 (-1.399607e-02)
	[ 66] k-Means 7.759369e+03 -> 7.759355e+03 (-1.412528e-02)
	[ 67] k-Means 7.759355e+03 -> 7.759345e+03 (-9.897673e-03)
	[ 68] k-Means 7.759345e+03 -> 7.759340e+03 (-5.103711e-03)
	[ 69] k-Means 7.759340e+03 -> 7.759330e+03 (-1.023935e-02)
	[ 70] k-Means 7.759330e+03 -> 7.759331e+03 (+9.821790e-04)
	[ 71] k-Means 7.759331e+03 -> 7.759331e+03 (+1.769776e-04)
	[ 72] k-Means 7.759331e+03 -> 7.759337e+03 (+5.972069e-03)
	[ 73] k-Means 7.759337e+03 -> 7.759336e+03 (-8.537639e-04)
	[ 74] k-Means 7.759336e+03 -> 7.759336e+03 (+0.000000e+00)
[./bin/minas] 5.053875e+01 seconds for kMeans(72000). At src/baseline/minas.c:138
[./bin/minas] 5.149845e+01 seconds for training(72000). At src/baseline/minas.c:489
	[  0] k-Means 8.800000e+06 -> 1.479617e+03 (-8.798520e+06)
	[  1] k-Means 1.479617e+03 -> 7.247892e+02 (-7.548279e+02)
	[  2] k-Means 7.247892e+02 -> 5.845123e+02 (-1.402768e+02)
	[  3] k-Means 5.845123e+02 -> 4.068623e+02 (-1.776501e+02)
	[  4] k-Means 4.068623e+02 -> 3.659136e+02 (-4.094867e+01)
	[  5] k-Means 3.659136e+02 -> 3.418816e+02 (-2.403197e+01)
	[  6] k-Means 3.418816e+02 -> 3.309213e+02 (-1.096031e+01)
	[  7] k-Means 3.309213e+02 -> 3.289995e+02 (-1.921840e+00)
	[  8] k-Means 3.289995e+02 -> 3.272426e+02 (-1.756832e+00)
	[  9] k-Means 3.272426e+02 -> 3.254415e+02 (-1.801142e+00)
	[ 10] k-Means 3.254415e+02 -> 3.232765e+02 (-2.164991e+00)
	[ 11] k-Means 3.232765e+02 -> 3.213087e+02 (-1.967805e+00)
	[ 12] k-Means 3.213087e+02 -> 3.198481e+02 (-1.460578e+00)
	[ 13] k-Means 3.198481e+02 -> 3.189186e+02 (-9.295152e-01)
	[ 14] k-Means 3.189186e+02 -> 3.182356e+02 (-6.829941e-01)
	[ 15] k-Means 3.182356e+02 -> 3.180511e+02 (-1.844681e-01)
	[ 16] k-Means 3.180511e+02 -> 3.178122e+02 (-2.388932e-01)
	[ 17] k-Means 3.178122e+02 -> 3.177923e+02 (-1.999558e-02)
	[ 18] k-Means 3.177923e+02 -> 3.177923e+02 (+0.000000e+00)
[./bin/minas] 3.654140e-01 seconds for kMeans(2000). At src/baseline/minas.c:138
[./bin/minas] 3.855260e-01 seconds for noveltyDetection(2000). At src/baseline/minas.c:560
Reclassified 1248
	[  0] k-Means 8.800000e+06 -> 9.621586e+02 (-8.799038e+06)
	[  1] k-Means 9.621586e+02 -> 4.624271e+02 (-4.997315e+02)
	[  2] k-Means 4.624271e+02 -> 3.714818e+02 (-9.094529e+01)
	[  3] k-Means 3.714818e+02 -> 3.474374e+02 (-2.404443e+01)
	[  4] k-Means 3.474374e+02 -> 3.163221e+02 (-3.111526e+01)
	[  5] k-Means 3.163221e+02 -> 3.049258e+02 (-1.139632e+01)
	[  6] k-Means 3.049258e+02 -> 2.964848e+02 (-8.440972e+00)
	[  7] k-Means 2.964848e+02 -> 2.873072e+02 (-9.177558e+00)
	[  8] k-Means 2.873072e+02 -> 2.857418e+02 (-1.565428e+00)
	[  9] k-Means 2.857418e+02 -> 2.858420e+02 (+1.001435e-01)
	[ 10] k-Means 2.858420e+02 -> 2.859242e+02 (+8.222979e-02)
	[ 11] k-Means 2.859242e+02 -> 2.860766e+02 (+1.523645e-01)
	[ 12] k-Means 2.860766e+02 -> 2.860766e+02 (+0.000000e+00)
[./bin/minas] 2.503150e-01 seconds for kMeans(2000). At src/baseline/minas.c:138
[./bin/minas] 2.702410e-01 seconds for noveltyDetection(2000). At src/baseline/minas.c:560
Reclassified 1038
	[  0] k-Means 8.800000e+06 -> 7.938464e+02 (-8.799206e+06)
	[  1] k-Means 7.938464e+02 -> 3.836862e+02 (-4.101602e+02)
	[  2] k-Means 3.836862e+02 -> 3.252247e+02 (-5.846148e+01)
	[  3] k-Means 3.252247e+02 -> 3.006276e+02 (-2.459711e+01)
	[  4] k-Means 3.006276e+02 -> 2.926699e+02 (-7.957678e+00)
	[  5] k-Means 2.926699e+02 -> 2.894439e+02 (-3.225945e+00)
	[  6] k-Means 2.894439e+02 -> 2.881041e+02 (-1.339868e+00)
	[  7] k-Means 2.881041e+02 -> 2.873491e+02 (-7.549578e-01)
	[  8] k-Means 2.873491e+02 -> 2.868883e+02 (-4.607903e-01)
	[  9] k-Means 2.868883e+02 -> 2.864051e+02 (-4.832669e-01)
	[ 10] k-Means 2.864051e+02 -> 2.861983e+02 (-2.067519e-01)
	[ 11] k-Means 2.861983e+02 -> 2.859502e+02 (-2.481344e-01)
	[ 12] k-Means 2.859502e+02 -> 2.852416e+02 (-7.086077e-01)
	[ 13] k-Means 2.852416e+02 -> 2.840295e+02 (-1.212086e+00)
	[ 14] k-Means 2.840295e+02 -> 2.835811e+02 (-4.484044e-01)
	[ 15] k-Means 2.835811e+02 -> 2.832823e+02 (-2.987482e-01)
	[ 16] k-Means 2.832823e+02 -> 2.832345e+02 (-4.778351e-02)
	[ 17] k-Means 2.832345e+02 -> 2.827446e+02 (-4.899310e-01)
	[ 18] k-Means 2.827446e+02 -> 2.825732e+02 (-1.713713e-01)
	[ 19] k-Means 2.825732e+02 -> 2.821021e+02 (-4.711924e-01)
	[ 20] k-Means 2.821021e+02 -> 2.820615e+02 (-4.054102e-02)
	[ 21] k-Means 2.820615e+02 -> 2.820073e+02 (-5.418145e-02)
	[ 22] k-Means 2.820073e+02 -> 2.819510e+02 (-5.637215e-02)
	[ 23] k-Means 2.819510e+02 -> 2.818415e+02 (-1.094555e-01)
	[ 24] k-Means 2.818415e+02 -> 2.816549e+02 (-1.866182e-01)
	[ 25] k-Means 2.816549e+02 -> 2.813425e+02 (-3.123450e-01)
	[ 26] k-Means 2.813425e+02 -> 2.810734e+02 (-2.691569e-01)
	[ 27] k-Means 2.810734e+02 -> 2.810325e+02 (-4.084701e-02)
	[ 28] k-Means 2.810325e+02 -> 2.809918e+02 (-4.075920e-02)
	[ 29] k-Means 2.809918e+02 -> 2.809918e+02 (+0.000000e+00)
[./bin/minas] 5.704570e-01 seconds for kMeans(2000). At src/baseline/minas.c:138
[./bin/minas] 5.916320e-01 seconds for noveltyDetection(2000). At src/baseline/minas.c:560
Reclassified 1012
	[  0] k-Means 8.800000e+06 -> 1.141826e+03 (-8.798858e+06)
	[  1] k-Means 1.141826e+03 -> 4.767069e+02 (-6.651190e+02)
	[  2] k-Means 4.767069e+02 -> 3.824730e+02 (-9.423388e+01)
	[  3] k-Means 3.824730e+02 -> 3.289338e+02 (-5.353926e+01)
	[  4] k-Means 3.289338e+02 -> 3.252375e+02 (-3.696270e+00)
	[  5] k-Means 3.252375e+02 -> 3.235753e+02 (-1.662205e+00)
	[  6] k-Means 3.235753e+02 -> 3.230887e+02 (-4.865565e-01)
	[  7] k-Means 3.230887e+02 -> 3.227519e+02 (-3.368510e-01)
	[  8] k-Means 3.227519e+02 -> 3.227524e+02 (+5.295023e-04)
	[  9] k-Means 3.227524e+02 -> 3.227403e+02 (-1.211831e-02)
	[ 10] k-Means 3.227403e+02 -> 3.227499e+02 (+9.598998e-03)
	[ 11] k-Means 3.227499e+02 -> 3.227404e+02 (-9.501584e-03)
	[ 12] k-Means 3.227404e+02 -> 3.225556e+02 (-1.848087e-01)
	[ 13] k-Means 3.225556e+02 -> 3.225067e+02 (-4.889682e-02)
	[ 14] k-Means 3.225067e+02 -> 3.225067e+02 (+0.000000e+00)
[./bin/minas] 2.919360e-01 seconds for kMeans(2000). At src/baseline/minas.c:138
[./bin/minas] 3.134430e-01 seconds for noveltyDetection(2000). At src/baseline/minas.c:560
Reclassified 917
	[  0] k-Means 8.800000e+06 -> 7.695934e+02 (-8.799230e+06)
	[  1] k-Means 7.695934e+02 -> 4.456200e+02 (-3.239733e+02)
	[  2] k-Means 4.456200e+02 -> 3.926444e+02 (-5.297564e+01)
	[  3] k-Means 3.926444e+02 -> 3.839494e+02 (-8.694964e+00)
	[  4] k-Means 3.839494e+02 -> 3.767381e+02 (-7.211364e+00)
	[  5] k-Means 3.767381e+02 -> 3.705032e+02 (-6.234864e+00)
	[  6] k-Means 3.705032e+02 -> 3.675096e+02 (-2.993643e+00)
	[  7] k-Means 3.675096e+02 -> 3.645031e+02 (-3.006475e+00)
	[  8] k-Means 3.645031e+02 -> 3.621013e+02 (-2.401764e+00)
	[  9] k-Means 3.621013e+02 -> 3.583414e+02 (-3.759908e+00)
	[ 10] k-Means 3.583414e+02 -> 3.556503e+02 (-2.691091e+00)
	[ 11] k-Means 3.556503e+02 -> 3.549842e+02 (-6.660805e-01)
	[ 12] k-Means 3.549842e+02 -> 3.542353e+02 (-7.489612e-01)
	[ 13] k-Means 3.542353e+02 -> 3.538826e+02 (-3.526765e-01)
	[ 14] k-Means 3.538826e+02 -> 3.537398e+02 (-1.427542e-01)
	[ 15] k-Means 3.537398e+02 -> 3.536396e+02 (-1.002101e-01)
	[ 16] k-Means 3.536396e+02 -> 3.535758e+02 (-6.383892e-02)
	[ 17] k-Means 3.535758e+02 -> 3.534507e+02 (-1.250439e-01)
	[ 18] k-Means 3.534507e+02 -> 3.534034e+02 (-4.731469e-02)
	[ 19] k-Means 3.534034e+02 -> 3.533751e+02 (-2.833832e-02)
	[ 20] k-Means 3.533751e+02 -> 3.533106e+02 (-6.454206e-02)
	[ 21] k-Means 3.533106e+02 -> 3.532954e+02 (-1.520041e-02)
	[ 22] k-Means 3.532954e+02 -> 3.532954e+02 (+0.000000e+00)
[./bin/minas] 4.399740e-01 seconds for kMeans(2000). At src/baseline/minas.c:138
[./bin/minas] 4.604420e-01 seconds for noveltyDetection(2000). At src/baseline/minas.c:560
Reclassified 771
	[  0] k-Means 8.800000e+06 -> 7.955038e+02 (-8.799204e+06)
	[  1] k-Means 7.955038e+02 -> 5.342659e+02 (-2.612380e+02)
	[  2] k-Means 5.342659e+02 -> 4.753049e+02 (-5.896092e+01)
	[  3] k-Means 4.753049e+02 -> 4.505715e+02 (-2.473346e+01)
	[  4] k-Means 4.505715e+02 -> 4.389810e+02 (-1.159045e+01)
	[  5] k-Means 4.389810e+02 -> 4.306375e+02 (-8.343505e+00)
	[  6] k-Means 4.306375e+02 -> 4.243318e+02 (-6.305728e+00)
	[  7] k-Means 4.243318e+02 -> 4.155072e+02 (-8.824543e+00)
	[  8] k-Means 4.155072e+02 -> 4.121537e+02 (-3.353578e+00)
	[  9] k-Means 4.121537e+02 -> 4.050466e+02 (-7.107062e+00)
	[ 10] k-Means 4.050466e+02 -> 4.014578e+02 (-3.588798e+00)
	[ 11] k-Means 4.014578e+02 -> 3.956206e+02 (-5.837260e+00)
	[ 12] k-Means 3.956206e+02 -> 3.926737e+02 (-2.946821e+00)
	[ 13] k-Means 3.926737e+02 -> 3.922864e+02 (-3.873229e-01)
	[ 14] k-Means 3.922864e+02 -> 3.915166e+02 (-7.698457e-01)
	[ 15] k-Means 3.915166e+02 -> 3.913895e+02 (-1.270108e-01)
	[ 16] k-Means 3.913895e+02 -> 3.913895e+02 (+0.000000e+00)
[./bin/minas] 3.208320e-01 seconds for kMeans(2000). At src/baseline/minas.c:138
[./bin/minas] 3.418950e-01 seconds for noveltyDetection(2000). At src/baseline/minas.c:560
Reclassified 586
	[  0] k-Means 8.800000e+06 -> 7.644011e+02 (-8.799236e+06)
	[  1] k-Means 7.644011e+02 -> 5.368091e+02 (-2.275920e+02)
	[  2] k-Means 5.368091e+02 -> 4.705315e+02 (-6.627761e+01)
	[  3] k-Means 4.705315e+02 -> 4.501819e+02 (-2.034959e+01)
	[  4] k-Means 4.501819e+02 -> 4.370614e+02 (-1.312053e+01)
	[  5] k-Means 4.370614e+02 -> 4.281802e+02 (-8.881143e+00)
	[  6] k-Means 4.281802e+02 -> 4.271058e+02 (-1.074401e+00)
	[  7] k-Means 4.271058e+02 -> 4.258018e+02 (-1.303994e+00)
	[  8] k-Means 4.258018e+02 -> 4.232136e+02 (-2.588216e+00)
	[  9] k-Means 4.232136e+02 -> 4.208254e+02 (-2.388242e+00)
	[ 10] k-Means 4.208254e+02 -> 4.181545e+02 (-2.670867e+00)
	[ 11] k-Means 4.181545e+02 -> 4.179535e+02 (-2.009556e-01)
	[ 12] k-Means 4.179535e+02 -> 4.179535e+02 (+0.000000e+00)
[./bin/minas] 2.463440e-01 seconds for kMeans(2000). At src/baseline/minas.c:138
[./bin/minas] 2.670120e-01 seconds for noveltyDetection(2000). At src/baseline/minas.c:560
Reclassified 506
	[  0] k-Means 8.800000e+06 -> 8.761687e+02 (-8.799124e+06)
	[  1] k-Means 8.761687e+02 -> 5.797278e+02 (-2.964409e+02)
	[  2] k-Means 5.797278e+02 -> 4.962762e+02 (-8.345159e+01)
	[  3] k-Means 4.962762e+02 -> 4.822288e+02 (-1.404741e+01)
	[  4] k-Means 4.822288e+02 -> 4.760172e+02 (-6.211565e+00)
	[  5] k-Means 4.760172e+02 -> 4.739706e+02 (-2.046585e+00)
	[  6] k-Means 4.739706e+02 -> 4.736567e+02 (-3.138664e-01)
	[  7] k-Means 4.736567e+02 -> 4.730648e+02 (-5.919625e-01)
	[  8] k-Means 4.730648e+02 -> 4.722457e+02 (-8.190885e-01)
	[  9] k-Means 4.722457e+02 -> 4.703452e+02 (-1.900512e+00)
	[ 10] k-Means 4.703452e+02 -> 4.663675e+02 (-3.977704e+00)
	[ 11] k-Means 4.663675e+02 -> 4.656749e+02 (-6.926016e-01)
	[ 12] k-Means 4.656749e+02 -> 4.653502e+02 (-3.246596e-01)
	[ 13] k-Means 4.653502e+02 -> 4.652838e+02 (-6.642701e-02)
	[ 14] k-Means 4.652838e+02 -> 4.652217e+02 (-6.212288e-02)
	[ 15] k-Means 4.652217e+02 -> 4.650410e+02 (-1.806572e-01)
	[ 16] k-Means 4.650410e+02 -> 4.647130e+02 (-3.280397e-01)
	[ 17] k-Means 4.647130e+02 -> 4.641908e+02 (-5.221968e-01)
	[ 18] k-Means 4.641908e+02 -> 4.640788e+02 (-1.119790e-01)
	[ 19] k-Means 4.640788e+02 -> 4.638250e+02 (-2.538351e-01)
	[ 20] k-Means 4.638250e+02 -> 4.629648e+02 (-8.601776e-01)
	[ 21] k-Means 4.629648e+02 -> 4.615562e+02 (-1.408583e+00)
	[ 22] k-Means 4.615562e+02 -> 4.611996e+02 (-3.565962e-01)
	[ 23] k-Means 4.611996e+02 -> 4.611629e+02 (-3.666985e-02)
	[ 24] k-Means 4.611629e+02 -> 4.611629e+02 (+0.000000e+00)
[./bin/minas] 5.224570e-01 seconds for kMeans(2000). At src/baseline/minas.c:138
[./bin/minas] 5.442990e-01 seconds for noveltyDetection(2000). At src/baseline/minas.c:560
Reclassified 349
	[  0] k-Means 8.800000e+06 -> 9.092409e+02 (-8.799091e+06)
	[  1] k-Means 9.092409e+02 -> 5.830955e+02 (-3.261453e+02)
	[  2] k-Means 5.830955e+02 -> 5.030518e+02 (-8.004374e+01)
	[  3] k-Means 5.030518e+02 -> 4.712736e+02 (-3.177814e+01)
	[  4] k-Means 4.712736e+02 -> 4.598748e+02 (-1.139884e+01)
	[  5] k-Means 4.598748e+02 -> 4.539374e+02 (-5.937361e+00)
	[  6] k-Means 4.539374e+02 -> 4.519995e+02 (-1.937933e+00)
	[  7] k-Means 4.519995e+02 -> 4.510511e+02 (-9.483834e-01)
	[  8] k-Means 4.510511e+02 -> 4.500959e+02 (-9.552392e-01)
	[  9] k-Means 4.500959e+02 -> 4.496006e+02 (-4.953070e-01)
	[ 10] k-Means 4.496006e+02 -> 4.495778e+02 (-2.281353e-02)
	[ 11] k-Means 4.495778e+02 -> 4.495308e+02 (-4.694782e-02)
	[ 12] k-Means 4.495308e+02 -> 4.495539e+02 (+2.312430e-02)
	[ 13] k-Means 4.495539e+02 -> 4.495898e+02 (+3.587637e-02)
	[ 14] k-Means 4.495898e+02 -> 4.496330e+02 (+4.316401e-02)
	[ 15] k-Means 4.496330e+02 -> 4.496330e+02 (+0.000000e+00)
[./bin/minas] 3.474310e-01 seconds for kMeans(2000). At src/baseline/minas.c:138
[./bin/minas] 3.691990e-01 seconds for noveltyDetection(2000). At src/baseline/minas.c:560
Reclassified 402
	[  0] k-Means 8.800000e+06 -> 9.367581e+02 (-8.799063e+06)
	[  1] k-Means 9.367581e+02 -> 5.646915e+02 (-3.720665e+02)
	[  2] k-Means 5.646915e+02 -> 5.036902e+02 (-6.100135e+01)
	[  3] k-Means 5.036902e+02 -> 4.813403e+02 (-2.234987e+01)
	[  4] k-Means 4.813403e+02 -> 4.681717e+02 (-1.316863e+01)
	[  5] k-Means 4.681717e+02 -> 4.647873e+02 (-3.384404e+00)
	[  6] k-Means 4.647873e+02 -> 4.629376e+02 (-1.849670e+00)
	[  7] k-Means 4.629376e+02 -> 4.616407e+02 (-1.296953e+00)
	[  8] k-Means 4.616407e+02 -> 4.602551e+02 (-1.385548e+00)
	[  9] k-Means 4.602551e+02 -> 4.587916e+02 (-1.463511e+00)
	[ 10] k-Means 4.587916e+02 -> 4.586695e+02 (-1.221065e-01)
	[ 11] k-Means 4.586695e+02 -> 4.584719e+02 (-1.976440e-01)
	[ 12] k-Means 4.584719e+02 -> 4.574698e+02 (-1.002101e+00)
	[ 13] k-Means 4.574698e+02 -> 4.553455e+02 (-2.124235e+00)
	[ 14] k-Means 4.553455e+02 -> 4.542201e+02 (-1.125429e+00)
	[ 15] k-Means 4.542201e+02 -> 4.539325e+02 (-2.875995e-01)
	[ 16] k-Means 4.539325e+02 -> 4.536120e+02 (-3.204606e-01)
	[ 17] k-Means 4.536120e+02 -> 4.533460e+02 (-2.660169e-01)
	[ 18] k-Means 4.533460e+02 -> 4.533460e+02 (+0.000000e+00)
[./bin/minas] 3.764800e-01 seconds for kMeans(2000). At src/baseline/minas.c:138
[./bin/minas] 3.970750e-01 seconds for noveltyDetection(2000). At src/baseline/minas.c:560
Reclassified 411
	[  0] k-Means 8.800000e+06 -> 8.829726e+02 (-8.799117e+06)
	[  1] k-Means 8.829726e+02 -> 6.143548e+02 (-2.686177e+02)
	[  2] k-Means 6.143548e+02 -> 5.459436e+02 (-6.841125e+01)
	[  3] k-Means 5.459436e+02 -> 5.180204e+02 (-2.792321e+01)
	[  4] k-Means 5.180204e+02 -> 5.101919e+02 (-7.828466e+00)
	[  5] k-Means 5.101919e+02 -> 5.053751e+02 (-4.816840e+00)
	[  6] k-Means 5.053751e+02 -> 5.031545e+02 (-2.220585e+00)
	[  7] k-Means 5.031545e+02 -> 5.007576e+02 (-2.396925e+00)
	[  8] k-Means 5.007576e+02 -> 4.997002e+02 (-1.057331e+00)
	[  9] k-Means 4.997002e+02 -> 4.989246e+02 (-7.755881e-01)
	[ 10] k-Means 4.989246e+02 -> 4.984797e+02 (-4.449402e-01)
	[ 11] k-Means 4.984797e+02 -> 4.981897e+02 (-2.900088e-01)
	[ 12] k-Means 4.981897e+02 -> 4.981067e+02 (-8.297951e-02)
	[ 13] k-Means 4.981067e+02 -> 4.981067e+02 (+0.000000e+00)
[./bin/minas] 2.768820e-01 seconds for kMeans(2000). At src/baseline/minas.c:138
[./bin/minas] 2.990110e-01 seconds for noveltyDetection(2000). At src/baseline/minas.c:560
Reclassified 255
	[  0] k-Means 8.800000e+06 -> 8.641149e+02 (-8.799136e+06)
	[  1] k-Means 8.641149e+02 -> 6.039152e+02 (-2.601998e+02)
	[  2] k-Means 6.039152e+02 -> 5.287411e+02 (-7.517406e+01)
	[  3] k-Means 5.287411e+02 -> 5.152206e+02 (-1.352053e+01)
	[  4] k-Means 5.152206e+02 -> 5.049053e+02 (-1.031524e+01)
	[  5] k-Means 5.049053e+02 -> 4.998370e+02 (-5.068321e+00)
	[  6] k-Means 4.998370e+02 -> 4.945416e+02 (-5.295464e+00)
	[  7] k-Means 4.945416e+02 -> 4.921539e+02 (-2.387686e+00)
	[  8] k-Means 4.921539e+02 -> 4.917401e+02 (-4.138001e-01)
	[  9] k-Means 4.917401e+02 -> 4.913087e+02 (-4.313578e-01)
	[ 10] k-Means 4.913087e+02 -> 4.912290e+02 (-7.974539e-02)
	[ 11] k-Means 4.912290e+02 -> 4.909130e+02 (-3.159615e-01)
	[ 12] k-Means 4.909130e+02 -> 4.899201e+02 (-9.929173e-01)
	[ 13] k-Means 4.899201e+02 -> 4.899201e+02 (+0.000000e+00)
[./bin/minas] 2.718530e-01 seconds for kMeans(2000). At src/baseline/minas.c:138
[./bin/minas] 2.940390e-01 seconds for noveltyDetection(2000). At src/baseline/minas.c:560
Reclassified 413
	[  0] k-Means 8.800000e+06 -> 1.033247e+03 (-8.798967e+06)
	[  1] k-Means 1.033247e+03 -> 7.138696e+02 (-3.193775e+02)
	[  2] k-Means 7.138696e+02 -> 6.476608e+02 (-6.620885e+01)
	[  3] k-Means 6.476608e+02 -> 6.236845e+02 (-2.397623e+01)
	[  4] k-Means 6.236845e+02 -> 5.998785e+02 (-2.380607e+01)
	[  5] k-Means 5.998785e+02 -> 5.908895e+02 (-8.988998e+00)
	[  6] k-Means 5.908895e+02 -> 5.879614e+02 (-2.928093e+00)
	[  7] k-Means 5.879614e+02 -> 5.875762e+02 (-3.852192e-01)
	[  8] k-Means 5.875762e+02 -> 5.876089e+02 (+3.273219e-02)
	[  9] k-Means 5.876089e+02 -> 5.877167e+02 (+1.077936e-01)
	[ 10] k-Means 5.877167e+02 -> 5.877167e+02 (+0.000000e+00)
[./bin/minas] 2.168810e-01 seconds for kMeans(2000). At src/baseline/minas.c:138
[./bin/minas] 2.386810e-01 seconds for noveltyDetection(2000). At src/baseline/minas.c:560
Reclassified 428
	[  0] k-Means 8.800000e+06 -> 1.004361e+03 (-8.798996e+06)
	[  1] k-Means 1.004361e+03 -> 6.322270e+02 (-3.721338e+02)
	[  2] k-Means 6.322270e+02 -> 5.605318e+02 (-7.169518e+01)
	[  3] k-Means 5.605318e+02 -> 5.349431e+02 (-2.558868e+01)
	[  4] k-Means 5.349431e+02 -> 5.222885e+02 (-1.265458e+01)
	[  5] k-Means 5.222885e+02 -> 5.157711e+02 (-6.517401e+00)
	[  6] k-Means 5.157711e+02 -> 5.091776e+02 (-6.593524e+00)
	[  7] k-Means 5.091776e+02 -> 4.997659e+02 (-9.411660e+00)
	[  8] k-Means 4.997659e+02 -> 4.960687e+02 (-3.697259e+00)
	[  9] k-Means 4.960687e+02 -> 4.934475e+02 (-2.621140e+00)
	[ 10] k-Means 4.934475e+02 -> 4.913687e+02 (-2.078877e+00)
	[ 11] k-Means 4.913687e+02 -> 4.902377e+02 (-1.131005e+00)
	[ 12] k-Means 4.902377e+02 -> 4.883804e+02 (-1.857295e+00)
	[ 13] k-Means 4.883804e+02 -> 4.873448e+02 (-1.035592e+00)
	[ 14] k-Means 4.873448e+02 -> 4.865871e+02 (-7.576856e-01)
	[ 15] k-Means 4.865871e+02 -> 4.856363e+02 (-9.508141e-01)
	[ 16] k-Means 4.856363e+02 -> 4.846433e+02 (-9.930080e-01)
	[ 17] k-Means 4.846433e+02 -> 4.839518e+02 (-6.914147e-01)
	[ 18] k-Means 4.839518e+02 -> 4.824653e+02 (-1.486570e+00)
	[ 19] k-Means 4.824653e+02 -> 4.798615e+02 (-2.603788e+00)
	[ 20] k-Means 4.798615e+02 -> 4.770027e+02 (-2.858752e+00)
	[ 21] k-Means 4.770027e+02 -> 4.757674e+02 (-1.235332e+00)
	[ 22] k-Means 4.757674e+02 -> 4.751699e+02 (-5.975249e-01)
	[ 23] k-Means 4.751699e+02 -> 4.746447e+02 (-5.252131e-01)
	[ 24] k-Means 4.746447e+02 -> 4.741537e+02 (-4.909290e-01)
	[ 25] k-Means 4.741537e+02 -> 4.740410e+02 (-1.127435e-01)
	[ 26] k-Means 4.740410e+02 -> 4.738738e+02 (-1.671904e-01)
	[ 27] k-Means 4.738738e+02 -> 4.739190e+02 (+4.522155e-02)
	[ 28] k-Means 4.739190e+02 -> 4.739763e+02 (+5.729897e-02)
	[ 29] k-Means 4.739763e+02 -> 4.739759e+02 (-3.772909e-04)
	[ 30] k-Means 4.739759e+02 -> 4.739608e+02 (-1.512000e-02)
	[ 31] k-Means 4.739608e+02 -> 4.732574e+02 (-7.034109e-01)
	[ 32] k-Means 4.732574e+02 -> 4.693762e+02 (-3.881174e+00)
	[ 33] k-Means 4.693762e+02 -> 4.691425e+02 (-2.337763e-01)
	[ 34] k-Means 4.691425e+02 -> 4.691185e+02 (-2.397728e-02)
	[ 35] k-Means 4.691185e+02 -> 4.691277e+02 (+9.254942e-03)
	[ 36] k-Means 4.691277e+02 -> 4.691277e+02 (+0.000000e+00)
[./bin/minas] 7.107510e-01 seconds for kMeans(2000). At src/baseline/minas.c:138
[./bin/minas] 7.332530e-01 seconds for noveltyDetection(2000). At src/baseline/minas.c:560
Reclassified 443
	[  0] k-Means 8.800000e+06 -> 1.059550e+03 (-8.798940e+06)
	[  1] k-Means 1.059550e+03 -> 7.837865e+02 (-2.757639e+02)
	[  2] k-Means 7.837865e+02 -> 6.852571e+02 (-9.852942e+01)
	[  3] k-Means 6.852571e+02 -> 6.444040e+02 (-4.085305e+01)
	[  4] k-Means 6.444040e+02 -> 6.269097e+02 (-1.749431e+01)
	[  5] k-Means 6.269097e+02 -> 6.211900e+02 (-5.719701e+00)
	[  6] k-Means 6.211900e+02 -> 6.178812e+02 (-3.308821e+00)
	[  7] k-Means 6.178812e+02 -> 6.154872e+02 (-2.394037e+00)
	[  8] k-Means 6.154872e+02 -> 6.135519e+02 (-1.935285e+00)
	[  9] k-Means 6.135519e+02 -> 6.126778e+02 (-8.740676e-01)
	[ 10] k-Means 6.126778e+02 -> 6.118746e+02 (-8.032525e-01)
	[ 11] k-Means 6.118746e+02 -> 6.114674e+02 (-4.071784e-01)
	[ 12] k-Means 6.114674e+02 -> 6.113113e+02 (-1.560568e-01)
	[ 13] k-Means 6.113113e+02 -> 6.105951e+02 (-7.162290e-01)
	[ 14] k-Means 6.105951e+02 -> 6.105345e+02 (-6.062493e-02)
	[ 15] k-Means 6.105345e+02 -> 6.104387e+02 (-9.581011e-02)
	[ 16] k-Means 6.104387e+02 -> 6.098382e+02 (-6.004912e-01)
	[ 17] k-Means 6.098382e+02 -> 6.092936e+02 (-5.445976e-01)
	[ 18] k-Means 6.092936e+02 -> 6.090684e+02 (-2.251732e-01)
	[ 19] k-Means 6.090684e+02 -> 6.090160e+02 (-5.237426e-02)
	[ 20] k-Means 6.090160e+02 -> 6.090062e+02 (-9.876410e-03)
	[ 21] k-Means 6.090062e+02 -> 6.089764e+02 (-2.971481e-02)
	[ 22] k-Means 6.089764e+02 -> 6.089764e+02 (+0.000000e+00)
[./bin/minas] 4.399170e-01 seconds for kMeans(2000). At src/baseline/minas.c:138
[./bin/minas] 4.612490e-01 seconds for noveltyDetection(2000). At src/baseline/minas.c:560
Reclassified 310
	[  0] k-Means 8.800000e+06 -> 1.096744e+03 (-8.798903e+06)
	[  1] k-Means 1.096744e+03 -> 8.336952e+02 (-2.630492e+02)
	[  2] k-Means 8.336952e+02 -> 7.053844e+02 (-1.283108e+02)
	[  3] k-Means 7.053844e+02 -> 6.886536e+02 (-1.673076e+01)
	[  4] k-Means 6.886536e+02 -> 6.732261e+02 (-1.542755e+01)
	[  5] k-Means 6.732261e+02 -> 6.679280e+02 (-5.298071e+00)
	[  6] k-Means 6.679280e+02 -> 6.617026e+02 (-6.225436e+00)
	[  7] k-Means 6.617026e+02 -> 6.538406e+02 (-7.862020e+00)
	[  8] k-Means 6.538406e+02 -> 6.518181e+02 (-2.022420e+00)
	[  9] k-Means 6.518181e+02 -> 6.505777e+02 (-1.240387e+00)
	[ 10] k-Means 6.505777e+02 -> 6.501965e+02 (-3.812351e-01)
	[ 11] k-Means 6.501965e+02 -> 6.500711e+02 (-1.254114e-01)
	[ 12] k-Means 6.500711e+02 -> 6.500554e+02 (-1.573496e-02)
	[ 13] k-Means 6.500554e+02 -> 6.498737e+02 (-1.817024e-01)
	[ 14] k-Means 6.498737e+02 -> 6.495080e+02 (-3.656320e-01)
	[ 15] k-Means 6.495080e+02 -> 6.490721e+02 (-4.358877e-01)
	[ 16] k-Means 6.490721e+02 -> 6.476423e+02 (-1.429867e+00)
	[ 17] k-Means 6.476423e+02 -> 6.467572e+02 (-8.851103e-01)
	[ 18] k-Means 6.467572e+02 -> 6.465105e+02 (-2.466252e-01)
	[ 19] k-Means 6.465105e+02 -> 6.464438e+02 (-6.669390e-02)
	[ 20] k-Means 6.464438e+02 -> 6.464438e+02 (+0.000000e+00)
[./bin/minas] 4.030580e-01 seconds for kMeans(2000). At src/baseline/minas.c:138
[./bin/minas] 4.322640e-01 seconds for noveltyDetection(2000). At src/baseline/minas.c:560
Reclassified 203
	[  0] k-Means 8.800000e+06 -> 9.893404e+02 (-8.799011e+06)
	[  1] k-Means 9.893404e+02 -> 7.726092e+02 (-2.167313e+02)
	[  2] k-Means 7.726092e+02 -> 7.099680e+02 (-6.264119e+01)
	[  3] k-Means 7.099680e+02 -> 6.945640e+02 (-1.540394e+01)
	[  4] k-Means 6.945640e+02 -> 6.803333e+02 (-1.423076e+01)
	[  5] k-Means 6.803333e+02 -> 6.704724e+02 (-9.860832e+00)
	[  6] k-Means 6.704724e+02 -> 6.624957e+02 (-7.976757e+00)
	[  7] k-Means 6.624957e+02 -> 6.604165e+02 (-2.079226e+00)
	[  8] k-Means 6.604165e+02 -> 6.601361e+02 (-2.803531e-01)
	[  9] k-Means 6.601361e+02 -> 6.571522e+02 (-2.983872e+00)
	[ 10] k-Means 6.571522e+02 -> 6.571810e+02 (+2.881243e-02)
	[ 11] k-Means 6.571810e+02 -> 6.572853e+02 (+1.042334e-01)
	[ 12] k-Means 6.572853e+02 -> 6.573718e+02 (+8.648651e-02)
	[ 13] k-Means 6.573718e+02 -> 6.573718e+02 (+0.000000e+00)
[./bin/minas] 2.647270e-01 seconds for kMeans(2000). At src/baseline/minas.c:138
[./bin/minas] 2.874230e-01 seconds for noveltyDetection(2000). At src/baseline/minas.c:560
Reclassified 189
	[  0] k-Means 8.800000e+06 -> 1.074304e+03 (-8.798926e+06)
	[  1] k-Means 1.074304e+03 -> 8.400110e+02 (-2.342935e+02)
	[  2] k-Means 8.400110e+02 -> 7.564008e+02 (-8.361026e+01)
	[  3] k-Means 7.564008e+02 -> 7.390287e+02 (-1.737205e+01)
	[  4] k-Means 7.390287e+02 -> 7.307094e+02 (-8.319316e+00)
	[  5] k-Means 7.307094e+02 -> 7.242800e+02 (-6.429415e+00)
	[  6] k-Means 7.242800e+02 -> 7.205434e+02 (-3.736563e+00)
	[  7] k-Means 7.205434e+02 -> 7.095502e+02 (-1.099318e+01)
	[  8] k-Means 7.095502e+02 -> 7.045751e+02 (-4.975094e+00)
	[  9] k-Means 7.045751e+02 -> 7.037198e+02 (-8.553521e-01)
	[ 10] k-Means 7.037198e+02 -> 7.035065e+02 (-2.133026e-01)
	[ 11] k-Means 7.035065e+02 -> 7.034452e+02 (-6.126017e-02)
	[ 12] k-Means 7.034452e+02 -> 7.034400e+02 (-5.264613e-03)
	[ 13] k-Means 7.034400e+02 -> 7.033185e+02 (-1.214169e-01)
	[ 14] k-Means 7.033185e+02 -> 7.033257e+02 (+7.130621e-03)
	[ 15] k-Means 7.033257e+02 -> 7.033333e+02 (+7.598080e-03)
	[ 16] k-Means 7.033333e+02 -> 7.033547e+02 (+2.143722e-02)
	[ 17] k-Means 7.033547e+02 -> 7.032625e+02 (-9.222236e-02)
	[ 18] k-Means 7.032625e+02 -> 7.032320e+02 (-3.044799e-02)
	[ 19] k-Means 7.032320e+02 -> 7.032650e+02 (+3.293309e-02)
	[ 20] k-Means 7.032650e+02 -> 7.033702e+02 (+1.052023e-01)
	[ 21] k-Means 7.033702e+02 -> 7.033702e+02 (+0.000000e+00)
[./bin/minas] 4.411990e-01 seconds for kMeans(2000). At src/baseline/minas.c:138
[./bin/minas] 4.626650e-01 seconds for noveltyDetection(2000). At src/baseline/minas.c:560
Reclassified 65
	[  0] k-Means 1.526360e+07 -> 1.869299e+03 (-1.526173e+07)
	[  1] k-Means 1.869299e+03 -> 1.115288e+03 (-7.540104e+02)
	[  2] k-Means 1.115288e+03 -> 9.829840e+02 (-1.323043e+02)
	[  3] k-Means 9.829840e+02 -> 9.289945e+02 (-5.398954e+01)
	[  4] k-Means 9.289945e+02 -> 9.133828e+02 (-1.561168e+01)
	[  5] k-Means 9.133828e+02 -> 9.033933e+02 (-9.989525e+00)
	[  6] k-Means 9.033933e+02 -> 8.989154e+02 (-4.477920e+00)
	[  7] k-Means 8.989154e+02 -> 8.968468e+02 (-2.068525e+00)
	[  8] k-Means 8.968468e+02 -> 8.951678e+02 (-1.679096e+00)
	[  9] k-Means 8.951678e+02 -> 8.933506e+02 (-1.817150e+00)
	[ 10] k-Means 8.933506e+02 -> 8.916142e+02 (-1.736437e+00)
	[ 11] k-Means 8.916142e+02 -> 8.910303e+02 (-5.838810e-01)
	[ 12] k-Means 8.910303e+02 -> 8.910673e+02 (+3.705311e-02)
	[ 13] k-Means 8.910673e+02 -> 8.910459e+02 (-2.144020e-02)
	[ 14] k-Means 8.910459e+02 -> 8.906411e+02 (-4.048301e-01)
	[ 15] k-Means 8.906411e+02 -> 8.901769e+02 (-4.642094e-01)
	[ 16] k-Means 8.901769e+02 -> 8.893504e+02 (-8.264809e-01)
	[ 17] k-Means 8.893504e+02 -> 8.881102e+02 (-1.240221e+00)
	[ 18] k-Means 8.881102e+02 -> 8.879328e+02 (-1.773922e-01)
	[ 19] k-Means 8.879328e+02 -> 8.876475e+02 (-2.852869e-01)
	[ 20] k-Means 8.876475e+02 -> 8.875770e+02 (-7.051002e-02)
	[ 21] k-Means 8.875770e+02 -> 8.875443e+02 (-3.267833e-02)
	[ 22] k-Means 8.875443e+02 -> 8.875611e+02 (+1.683958e-02)
	[ 23] k-Means 8.875611e+02 -> 8.875253e+02 (-3.582950e-02)
	[ 24] k-Means 8.875253e+02 -> 8.874546e+02 (-7.074610e-02)
	[ 25] k-Means 8.874546e+02 -> 8.875011e+02 (+4.652415e-02)
	[ 26] k-Means 8.875011e+02 -> 8.875037e+02 (+2.615575e-03)
	[ 27] k-Means 8.875037e+02 -> 8.875284e+02 (+2.474753e-02)
	[ 28] k-Means 8.875284e+02 -> 8.875610e+02 (+3.251216e-02)
	[ 29] k-Means 8.875610e+02 -> 8.874816e+02 (-7.937877e-02)
	[ 30] k-Means 8.874816e+02 -> 8.873897e+02 (-9.183053e-02)
	[ 31] k-Means 8.873897e+02 -> 8.865534e+02 (-8.363734e-01)
	[ 32] k-Means 8.865534e+02 -> 8.857850e+02 (-7.683468e-01)
	[ 33] k-Means 8.857850e+02 -> 8.855446e+02 (-2.404551e-01)
	[ 34] k-Means 8.855446e+02 -> 8.851554e+02 (-3.891188e-01)
	[ 35] k-Means 8.851554e+02 -> 8.848491e+02 (-3.063950e-01)
	[ 36] k-Means 8.848491e+02 -> 8.847822e+02 (-6.681963e-02)
	[ 37] k-Means 8.847822e+02 -> 8.847648e+02 (-1.742599e-02)
	[ 38] k-Means 8.847648e+02 -> 8.847648e+02 (+0.000000e+00)
[./bin/minas] 1.387169e+00 seconds for kMeans(3469). At src/baseline/minas.c:138
[./bin/minas] 1.426371e+00 seconds for noveltyDetection(3469). At src/baseline/minas.c:560
Final flush 1458
[./bin/minas] 3.406277e+01 seconds for minasOnline(653457). At src/baseline/minas.c:633

  13015 -
    683 0
    324 1
     16 10
     94 11
     17 12
     29 13
     66 14
    132 2
    379 3
     37 4
    501 5
      1 6
    300 7
     28 8
    203 9
      1 label
 648636 N

src/minas/evaluate.py
	examplesFN = datasets/test.csv
	matchesFN = out/baseline.csv
	minasMatches = out/og/2020-07-20T12-18-21.758/matches.csv
	modelFN = datasets/model-clean.csv
	mfogModelFN = out/model.csv
	outputDir = out/

Count per class
           id
class        
A      447179
N      206278
### Reference

saving out/hits_Reference.png
Confusion Matrix
Classes (act)       A       N assigned    hits
Labels (pred)                                 
-                3774    8206        -       0
1                 123       0        A     123
10               3520    5130        N    5130
11                 71     289        N     289
12                 26       0        A      26
2                 152      82        A     152
3                 368      44        A     368
4                   8       0        A       8
5                  82       1        A      82
6                 165       0        A     165
7                   8     396        N     396
8                1054     183        A    1054
9                 161     154        A     161
N              441395  199715        N  199715
Classes           ['A' 'N']
Initial labels    ['-', 'N']
Labels            ['-', '1', '10', '11', '12', '2', '3', '4', '5', '6', '7', '8', '9', 'N'] 14
Total examples    (653457, 25)
Total matches     (665107, 9)
Hits               207669 ( 31.223397%)
Misses             445458 ( 66.975389%)
Unknowns            11980 (  1.801214%)
Unk. reprocessed    11650 ( 97.245409%)
Total              665107 (100.000000%)

### Baseline

saving out/hits_Baseline.png
Confusion Matrix
Classes (act)       A       N assigned    hits
Labels (pred)                                 
-                9976    3039        -       0
0                 621      62        A     621
1                 324       0        A     324
10                  0      16        N      16
11                 94       0        A      94
12                  0      17        N      17
13                  2      27        N      27
14                  7      59        N      59
2                 132       0        A     132
3                 341      38        A     341
4                  37       0        A      37
5                 465      36        A     465
6                   1       0        A       1
7                 295       5        A     295
8                   0      28        N      28
9                   0     203        N     203
N              443799  204837        N  204837
Classes           ['A' 'N']
Initial labels    ['-', 'N']
Labels            ['-', '0', '1', '10', '11', '12', '13', '14', '2', '3', '4', '5', '6', '7', '8', '9', 'N'] 17
Total examples    (653457, 25)
Total matches     (664461, 3)
Hits               207497 ( 31.227867%)
Misses             443949 ( 66.813402%)
Unknowns            13015 (  1.958730%)
Unk. reprocessed    11004 ( 84.548598%)
Total              664461 (100.000000%)

### Diff

