docker run -it --rm --name my-maven-project -v "$(pwd)":/usr/src/mymaven -w /usr/src/mymaven maven:3.3-jdk-8 bash

/usr/src/mymaven# history
    1  ls
    2  sbt
    3  mvn clean install
    4  curl -s "https://get.sdkman.io" | bash
    5  apt
    6  apt update
    7  apt install zip
    8  apt install curl wget unzip zip
    9  curl -s "https://get.sdkman.io" | bash
   10  ource "$HOME/.sdkman/bin/sdkman-init.sh"
   11  source "$HOME/.sdkman/bin/sdkman-init.sh"
   12  sdk list java
   13  sdk install java 11.0.4.hs-adpt
   14  sdk install java 11.0.5.hs-adpt
   15  sdk install sbt
   16  javac -version
   17  ls
   18  cd ..
   19  ls
   20  mkdir sbt
   21  cd sbt/
   22  cd ../mymaven/
   23  mkdir sbgt
   24  cd sbgt/
   25  ls
   26  sbt new scala/hello-world.g8
   27  ls
   28  sbt new scala/hello-world.g8
   29  ls
   30  rm helhellhealksdjfçasdkf/
   31  rm -rf helhellhealksdjfçasdkf/
   32  cd helloworld/
   33  sbt
   34  cd ../../
   35  sbt assembly
   36  mv /usr/src/mymaven/target/scala-2.11/Flink Project-assembly-0.1-SNAPSHOT.jar fat.jar
   37  cp "/usr/src/mymaven/target/scala-2.11/Flink Project-assembly-0.1-SNAPSHOT.jar" fat.jar
   38  ls
   39  history


Label 'dos' contains 10825 data points.
[dos] Running kmeansInitByFarthest.
Label 'normal' contains 37966 data points.
[normal] Running kmeansInitByFarthest.
Iter 10, var 2132.027735943855 -> 4.225468139653628 (503.5660422654666 improvement, 1.0E-5 goal).
Iter 9, var 4.225468139653628 -> 3.994086738784252 (0.057930990487153444 improvement, 1.0E-5 goal).
[dos] Running kmeanspp [1].
Iter 10, var 1875.7979906582873 -> 3.982646962817757 (469.9927864987421 improvement, 1.0E-5 goal).
Iter 9, var 3.982646962817757 -> 3.9939818610158087 (-0.002837994410712974 improvement, 1.0E-5 goal).
[dos] Running kmeanspp [2].
Iter 10, var 1841.2234282477157 -> 3.9983348785242523 (459.4975531532501 improvement, 1.0E-5 goal).
Iter 9, var 3.9983348785242523 -> 3.9932437858738803 (0.0012749265818385869 improvement, 1.0E-5 goal).
[dos] Running kmeanspp [3].
Iter 10, var 25027.665913452794 -> 4.037066565633863 (6198.468229358557 improvement, 1.0E-5 goal).
Iter 9, var 4.037066565633863 -> 4.033839031525893 (8.001147499305805E-4 improvement, 1.0E-5 goal).
[normal] Running kmeanspp [1].
Iter 10, var 2132.027735943855 -> 4.225468139653628 (503.5660422654666 improvement, 1.0E-5 goal).
Iter 9, var 4.225468139653628 -> 3.994086738784252 (0.057930990487153444 improvement, 1.0E-5 goal).
[dos] Running byZeroDistance [1].
rangeInclusive NumericRange(1.0935205732218674, 1.1090428806002988, 1.1245651879787302, 1.1400874953571616, 1.155609802735593, 1.1711321101140244, 1.1866544174924558, 1.2021767248708872, 1.2176990322493186, 1.23322133962775, 1.2487436470061815, 1.2642659543846129, 1.2797882617630443, 1.2953105691414757, 1.310832876519907, 1.3263551838983385, 1.34187749127677, 1.3573997986552013, 1.3729221060336327, 1.3884444134120641, 1.4039667207904956, 1.419489028168927, 1.4350113355473584, 1.4505336429257898, 1.4660559503042212, 1.4815782576826526, 1.497100565061084, 1.5126228724395154, 1.5281451798179468, 1.5436674871963783, 1.5591897945748097, 1.574712101953241, 1.5902344093316725, 1.605756716710104, 1.6212790240885353, 1.6368013314669667, 1.6523236388453981, 1.6678459462238295, 1.683368253602261, 1.6988905609806924, 1.7144128683591238, 1.7299351757375552, 1.7454574831159866, 1.760979790494418, 1.7765020978728494, 1.7920244052512808, 1.8075467126297122, 1.8230690200081436, 1.838591327386575, 1.8541136347650065, 1.8696359421434379, 1.8851582495218693, 1.9006805569003007, 1.916202864278732, 1.9317251716571635, 1.947247479035595, 1.9627697864140263, 1.9782920937924577, 1.9938144011708892, 2.009336708549321, 2.024859015927752, 2.0403813233061836, 2.055903630684615, 2.0714259380630464, 2.086948245441478, 2.1024705528199092, 2.1179928601983407, 2.133515167576772, 2.1490374749552035, 2.164559782333635, 2.1800820897120663, 2.1956043970904977, 2.211126704468929, 2.2266490118473605, 2.242171319225792, 2.2576936266042233, 2.2732159339826548, 2.288738241361086, 2.3042605487395176, 2.319782856117949, 2.3353051634963804, 2.350827470874812, 2.366349778253243, 2.3818720856316746, 2.397394393010106, 2.4129167003885374, 2.428439007766969, 2.4439613151454003, 2.4594836225238317, 2.475005929902263, 2.4905282372806945, 2.506050544659126, 2.5215728520375573, 2.5370951594159887, 2.55261746679442, 2.5681397741728516, 2.583662081551283, 2.5991843889297144, 2.614706696308146, 2.630229003686577, 2.6457513110650086)
Iter 10, var 24800.53553092931 -> 4.033839031525893 (6147.122257012306 improvement, 1.0E-5 goal).
Iter 9, var 4.033839031525893 -> 4.033839031525893 (0.0 improvement, 1.0E-5 goal).
[normal] Running kmeanspp [2].
Iter 10, var 24798.679572052806 -> 3.7514975502345944 (6609.341400996532 improvement, 1.0E-5 goal).
Iter 9, var 3.7514975502345944 -> 4.033839031525893 (-0.06999324442167854 improvement, 1.0E-5 goal).
[normal] Running kmeanspp [3].
Iter 10, var 25027.665913452794 -> 4.037066565633863 (6198.468229358557 improvement, 1.0E-5 goal).
Iter 9, var 4.037066565633863 -> 4.033839031525893 (8.001147499305805E-4 improvement, 1.0E-5 goal).
[normal] Running byZeroDistance [1].
rangeInclusive NumericRange(0.7813163827415541, 0.8036630175323514, 0.8260096523231486, 0.8483562871139458, 0.8707029219047431, 0.8930495566955403, 0.9153961914863376, 0.9377428262771348, 0.960089461067932, 0.9824360958587293, 1.0047827306495265, 1.0271293654403237, 1.049476000231121, 1.0718226350219182, 1.0941692698127155, 1.1165159046035127, 1.13886253939431, 1.1612091741851072, 1.1835558089759044, 1.2059024437667016, 1.2282490785574989, 1.2505957133482961, 1.2729423481390933, 1.2952889829298906, 1.3176356177206878, 1.339982252511485, 1.3623288873022823, 1.3846755220930795, 1.4070221568838768, 1.429368791674674, 1.4517154264654712, 1.4740620612562685, 1.4964086960470657, 1.518755330837863, 1.5411019656286602, 1.5634486004194574, 1.5857952352102547, 1.608141870001052, 1.6304885047918491, 1.6528351395826464, 1.6751817743734436, 1.6975284091642409, 1.719875043955038, 1.7422216787458353, 1.7645683135366326, 1.7869149483274298, 1.809261583118227, 1.8316082179090243, 1.8539548526998215, 1.8763014874906188, 1.898648122281416, 1.9209947570722132, 1.9433413918630105, 1.9656880266538077, 1.988034661444605, 2.010381296235402, 2.032727931026199, 2.055074565816996, 2.0774212006077932, 2.0997678353985902, 2.1221144701893873, 2.1444611049801843, 2.1668077397709813, 2.1891543745617783, 2.2115010093525753, 2.2338476441433723, 2.2561942789341694, 2.2785409137249664, 2.3008875485157634, 2.3232341833065604, 2.3455808180973574, 2.3679274528881544, 2.3902740876789514, 2.4126207224697485, 2.4349673572605455, 2.4573139920513425, 2.4796606268421395, 2.5020072616329365, 2.5243538964237335, 2.5467005312145305, 2.5690471660053276, 2.5913938007961246, 2.6137404355869216, 2.6360870703777186, 2.6584337051685156, 2.6807803399593126, 2.7031269747501097, 2.7254736095409067, 2.7478202443317037, 2.7701668791225007, 2.7925135139132977, 2.8148601487040947, 2.8372067834948917, 2.8595534182856888, 2.881900053076486, 2.904246687867283, 2.92659332265808, 2.948939957448877, 2.971286592239674, 2.993633227030471, 3.015979861821268)


MinasKddCassales$               - Label 'dos' contains 3947 data points.
kmeans.KMeansVector$            - [dos] Running kmeansInitByFarthest.
MinasKddCassales$               - Label 'normal' contains 25092 data points.
kmeans.KMeansVector$            - [normal] Running kmeansInitByFarthest.
kmeans.KMeansVector$            - Iter 10, var 2076.777871887003 -> 4.0451073855482065 (512.4048800055654 improvement, 1.0E-5 goal).
kmeans.KMeansVector$            - Iter 9, var 4.0451073855482065 -> 3.983704136039286 (0.015413606887475728 improvement, 1.0E-5 goal).
kmeans.KMeansVector$            - Iter 8, var 3.983704136039286 -> 3.983201369854077 (1.2622163393860575E-4 improvement, 1.0E-5 goal).
kmeans.KMeansVector$            - Iter 7, var 3.983201369854077 -> 3.983201369854077 (0.0 improvement, 1.0E-5 goal).
kmeans.KMeansVector$            - [dos] Running kmeanspp [1].
kmeans.KMeansVector$            - Iter 10, var 2072.501685986175 -> 4.059430758372015 (509.5399769935542 improvement, 1.0E-5 goal).
kmeans.KMeansVector$            - Iter 9, var 4.059430758372015 -> 3.983704136039286 (0.019009098001946167 improvement, 1.0E-5 goal).
kmeans.KMeansVector$            - Iter 8, var 3.983704136039286 -> 3.983201369854077 (1.2622163393860575E-4 improvement, 1.0E-5 goal).
kmeans.KMeansVector$            - Iter 7, var 3.983201369854077 -> 3.983201369854077 (0.0 improvement, 1.0E-5 goal).
kmeans.KMeansVector$            - [dos] Running kmeanspp [2].
kmeans.KMeansVector$            - Iter 10, var 1783.39319741876 -> 3.7997966696229764 (468.3391127151317 improvement, 1.0E-5 goal).
kmeans.KMeansVector$            - Iter 9, var 3.7997966696229764 -> 3.983704136039286 (-0.04616494100366497 improvement, 1.0E-5 goal).
kmeans.KMeansVector$            - [dos] Running kmeanspp [3].
kmeans.KMeansVector$            - Iter 10, var 2076.777871887003 -> 4.0451073855482065 (512.4048800055654 improvement, 1.0E-5 goal).
kmeans.KMeansVector$            - Iter 9, var 4.0451073855482065 -> 3.983704136039286 (0.015413606887475728 improvement, 1.0E-5 goal).
kmeans.KMeansVector$            - Iter 8, var 3.983704136039286 -> 3.983201369854077 (1.2622163393860575E-4 improvement, 1.0E-5 goal).
kmeans.KMeansVector$            - Iter 7, var 3.983201369854077 -> 3.983201369854077 (0.0 improvement, 1.0E-5 goal).
kmeans.KMeansVector$            - [dos] Got best result with kmeansInitByFarthest algorithm with 3.983201369854077 variance.
kmeans.KMeansVector$            - Iter 10, var 17240.73300433642 -> 3.743140057219991 (4604.954557078748 improvement, 1.0E-5 goal).
kmeans.KMeansVector$            - Iter 9, var 3.743140057219991 -> 3.7476083038601304 (-0.0011922928646350694 improvement, 1.0E-5 goal).
kmeans.KMeansVector$            - [normal] Running kmeanspp [1].
kmeans.KMeansVector$            - Iter 10, var 17240.73300433642 -> 3.743140057219991 (4604.954557078748 improvement, 1.0E-5 goal).
kmeans.KMeansVector$            - Iter 9, var 3.743140057219991 -> 3.7476083038601304 (-0.0011922928646350694 improvement, 1.0E-5 goal).
kmeans.KMeansVector$            - [normal] Running kmeanspp [2].
kmeans.KMeansVector$            - Iter 10, var 16995.79773878764 -> 3.7476083038601304 (4534.105155275044 improvement, 1.0E-5 goal).
kmeans.KMeansVector$            - Iter 9, var 3.7476083038601304 -> 3.7476083038601304 (0.0 improvement, 1.0E-5 goal).
kmeans.KMeansVector$            - [normal] Running kmeanspp [3].
kmeans.KMeansVector$            - Iter 10, var 17002.738847951303 -> 3.7476083038601304 (4535.957298989347 improvement, 1.0E-5 goal).
kmeans.KMeansVector$            - Iter 9, var 3.7476083038601304 -> 3.7476083038601304 (0.0 improvement, 1.0E-5 goal).
kmeans.KMeansVector$            - [normal] Got best result with kmeansInitByFarthest algorithm with 3.7476083038601304 variance.
