 puhl@gsdr:~$ lxd init
Would you like to use LXD clustering? (yes/no) [default=no]:
Do you want to configure a new storage pool? (yes/no) [default=yes]:
Name of the new storage pool [default=default]:
Name of the storage backend to use (btrfs, dir, lvm) [default=btrfs]:
Create a new BTRFS pool? (yes/no) [default=yes]:
Would you like to use an existing block device? (yes/no) [default=no]:
Size in GB of the new loop device (1GB minimum) [default=15GB]:
Would you like to connect to a MAAS server? (yes/no) [default=no]:
Would you like to create a new local network bridge? (yes/no) [default=yes]:
What should the new bridge be called? [default=lxdbr0]:
What IPv4 address should be used? (CIDR subnet notation, “auto” or “none”) [default=auto]:
What IPv6 address should be used? (CIDR subnet notation, “auto” or “none”) [default=auto]:
Would you like LXD to be available over the network? (yes/no) [default=no]:
Would you like stale cached images to be updated automatically? (yes/no) [default=yes]
Would you like a YAML "lxd init" preseed to be printed? (yes/no) [default=no]: yes
config: {}
networks:
- config:
    ipv4.address: auto
    ipv6.address: auto
  description: ""
  managed: false
  name: lxdbr0
  type: ""
storage_pools:
- config:
    size: 15GB
  description: ""
  name: default
  driver: btrfs
profiles:
- config: {}
  description: ""
  devices:
    eth0:
      name: eth0
      nictype: bridged
      parent: lxdbr0
      type: nic
    root:
      path: /
      pool: default
      type: disk
  name: default
cluster: null