[./bin/tmpi 0/2] 3.238966e+02 seconds. At src/threaded-mpi.c:548
629.13user 48.56system 5:25.21elapsed 208%CPU (0avgtext+0avgdata 259492maxresident)k
Hits               248542 ( 38.034885%)
Misses             369069 ( 56.479376%)
Unknowns            35846 (  5.485586%)

[./bin/tmpi 0/4] 1.409033e+02 seconds. At src/threaded-mpi.c:548
557.67user 50.44system 2:36.13elapsed 389%CPU (0avgtext+0avgdata 35412maxresident)k
Hits               251053 ( 38.419149%)
Misses             360702 ( 55.198957%)
Unknowns            41702 (  6.381741%)

[./bin/tmpi 0/8] 1.276135e+02 seconds. At src/threaded-mpi.c:548
289.94user 163.79system 1:56.99elapsed 387%CPU (0avgtext+0avgdata 118804maxresident)k
Hits               268251 ( 41.050993%)
Misses             336424 ( 51.483645%)
Unknowns            48782 (  7.465208%)

[./bin/tmpi 0/12] 1.192372e+02 seconds. At src/threaded-mpi.c:548
253.06user 175.27system 1:50.87elapsed 386%CPU (0avgtext+0avgdata 28664maxresident)k
Hits               237958 ( 36.415194%)
Misses             391443 ( 59.903314%)
Unknowns            24056 (  3.681338%)
