
-------- cluster with n 4 --------
[lanche:10752] pmix_mca_base_component_repository_open: unable to open mca_gds_ds21: /usr/lib/arm-linux-gnueabihf/libmca_common_dstore.so.1: undefined symbol: pmix_cb_t_class (ignored)
[lanche:10752] pmix_mca_base_component_repository_open: unable to open mca_gds_ds12: /usr/lib/arm-linux-gnueabihf/libmca_common_dstore.so.1: undefined symbol: pmix_cb_t_class (ignored)
./bin/tmpi; kParam=100; dim=22; precision=1.000000e-08; radiusF=2.500000e-01; minExamplesPerCluster=20; noveltyF=1.400000e+00; outputMode 2, nClassifiers 1
[sampler 0]
Taking test stream from stdin, sampler at 0/4
[m_receiver 1]
[classifier 3]
[m_receiver 3]
[m_receiver 2]
[classifier 2]
[detector 0]
[classifier 1]
model complete
Novelties   1, Extensions  22, Unknowns   2000, consumed   1847, reclassified      0, garbageCollected      0
realloc model 200
realloc model 200
realloc model 200
Novelties   2, Extensions  13, Unknowns   2000, consumed   1742, reclassified      0, garbageCollected    120
Novelties   0, Extensions   8, Unknowns   2000, consumed   1797, reclassified      0, garbageCollected    121
Novelties   1, Extensions  19, Unknowns   2000, consumed   1834, reclassified      0, garbageCollected     46
Novelties   1, Extensions  19, Unknowns   2000, consumed   1834, reclassified      0, garbageCollected     73
Novelties   1, Extensions  12, Unknowns   2000, consumed   1708, reclassified      0, garbageCollected     96
Novelties   0, Extensions  11, Unknowns   2000, consumed   1690, reclassified      0, garbageCollected    156
realloc model 300
realloc model 300
realloc model 300
[sampler] itemsWhere: ,   0 =>        0,   1 =>   217820,   2 =>   217819,   3 =>   217819
[sampler 0] MFOG_EOS_MARKER to 1
[sampler 0] MFOG_EOS_MARKER to 2
[sampler 0] MFOG_EOS_MARKER to 3
[sampler   0] (items        0) (ioTime 8.851481e+01), (cpuTime 4.643038e+00), (lockTime 0.000000e+00), (total 9.792522e+01). At src/threaded-mpi.c:269
[classifier 2] sends 217819
[classifier   2] (items   217819) (ioTime 7.553110e+01), (cpuTime 2.071629e+01), (lockTime 1.322374e+00), (total 9.890176e+01). At src/threaded-mpi.c:106
[detector   0] MFOG_EOS_MARKER 1 / 3
[classifier 3] sends 217819
[classifier   3] (items   217819) (ioTime 7.635642e+01), (cpuTime 2.053240e+01), (lockTime 1.386046e+00), (total 9.956139e+01). At src/threaded-mpi.c:106
[detector   0] MFOG_EOS_MARKER 2 / 3
[detector   0] MFOG_EOS_MARKER 3 / 3
[detector] itemsWhere: ,   0 =>        0,   1 =>   217820,   2 =>   217819,   3 =>   217819
[detector     0] (items   653461) (ioTime 7.523969e+01), (cpuTime 2.185679e+01), (lockTime 0.000000e+00), (total 1.004823e+02). At src/threaded-mpi.c:368
[m_receiver   2] (items      210) (ioTime 8.849291e+01), (cpuTime 3.279000e-03), (lockTime 2.291000e-03), (total 9.921615e+01). At src/threaded-mpi.c:156
[m_receiver   1] (items      210) (ioTime 8.957460e+01), (cpuTime 3.447000e-03), (lockTime 1.171600e-02), (total 1.003240e+02). At src/threaded-mpi.c:156
[classifier 1] sends 217820
[classifier   1] (items   217820) (ioTime 7.698543e+01), (cpuTime 2.035534e+01), (lockTime 1.667340e+00), (total 1.003016e+02). At src/threaded-mpi.c:106
[node   0] Statistics items:      12277, hits:      12277, misses:          0,
'   N':       9532, '   1':        216, '   2':        486, '   3':       1866, '   4':        130,
'   5':         47
[m_receiver   3] (items      210) (ioTime 8.935811e+01), (cpuTime 2.953000e-03), (lockTime 3.212000e-03), (total 9.995023e+01). At src/threaded-mpi.c:156
[node   3] Statistics items:     230096, hits:     225242, misses:       4854,
'   N':     218965, '   1':        288, '   2':        881, '   3':       4924, '   4':        137,
'   5':         47
[node   2] Statistics items:     230096, hits:     225402, misses:       4694,
'   N':     219062, '   1':        314, '   2':        872, '   3':       4974, '   4':        133,
'   5':         47
[node   1] Statistics items:     230097, hits:     225392, misses:       4705,
'   N':     219077, '   1':        313, '   2':        868, '   3':       4948, '   4':        139,
'   5':         47
[root    ] Statistics items:     702566, hits:     688313, misses:      14253,
'   N':     666636, '   1':       1131, '   2':       3107, '   3':      16712, '   4':        539,
'   5':        188
[./bin/tmpi 0/4 c1] 1.006057e+02 seconds. At src/threaded-mpi.c:465
"/usr/bin/time --output=experiments/timing.log --append --format="%C\n\t%U user\t%S system\t%E elapsed\n\t%P CPU\t(%X avgtext+%D avgdata\t%M maxresident)k\n\t%I inputs+%O outputs\t(%F major+%R minor)pagefaults\t%W swaps\n" mpirun -n 4 -hostfile ./conf/hostsfile ./bin/tmpi
	377.69 user	46.20 system	1:49.07 elapsed
	388% CPU	(0 avgtext+0 avgdata	21580 maxresident)k
	8 inputs+55464 outputs	(7 major+17307 minor)pagefaults	0 swaps
"
Evaluate
	title = Cluster tmi n4
	examplesFileName = datasets/test.csv
	matchesFileName = out/big-cluster.csv
	plotSavePath = experiments/big-cluster.log.png

Count per class
           id
class        
A      447179
N      206278
### Cluster tmi n4

NaN labels: 0
saving experiments/big-cluster.log.png
Confusion Matrix
Classes (act)       A       N assigned    hits
Labels (pred)                                 
-               11169    3084        -       0
0                 133      40        A     133
1                   0     114        N     114
2                1086      77        A    1086
3                9236       0        A    9236
4                  11       0        A      11
N              425544  202963        N  202963
Classes           ['A' 'N']
Initial labels    ['-', 'N']
Labels (item)     [('N', 0), ('-', 19), ('2', 179571), ('1', 182949), ('0', 320441), ('4', 472187), ('3', 474083)] 7
Total examples    (653457, 25)
Total matches     (653458, 4)
Hits               213543 ( 32.678917%)
Misses             425661 ( 65.139764%)
Unknowns            14253 (  2.181165%)
Unk. reprocessed        1 (  0.007016%)
Total              653457 ( 99.999847%)

-------- cluster with n 5 --------
[lanche:10772] pmix_mca_base_component_repository_open: unable to open mca_gds_ds21: /usr/lib/arm-linux-gnueabihf/libmca_common_dstore.so.1: undefined symbol: pmix_cb_t_class (ignored)
[lanche:10772] pmix_mca_base_component_repository_open: unable to open mca_gds_ds12: /usr/lib/arm-linux-gnueabihf/libmca_common_dstore.so.1: undefined symbol: pmix_cb_t_class (ignored)
./bin/tmpi; kParam=100; dim=22; precision=1.000000e-08; radiusF=2.500000e-01; minExamplesPerCluster=20; noveltyF=1.400000e+00; outputMode 2, nClassifiers 1
[sampler 0]
[m_receiver 1]
[classifier 3]
Taking test stream from stdin, sampler at 0/5
[m_receiver 3]
[m_receiver 2]
[classifier 4]
[m_receiver 4]
[classifier 2]
[detector 0]
[classifier 1]
model complete
Novelties   1, Extensions  22, Unknowns   2000, consumed   1845, reclassified      0, garbageCollected      0
realloc model 200
realloc model 200
realloc model 200
realloc model 200
Novelties   2, Extensions  14, Unknowns   2000, consumed   1756, reclassified      0, garbageCollected    123
Novelties   0, Extensions   7, Unknowns   2000, consumed   1825, reclassified      0, garbageCollected    106
Novelties   0, Extensions  16, Unknowns   2000, consumed   1816, reclassified      0, garbageCollected     62
Novelties   0, Extensions   6, Unknowns   2000, consumed   1859, reclassified      0, garbageCollected     93
Novelties   0, Extensions  11, Unknowns   2000, consumed   1829, reclassified      0, garbageCollected     50
Novelties   1, Extensions  15, Unknowns   2000, consumed   1750, reclassified      0, garbageCollected     57
Novelties   1, Extensions  14, Unknowns   2000, consumed   1678, reclassified      0, garbageCollected    142
realloc model 300
realloc model 300
realloc model 300
realloc model 300
Novelties   0, Extensions   8, Unknowns   2000, consumed   1785, reclassified      0, garbageCollected    120
[sampler] itemsWhere: ,   0 =>        0,   1 =>   163365,   2 =>   163365,   3 =>   163364,   4 =>   163364
[sampler 0] MFOG_EOS_MARKER to 1
[sampler 0] MFOG_EOS_MARKER to 2
[sampler 0] MFOG_EOS_MARKER to 3
[sampler 0] MFOG_EOS_MARKER to 4
[sampler   0] (items        0) (ioTime 9.809624e+01), (cpuTime 4.728633e+00), (lockTime 0.000000e+00), (total 1.074436e+02). At src/threaded-mpi.c:269
[classifier 4] sends 163364
[classifier   4] (items   163364) (ioTime 1.054028e+02), (cpuTime 1.959987e+01), (lockTime 1.261995e+00), (total 1.276027e+02). At src/threaded-mpi.c:106
[detector   0] MFOG_EOS_MARKER 1 / 4
[classifier 3] sends 163364
[classifier   3] (items   163364) (ioTime 8.138662e+01), (cpuTime 1.513494e+01), (lockTime 9.271850e-01), (total 9.830839e+01). At src/threaded-mpi.c:106
[detector   0] MFOG_EOS_MARKER 2 / 4
[classifier 2] sends 163365
[classifier   2] (items   163365) (ioTime 8.186087e+01), (cpuTime 1.570880e+01), (lockTime 9.258080e-01), (total 9.944381e+01). At src/threaded-mpi.c:106
[detector   0] MFOG_EOS_MARKER 3 / 4
[classifier 1] sends 163365
[classifier   1] (items   163365) (ioTime 7.901747e+01), (cpuTime 1.658006e+01), (lockTime 1.081549e+00), (total 9.758568e+01). At src/threaded-mpi.c:106
[detector   0] MFOG_EOS_MARKER 4 / 4
[detector] itemsWhere: ,   0 =>        0,   1 =>   163365,   2 =>   163365,   3 =>   163364,   4 =>   163364
[m_receiver   1] (items      218) (ioTime 9.544200e+01), (cpuTime 2.560000e-03), (lockTime 3.324000e-03), (total 9.760318e+01). At src/threaded-mpi.c:156
[node   1] Statistics items:     179268, hits:     174974, misses:       4294,
'   N':     174204, '   1':        553, '   2':         46, '   3':        137, '   4':         34
[m_receiver   3] (items      218) (ioTime 9.709747e+01), (cpuTime 2.151000e-03), (lockTime 2.139000e-03), (total 9.897003e+01). At src/threaded-mpi.c:156
[node   3] Statistics items:     179267, hits:     175054, misses:       4213,
'   N':     174276, '   1':        563, '   2':         51, '   3':        134, '   4':         30
[m_receiver   2] (items      218) (ioTime 9.802024e+01), (cpuTime 7.343000e-03), (lockTime 1.515000e-03), (total 9.961822e+01). At src/threaded-mpi.c:156
[node   2] Statistics items:     179268, hits:     174853, misses:       4415,
'   N':     174075, '   1':        565, '   2':         49, '   3':        133, '   4':         31
[detector     0] (items   653462) (ioTime 7.683846e+01), (cpuTime 2.702701e+01), (lockTime 0.000000e+00), (total 1.078162e+02). At src/threaded-mpi.c:368
[node   0] Statistics items:      15903, hits:      15903, misses:          0,
'   N':      15439, '   1':        263, '   2':         42, '   3':        129, '   4':         30
[m_receiver   4] (items      218) (ioTime 1.261080e+02), (cpuTime 1.123300e-02), (lockTime 3.772000e-03), (total 1.282867e+02). At src/threaded-mpi.c:156
[node   4] Statistics items:     179267, hits:     174942, misses:       4325,
'   N':     174167, '   1':        560, '   2':         51, '   3':        133, '   4':         31
[root    ] Statistics items:     732973, hits:     715726, misses:      17247,
'   N':     712161, '   1':       2504, '   2':        239, '   3':        666, '   4':        156
[./bin/tmpi 0/5 c1] 1.079789e+02 seconds. At src/threaded-mpi.c:465
"/usr/bin/time --output=experiments/timing.log --append --format="%C\n\t%U user\t%S system\t%E elapsed\n\t%P CPU\t(%X avgtext+%D avgdata\t%M maxresident)k\n\t%I inputs+%O outputs\t(%F major+%R minor)pagefaults\t%W swaps\n" mpirun -n 5 -hostfile ./conf/hostsfile ./bin/tmpi
	356.12 user	72.46 system	1:50.13 elapsed
	389% CPU	(0 avgtext+0 avgdata	25672 maxresident)k
	496 inputs+57416 outputs	(22 major+15604 minor)pagefaults	0 swaps
"
Evaluate
	title = Cluster tmi n5
	examplesFileName = datasets/test.csv
	matchesFileName = out/big-cluster.csv
	plotSavePath = experiments/big-cluster.log.png

Count per class
           id
class        
A      447179
N      206278
### Cluster tmi n5

NaN labels: 0
saving experiments/big-cluster.log.png
Confusion Matrix
Classes (act)       A       N assigned    hits
Labels (pred)                                 
-               14165    3082        -       0
0                 128      40        A     128
1                 939      97        A     939
2                   0      29        N      29
3                   0       6        N       6
4                   6       0        A       6
N              431941  203024        N  203024
Classes           ['A' 'N']
Initial labels    ['-', 'N']
Labels (item)     [('N', 0), ('-', 19), ('1', 172917), ('2', 202723), ('0', 324906), ('3', 529844), ('4', 595945)] 7
Total examples    (653457, 25)
Total matches     (653458, 4)
Hits               204132 ( 31.238733%)
Misses             432078 ( 66.121771%)
Unknowns            17247 (  2.639343%)
Unk. reprocessed        1 (  0.005798%)
Total              653457 ( 99.999847%)

-------- cluster with n 6 --------
[lanche:10790] pmix_mca_base_component_repository_open: unable to open mca_gds_ds21: /usr/lib/arm-linux-gnueabihf/libmca_common_dstore.so.1: undefined symbol: pmix_cb_t_class (ignored)
[lanche:10790] pmix_mca_base_component_repository_open: unable to open mca_gds_ds12: /usr/lib/arm-linux-gnueabihf/libmca_common_dstore.so.1: undefined symbol: pmix_cb_t_class (ignored)
./bin/tmpi; kParam=100; dim=22; precision=1.000000e-08; radiusF=2.500000e-01; minExamplesPerCluster=20; noveltyF=1.400000e+00; outputMode 2, nClassifiers 1
[sampler 0]
Taking test stream from stdin, sampler at 0/6
[m_receiver 1]
[classifier 4]
[m_receiver 5]
[classifier 5]
[m_receiver 2]
[detector 0]
[classifier 1]
[m_receiver 3]
[classifier 3]
[classifier 2]
[m_receiver 4]
model complete
Novelties   4, Extensions  19, Unknowns   2000, consumed   1828, reclassified      0, garbageCollected      0
realloc model 200
realloc model 200
realloc model 200
realloc model 200
realloc model 200
Novelties   2, Extensions  16, Unknowns   2000, consumed   1812, reclassified      0, garbageCollected     95
Novelties   1, Extensions   8, Unknowns   2000, consumed   1856, reclassified      0, garbageCollected     56
Novelties   3, Extensions  19, Unknowns   2000, consumed   1877, reclassified      0, garbageCollected     28
Novelties   0, Extensions   9, Unknowns   2000, consumed   1819, reclassified      0, garbageCollected     86
Novelties   1, Extensions  13, Unknowns   2000, consumed   1790, reclassified      0, garbageCollected     65
Novelties   1, Extensions  13, Unknowns   2000, consumed   1618, reclassified      0, garbageCollected     99
realloc model 300
realloc model 300
realloc model 300
realloc model 300
realloc model 300
Novelties   0, Extensions  12, Unknowns   2000, consumed   1683, reclassified      0, garbageCollected    202
[sampler] itemsWhere: ,   0 =>        0,   1 =>   130692,   2 =>   130692,   3 =>   130692,   4 =>   130691,   5 =>   130691
[sampler 0] MFOG_EOS_MARKER to 1
[sampler 0] MFOG_EOS_MARKER to 2
[sampler 0] MFOG_EOS_MARKER to 3
[sampler 0] MFOG_EOS_MARKER to 4
[sampler 0] MFOG_EOS_MARKER to 5
[sampler   0] (items        0) (ioTime 1.004959e+02), (cpuTime 4.980381e+00), (lockTime 0.000000e+00), (total 1.097896e+02). At src/threaded-mpi.c:269
[classifier 4] sends 130691
[classifier 5] sends 130691
[classifier   5] (items   130691) (ioTime 1.031608e+02), (cpuTime 1.728112e+01), (lockTime 1.221959e+00), (total 1.228691e+02). At src/threaded-mpi.c:106
[classifier   4] (items   130691) (ioTime 1.042040e+02), (cpuTime 1.685011e+01), (lockTime 1.533555e+00), (total 1.239019e+02). At src/threaded-mpi.c:106
[detector   0] MFOG_EOS_MARKER 1 / 5
[detector   0] MFOG_EOS_MARKER 2 / 5
[classifier 1] sends 130692
[classifier   1] (items   130692) (ioTime 8.160778e+01), (cpuTime 1.329660e+01), (lockTime 9.486080e-01), (total 9.663568e+01). At src/threaded-mpi.c:106
[detector   0] MFOG_EOS_MARKER 3 / 5
[classifier 3] sends 130692
[classifier   3] (items   130692) (ioTime 8.193585e+01), (cpuTime 1.249299e+01), (lockTime 8.919450e-01), (total 9.609556e+01). At src/threaded-mpi.c:106
[detector   0] MFOG_EOS_MARKER 4 / 5
[classifier 2] sends 130692
[classifier   2] (items   130692) (ioTime 7.691300e+01), (cpuTime 1.377828e+01), (lockTime 8.786610e-01), (total 9.238033e+01). At src/threaded-mpi.c:106
[detector   0] MFOG_EOS_MARKER 5 / 5
[detector] itemsWhere: ,   0 =>        0,   1 =>   130692,   2 =>   130692,   3 =>   130692,   4 =>   130691,   5 =>   130691
[m_receiver   2] (items      221) (ioTime 8.982865e+01), (cpuTime 2.618000e-03), (lockTime 2.044000e-03), (total 9.240148e+01). At src/threaded-mpi.c:156
[detector     0] (items   653463) (ioTime 8.011082e+01), (cpuTime 2.628710e+01), (lockTime 0.000000e+00), (total 1.100794e+02). At src/threaded-mpi.c:368
[m_receiver   1] (items      221) (ioTime 9.450751e+01), (cpuTime 3.453000e-03), (lockTime 1.761000e-03), (total 9.709765e+01). At src/threaded-mpi.c:156
[node   2] Statistics items:     144783, hits:     141745, misses:       3038,
'   N':     140061, '   1':        114, '   2':        278, '   3':        448, '   4':         28,
'   5':        225, '   6':        330, '   7':        118, '   8':         44, '   9':         27,
'  10':         48, '  11':         24
[node   0] Statistics items:      14091, hits:      14091, misses:          0,
'   N':      12818, '   1':        111, '   2':        246, '   3':        363, '   4':         25,
'   5':        134, '   6':        161, '   7':         93, '   8':         44, '   9':         26,
'  10':         48, '  11':         22
[node   1] Statistics items:     144783, hits:     141805, misses:       2978,
'   N':     140120, '   1':        116, '   2':        282, '   3':        454, '   4':         26,
'   5':        245, '   6':        301, '   7':        120, '   8':         44, '   9':         26,
'  10':         49, '  11':         22
[m_receiver   3] (items      221) (ioTime 9.357524e+01), (cpuTime 2.715300e-02), (lockTime 5.336000e-03), (total 9.631186e+01). At src/threaded-mpi.c:156
[node   3] Statistics items:     144783, hits:     141740, misses:       3043,
'   N':     140031, '   1':        123, '   2':        277, '   3':        463, '   4':         30,
'   5':        246, '   6':        304, '   7':        123, '   8':         44, '   9':         26,
'  10':         50, '  11':         23
[m_receiver   5] (items      221) (ioTime 1.203063e+02), (cpuTime 6.249000e-03), (lockTime 2.303000e-03), (total 1.234364e+02). At src/threaded-mpi.c:156
[m_receiver   4] (items      221) (ioTime 1.213392e+02), (cpuTime 3.666000e-03), (lockTime 2.829000e-03), (total 1.244687e+02). At src/threaded-mpi.c:156
[node   5] Statistics items:     144782, hits:     141632, misses:       3150,
'   N':     139938, '   1':        117, '   2':        285, '   3':        447, '   4':         28,
'   5':        215, '   6':        339, '   7':        120, '   8':         44, '   9':         27,
'  10':         49, '  11':         23
[node   4] Statistics items:     144782, hits:     141657, misses:       3125,
'   N':     139964, '   1':        117, '   2':        273, '   3':        453, '   4':         28,
'   5':        244, '   6':        316, '   7':        120, '   8':         44, '   9':         26,
'  10':         48, '  11':         24
[root    ] Statistics items:     738004, hits:     722670, misses:      15334,
'   N':     712932, '   1':        698, '   2':       1641, '   3':       2628, '   4':        165,
'   5':       1309, '   6':       1751, '   7':        694, '   8':        264, '   9':        158,
'  10':        292, '  11':        138
[./bin/tmpi 0/6 c1] 1.102170e+02 seconds. At src/threaded-mpi.c:465
"/usr/bin/time --output=experiments/timing.log --append --format="%C\n\t%U user\t%S system\t%E elapsed\n\t%P CPU\t(%X avgtext+%D avgdata\t%M maxresident)k\n\t%I inputs+%O outputs\t(%F major+%R minor)pagefaults\t%W swaps\n" mpirun -n 6 -hostfile ./conf/hostsfile ./bin/tmpi
	316.89 user	102.65 system	1:48.12 elapsed
	388% CPU	(0 avgtext+0 avgdata	32380 maxresident)k
	504 inputs+56200 outputs	(20 major+16971 minor)pagefaults	0 swaps
"
Evaluate
	title = Cluster tmi n6
	examplesFileName = datasets/test.csv
	matchesFileName = out/big-cluster.csv
	plotSavePath = experiments/big-cluster.log.png

Count per class
           id
class        
A      447179
N      206278
### Cluster tmi n6

NaN labels: 0
saving experiments/big-cluster.log.png
Confusion Matrix
Classes (act)       A       N assigned    hits
Labels (pred)                                 
-               12464    2870        -       0
0                  22       0        A      22
1                  10       0        A      10
10                  0       4        N       4
11                  6       0        A       6
2                 125      40        A     125
3                 450       0        A     450
4                  15       0        A      15
5                 505       0        A     505
6                 706      79        A     706
7                 136       0        A     136
9                   2       0        A       2
N              432738  203285        N  203285
Classes           ['A' 'N']
Initial labels    ['-', 'N']
Labels (item)     [('N', 0), ('-', 19), ('5', 199633), ('1', 213182), ('6', 214202), ('3', 218822), ('4', 244372), ('9', 330249), ('7', 419803), ('2', 420636), ('10', 524205), ('11', 615663), ('0', 629641)] 13
Total examples    (653457, 25)
Total matches     (653458, 4)
Hits               205266 ( 31.412271%)
Misses             432857 ( 66.240983%)
Unknowns            15334 (  2.346593%)
Unk. reprocessed        1 (  0.006521%)
Total              653457 ( 99.999847%)

-------- cluster with n 7 --------
[lanche:10808] pmix_mca_base_component_repository_open: unable to open mca_gds_ds21: /usr/lib/arm-linux-gnueabihf/libmca_common_dstore.so.1: undefined symbol: pmix_cb_t_class (ignored)
[lanche:10808] pmix_mca_base_component_repository_open: unable to open mca_gds_ds12: /usr/lib/arm-linux-gnueabihf/libmca_common_dstore.so.1: undefined symbol: pmix_cb_t_class (ignored)
./bin/tmpi; kParam=100; dim=22; precision=1.000000e-08; radiusF=2.500000e-01; minExamplesPerCluster=20; noveltyF=1.400000e+00; outputMode 2, nClassifiers 1
[sampler 0]
Taking test stream from stdin, sampler at 0/7
[detector 0]
[classifier 1]
[classifier 2]
[m_receiver 1]
[classifier 4]
[classifier 5]
[m_receiver 6]
[m_receiver 5]
[classifier 6]
[m_receiver 2]
[m_receiver 3]
[m_receiver 4]
[classifier 3]
model complete
Novelties   1, Extensions  22, Unknowns   2000, consumed   1844, reclassified      0, garbageCollected      0
realloc model 200
realloc model 200
realloc model 200
realloc model 200
realloc model 200
realloc model 200
Novelties   2, Extensions  15, Unknowns   2000, consumed   1781, reclassified      0, garbageCollected    121
Novelties   0, Extensions  12, Unknowns   2000, consumed   1792, reclassified      0, garbageCollected     84
Novelties   1, Extensions  13, Unknowns   2000, consumed   1794, reclassified      0, garbageCollected     76
Novelties   1, Extensions   8, Unknowns   2000, consumed   1820, reclassified      0, garbageCollected    111
Novelties   2, Extensions  27, Unknowns   2000, consumed   1824, reclassified      0, garbageCollected     22
realloc model 300
realloc model 300
realloc model 300
realloc model 300
realloc model 300
realloc model 300
Novelties   1, Extensions  13, Unknowns   2000, consumed   1659, reclassified      0, garbageCollected     88
[sampler] itemsWhere: ,   0 =>        0,   1 =>   108910,   2 =>   108910,   3 =>   108910,   4 =>   108910,   5 =>   108909,   6 =>   108909
[sampler 0] MFOG_EOS_MARKER to 1
[sampler 0] MFOG_EOS_MARKER to 2
[classifier 1] sends 108910
[classifier   1] (items   108910) (ioTime 7.806753e+01), (cpuTime 1.245886e+01), (lockTime 7.392660e-01), (total 9.199534e+01). At src/threaded-mpi.c:106
[sampler 0] MFOG_EOS_MARKER to 3
[sampler 0] MFOG_EOS_MARKER to 4
[sampler 0] MFOG_EOS_MARKER to 5
[sampler 0] MFOG_EOS_MARKER to 6
[sampler   0] (items        0) (ioTime 9.747328e+01), (cpuTime 5.234897e+00), (lockTime 0.000000e+00), (total 1.072510e+02). At src/threaded-mpi.c:269
[detector   0] MFOG_EOS_MARKER 1 / 6
[detector   0] MFOG_EOS_MARKER 2 / 6
[detector   0] MFOG_EOS_MARKER 3 / 6
[detector   0] MFOG_EOS_MARKER 4 / 6
[classifier 5] sends 108909
[classifier   5] (items   108909) (ioTime 1.001538e+02), (cpuTime 1.489001e+01), (lockTime 1.258536e+00), (total 1.171745e+02). At src/threaded-mpi.c:106
[classifier 6] sends 108909
[classifier   6] (items   108909) (ioTime 9.831613e+01), (cpuTime 1.650828e+01), (lockTime 1.364171e+00), (total 1.172281e+02). At src/threaded-mpi.c:106
[classifier 4] sends 108910
[classifier   4] (items   108910) (ioTime 9.753727e+01), (cpuTime 1.626543e+01), (lockTime 2.701455e+00), (total 1.176245e+02). At src/threaded-mpi.c:106
[classifier 2] sends 108910
[classifier   2] (items   108910) (ioTime 7.857947e+01), (cpuTime 1.138914e+01), (lockTime 7.348200e-01), (total 9.144138e+01). At src/threaded-mpi.c:106
[detector   0] MFOG_EOS_MARKER 5 / 6
[classifier 3] sends 108910
[detector   0] MFOG_EOS_MARKER 6 / 6
[classifier   3] (items   108910) (ioTime 7.603060e+01), (cpuTime 1.213492e+01), (lockTime 7.480870e-01), (total 8.965962e+01). At src/threaded-mpi.c:106
[detector] itemsWhere: ,   0 =>        0,   1 =>   108910,   2 =>   108910,   3 =>   108910,   4 =>   108910,   5 =>   108909,   6 =>   108909
[m_receiver   2] (items      218) (ioTime 8.278369e+01), (cpuTime 2.626200e-02), (lockTime 6.241000e-03), (total 9.144234e+01). At src/threaded-mpi.c:156
[m_receiver   3] (items      218) (ioTime 8.026804e+01), (cpuTime 3.014000e-03), (lockTime 8.386000e-03), (total 8.967503e+01). At src/threaded-mpi.c:156
[m_receiver   1] (items      218) (ioTime 8.259179e+01), (cpuTime 3.234000e-03), (lockTime 6.581000e-03), (total 9.200535e+01). At src/threaded-mpi.c:156
[node   3] Statistics items:     121242, hits:     118891, misses:       2351,
'   N':     117968, '   1':        459, '   2':         52, '   3':        122, '   4':        101,
'   5':        142, '   6':         24, '   7':         23
[node   1] Statistics items:     121242, hits:     118870, misses:       2372,
'   N':     117954, '   1':        444, '   2':         60, '   3':        123, '   4':         99,
'   5':        141, '   6':         26, '   7':         23
[node   2] Statistics items:     121242, hits:     119020, misses:       2222,
'   N':     118103, '   1':        462, '   2':         60, '   3':        110, '   4':        100,
'   5':        139, '   6':         23, '   7':         23
[detector     0] (items   653464) (ioTime 8.096677e+01), (cpuTime 2.240147e+01), (lockTime 0.000000e+00), (total 1.072554e+02). At src/threaded-mpi.c:368
[m_receiver   6] (items      218) (ioTime 1.054993e+02), (cpuTime 3.685000e-03), (lockTime 2.501000e-03), (total 1.172384e+02). At src/threaded-mpi.c:156
[node   0] Statistics items:      12332, hits:      12332, misses:          0,
'   N':      11664, '   1':        256, '   2':         47, '   3':         88, '   4':         97,
'   5':        135, '   6':         22, '   7':         23
[m_receiver   4] (items      218) (ioTime 1.059927e+02), (cpuTime 1.365000e-02), (lockTime 5.067000e-03), (total 1.176290e+02). At src/threaded-mpi.c:156
[node   6] Statistics items:     121241, hits:     118660, misses:       2581,
'   N':     117762, '   1':        448, '   2':         55, '   3':        110, '   4':        101,
'   5':        139, '   6':         22, '   7':         23
[node   4] Statistics items:     121242, hits:     118693, misses:       2549,
'   N':     117789, '   1':        453, '   2':         57, '   3':        110, '   4':         99,
'   5':        140, '   6':         22, '   7':         23
[m_receiver   5] (items      218) (ioTime 1.058279e+02), (cpuTime 7.785000e-03), (lockTime 2.862000e-03), (total 1.171843e+02). At src/threaded-mpi.c:156
[node   5] Statistics items:     121241, hits:     118680, misses:       2561,
'   N':     117770, '   1':        453, '   2':         52, '   3':        117, '   4':         99,
'   5':        143, '   6':         23, '   7':         23
[root    ] Statistics items:     739782, hits:     725146, misses:      14636,
'   N':     719010, '   1':       2975, '   2':        383, '   3':        780, '   4':        696,
'   5':        979, '   6':        162, '   7':        161
[./bin/tmpi 0/7 c1] 1.073710e+02 seconds. At src/threaded-mpi.c:465
"/usr/bin/time --output=experiments/timing.log --append --format="%C\n\t%U user\t%S system\t%E elapsed\n\t%P CPU\t(%X avgtext+%D avgdata\t%M maxresident)k\n\t%I inputs+%O outputs\t(%F major+%R minor)pagefaults\t%W swaps\n" mpirun -n 7 -hostfile ./conf/hostsfile ./bin/tmpi
	273.86 user	130.68 system	1:44.48 elapsed
	387% CPU	(0 avgtext+0 avgdata	28648 maxresident)k
	0 inputs+55720 outputs	(7 major+17257 minor)pagefaults	0 swaps
"
Evaluate
	title = Cluster tmi n7
	examplesFileName = datasets/test.csv
	matchesFileName = out/big-cluster.csv
	plotSavePath = experiments/big-cluster.log.png

Count per class
           id
class        
A      447179
N      206278
### Cluster tmi n7

NaN labels: 0
saving experiments/big-cluster.log.png
Confusion Matrix
Classes (act)       A       N assigned    hits
Labels (pred)                                 
-               11588    3048        -       0
0                 141      42        A     141
1                 934      96        A     934
2                   0      54        N      54
3                 164       0        A     164
4                   0       5        N       5
5                   0      16        N      16
6                   0       8        N       8
N              434352  203009        N  203009
Classes           ['A' 'N']
Initial labels    ['-', 'N']
Labels (item)     [('N', 0), ('-', 19), ('1', 182431), ('2', 202723), ('0', 358231), ('3', 419934), ('4', 420834), ('6', 506472), ('5', 522643)] 9
Total examples    (653457, 25)
Total matches     (653458, 4)
Hits               204331 ( 31.269186%)
Misses             434490 ( 66.490884%)
Unknowns            14636 (  2.239777%)
Unk. reprocessed        1 (  0.006832%)
Total              653457 ( 99.999847%)

-------- cluster with n 8 --------
[lanche:10826] pmix_mca_base_component_repository_open: unable to open mca_gds_ds21: /usr/lib/arm-linux-gnueabihf/libmca_common_dstore.so.1: undefined symbol: pmix_cb_t_class (ignored)
[lanche:10826] pmix_mca_base_component_repository_open: unable to open mca_gds_ds12: /usr/lib/arm-linux-gnueabihf/libmca_common_dstore.so.1: undefined symbol: pmix_cb_t_class (ignored)
./bin/tmpi; kParam=100; dim=22; precision=1.000000e-08; radiusF=2.500000e-01; minExamplesPerCluster=20; noveltyF=1.400000e+00; outputMode 2, nClassifiers 1
[sampler 0]
Taking test stream from stdin, sampler at 0/8
[classifier 1]
[classifier 3]
[m_receiver 4]
[classifier 5]
[m_receiver 6]
[classifier 6]
[classifier 4]
[classifier 7]
[m_receiver 2]
[m_receiver 5]
[m_receiver 7]
[detector 0]
[m_receiver 3]
[classifier 2]
[m_receiver 1]
model complete
Novelties   1, Extensions  22, Unknowns   2000, consumed   1844, reclassified      0, garbageCollected      0
realloc model 200
realloc model 200
realloc model 200
realloc model 200
realloc model 200
realloc model 200
realloc model 200
Novelties   2, Extensions  14, Unknowns   2000, consumed   1776, reclassified      0, garbageCollected    121
Novelties   0, Extensions   9, Unknowns   2000, consumed   1816, reclassified      0, garbageCollected     90
Novelties   1, Extensions  13, Unknowns   2000, consumed   1758, reclassified      0, garbageCollected     70
Novelties   0, Extensions  11, Unknowns   2000, consumed   1867, reclassified      0, garbageCollected     75
Novelties   1, Extensions  20, Unknowns   2000, consumed   1798, reclassified      0, garbageCollected     26
Novelties   0, Extensions  17, Unknowns   2000, consumed   1686, reclassified      0, garbageCollected     87
realloc model 300
realloc model 300
realloc model 300
realloc model 300
realloc model 300
realloc model 300
realloc model 300
Novelties   0, Extensions   9, Unknowns   2000, consumed   1704, reclassified      0, garbageCollected    188
[sampler] itemsWhere: ,   0 =>        0,   1 =>    93352,   2 =>    93351,   3 =>    93351,   4 =>    93351,   5 =>    93351,   6 =>    93351,   7 =>    93351
[sampler 0] MFOG_EOS_MARKER to 1
[sampler 0] MFOG_EOS_MARKER to 2
[sampler 0] MFOG_EOS_MARKER to 3
[sampler 0] MFOG_EOS_MARKER to 4
[sampler 0] MFOG_EOS_MARKER to 5
[sampler 0] MFOG_EOS_MARKER to 6
[sampler 0] MFOG_EOS_MARKER to 7
[sampler   0] (items        0) (ioTime 1.070202e+02), (cpuTime 5.755690e+00), (lockTime 0.000000e+00), (total 1.171639e+02). At src/threaded-mpi.c:269
[classifier 7] sends 93351
[classifier   7] (items    93351) (ioTime 1.017061e+02), (cpuTime 7.294786e+00), (lockTime 5.986780e-01), (total 1.101174e+02). At src/threaded-mpi.c:106
[classifier 6] sends 93351
[classifier   6] (items    93351) (ioTime 9.796993e+01), (cpuTime 9.434322e+00), (lockTime 7.240630e-01), (total 1.088312e+02). At src/threaded-mpi.c:106
[classifier 4] sends 93351
[classifier   4] (items    93351) (ioTime 1.024337e+02), (cpuTime 7.296833e+00), (lockTime 7.923870e-01), (total 1.110325e+02). At src/threaded-mpi.c:106
[classifier 5] sends 93351
[classifier   5] (items    93351) (ioTime 1.023576e+02), (cpuTime 6.722068e+00), (lockTime 4.956950e-01), (total 1.100828e+02). At src/threaded-mpi.c:106
[detector   0] MFOG_EOS_MARKER 1 / 7
[detector   0] MFOG_EOS_MARKER 2 / 7
[detector   0] MFOG_EOS_MARKER 3 / 7
[detector   0] MFOG_EOS_MARKER 4 / 7
[classifier 3] sends 93351
[classifier   3] (items    93351) (ioTime 8.413612e+01), (cpuTime 9.995098e+00), (lockTime 6.460650e-01), (total 9.537708e+01). At src/threaded-mpi.c:106
[detector   0] MFOG_EOS_MARKER 5 / 7
[classifier 2] sends 93351
[classifier   2] (items    93351) (ioTime 8.346904e+01), (cpuTime 1.139089e+01), (lockTime 6.731590e-01), (total 9.610634e+01). At src/threaded-mpi.c:106
[detector   0] MFOG_EOS_MARKER 6 / 7
[detector   0] MFOG_EOS_MARKER 7 / 7
[classifier 1] sends 93352
[classifier   1] (items    93352) (ioTime 8.297299e+01), (cpuTime 1.197973e+01), (lockTime 7.482390e-01), (total 9.625019e+01). At src/threaded-mpi.c:106
[detector] itemsWhere: ,   0 =>        0,   1 =>    93352,   2 =>    93351,   3 =>    93351,   4 =>    93351,   5 =>    93351,   6 =>    93351,   7 =>    93351
[m_receiver   1] (items      220) (ioTime 9.454776e+01), (cpuTime 3.794000e-03), (lockTime 3.910000e-03), (total 9.623468e+01). At src/threaded-mpi.c:156
[detector     0] (items   653465) (ioTime 8.632257e+01), (cpuTime 2.691495e+01), (lockTime 0.000000e+00), (total 1.175060e+02). At src/threaded-mpi.c:368
[node   1] Statistics items:     107361, hits:     105142, misses:       2219,
'   N':     104331, '   1':        433, '   2':        119, '   3':        133, '   4':        126
[m_receiver   2] (items      220) (ioTime 9.444588e+01), (cpuTime 4.478000e-03), (lockTime 3.800000e-03), (total 9.616424e+01). At src/threaded-mpi.c:156
[m_receiver   3] (items      220) (ioTime 9.408180e+01), (cpuTime 8.854000e-03), (lockTime 8.129000e-03), (total 9.548651e+01). At src/threaded-mpi.c:156
[node   2] Statistics items:     107360, hits:     105267, misses:       2093,
'   N':     104438, '   1':        452, '   2':        118, '   3':        129, '   4':        130
[node   3] Statistics items:     107360, hits:     105146, misses:       2214,
'   N':     104346, '   1':        430, '   2':        107, '   3':        134, '   4':        129
[m_receiver   4] (items      220) (ioTime 1.096185e+02), (cpuTime 2.432000e-03), (lockTime 1.050000e-03), (total 1.115444e+02). At src/threaded-mpi.c:156
[m_receiver   5] (items      220) (ioTime 1.086830e+02), (cpuTime 2.300000e-03), (lockTime 1.451000e-03), (total 1.105934e+02). At src/threaded-mpi.c:156
[node   0] Statistics items:      14009, hits:      14009, misses:          0,
'   N':      13419, '   1':        269, '   2':         97, '   3':        104, '   4':        120
[m_receiver   6] (items      220) (ioTime 1.074157e+02), (cpuTime 3.512000e-03), (lockTime 1.661400e-02), (total 1.093448e+02). At src/threaded-mpi.c:156
[node   4] Statistics items:     107360, hits:     105092, misses:       2268,
'   N':     104284, '   1':        446, '   2':        114, '   3':        123, '   4':        125
[node   6] Statistics items:     107360, hits:     105179, misses:       2181,
'   N':     104404, '   1':        410, '   2':        117, '   3':        122, '   4':        126
[node   5] Statistics items:     107360, hits:     105140, misses:       2220,
'   N':     104324, '   1':        441, '   2':        120, '   3':        129, '   4':        126
[m_receiver   7] (items      220) (ioTime 1.087422e+02), (cpuTime 3.156000e-03), (lockTime 1.944500e-02), (total 1.106301e+02). At src/threaded-mpi.c:156
[node   7] Statistics items:     107360, hits:     105155, misses:       2205,
'   N':     104358, '   1':        440, '   2':        109, '   3':        123, '   4':        125
[root    ] Statistics items:     765530, hits:     750130, misses:      15400,
'   N':     743904, '   1':       3321, '   2':        901, '   3':        997, '   4':       1007
[./bin/tmpi 0/8 c1] 1.176333e+02 seconds. At src/threaded-mpi.c:465
"/usr/bin/time --output=experiments/timing.log --append --format="%C\n\t%U user\t%S system\t%E elapsed\n\t%P CPU\t(%X avgtext+%D avgdata\t%M maxresident)k\n\t%I inputs+%O outputs\t(%F major+%R minor)pagefaults\t%W swaps\n" mpirun -n 8 -hostfile ./conf/hostsfile ./bin/tmpi
	261.30 user	171.09 system	1:52.00 elapsed
	386% CPU	(0 avgtext+0 avgdata	24624 maxresident)k
	0 inputs+56248 outputs	(7 major+13393 minor)pagefaults	0 swaps
"
Evaluate
	title = Cluster tmi n8
	examplesFileName = datasets/test.csv
	matchesFileName = out/big-cluster.csv
	plotSavePath = experiments/big-cluster.log.png

Count per class
           id
class        
A      447179
N      206278
### Cluster tmi n8

NaN labels: 0
saving experiments/big-cluster.log.png
Confusion Matrix
Classes (act)       A       N assigned    hits
Labels (pred)                                 
-               12469    2931        -       0
0                 155      40        A     155
1                 920      96        A     920
2                   0     125        N     125
3                 165       0        A     165
4                   4       1        A       4
N              433466  203085        N  203085
Classes           ['A' 'N']
Initial labels    ['-', 'N']
Labels (item)     [('N', 0), ('-', 19), ('1', 176855), ('2', 182949), ('0', 358231), ('3', 419934), ('4', 537955)] 7
Total examples    (653457, 25)
Total matches     (653458, 4)
Hits               204454 ( 31.288009%)
Misses             433603 ( 66.355144%)
Unknowns            15400 (  2.356693%)
Unk. reprocessed        1 (  0.006494%)
Total              653457 ( 99.999847%)

-------- cluster with n 9 --------
[lanche:10846] pmix_mca_base_component_repository_open: unable to open mca_gds_ds21: /usr/lib/arm-linux-gnueabihf/libmca_common_dstore.so.1: undefined symbol: pmix_cb_t_class (ignored)
[lanche:10846] pmix_mca_base_component_repository_open: unable to open mca_gds_ds12: /usr/lib/arm-linux-gnueabihf/libmca_common_dstore.so.1: undefined symbol: pmix_cb_t_class (ignored)
[lanche:10849] pmix_mca_base_component_repository_open: unable to open mca_gds_ds21: /usr/lib/arm-linux-gnueabihf/libmca_common_dstore.so.1: undefined symbol: pmix_cb_t_class (ignored)
[lanche:10849] pmix_mca_base_component_repository_open: unable to open mca_gds_ds12: /usr/lib/arm-linux-gnueabihf/libmca_common_dstore.so.1: undefined symbol: pmix_cb_t_class (ignored)
./bin/tmpi; kParam=100; dim=22; precision=1.000000e-08; radiusF=2.500000e-01; minExamplesPerCluster=20; noveltyF=1.400000e+00; outputMode 2, nClassifiers 1
[sampler 0]
Taking test stream from stdin, sampler at 0/9
[m_receiver 2]
[m_receiver 3]
[m_receiver 1]
[classifier 8]
[m_receiver 8]
[classifier 5]
[classifier 6]
[m_receiver 7]
[m_receiver 4]
[classifier 7]
[classifier 4]
[m_receiver 5]
[classifier 1]
[m_receiver 6]
[detector 0]
[classifier 3]
[classifier 2]
model complete
Novelties   1, Extensions  22, Unknowns   2000, consumed   1842, reclassified      0, garbageCollected      0
realloc model 200
realloc model 200
realloc model 200
realloc model 200
realloc model 200
realloc model 200
realloc model 200
realloc model 200
Novelties   2, Extensions  14, Unknowns   2000, consumed   1763, reclassified      0, garbageCollected    128
Novelties   1, Extensions   6, Unknowns   2000, consumed   1797, reclassified      0, garbageCollected     99
Novelties   2, Extensions  16, Unknowns   2000, consumed   1758, reclassified      0, garbageCollected     67
Novelties   4, Extensions  19, Unknowns   2000, consumed   1757, reclassified      0, garbageCollected     80
Novelties   1, Extensions  16, Unknowns   2000, consumed   1751, reclassified      0, garbageCollected     88
realloc model 300
realloc model 300
realloc model 300
realloc model 300
realloc model 300
realloc model 300
realloc model 300
realloc model 300
Novelties   0, Extensions   9, Unknowns   2000, consumed   1770, reclassified      0, garbageCollected    120
[sampler] itemsWhere: ,   0 =>        0,   1 =>    81683,   2 =>    81683,   3 =>    81682,   4 =>    81682,   5 =>    81682,   6 =>    81682,   7 =>    81682,   8 =>    81682
[sampler 0] MFOG_EOS_MARKER to 1
[sampler 0] MFOG_EOS_MARKER to 2
[sampler 0] MFOG_EOS_MARKER to 3
[sampler 0] MFOG_EOS_MARKER to 4
[sampler 0] MFOG_EOS_MARKER to 5
[sampler 0] MFOG_EOS_MARKER to 6
[sampler 0] MFOG_EOS_MARKER to 7
[sampler 0] MFOG_EOS_MARKER to 8
[sampler   0] (items        0) (ioTime 9.831977e+01), (cpuTime 5.949209e+00), (lockTime 0.000000e+00), (total 1.086517e+02). At src/threaded-mpi.c:269
[classifier 8] sends 81682
[classifier   8] (items    81682) (ioTime 1.008301e+02), (cpuTime 8.816210e+00), (lockTime 5.976970e-01), (total 1.108409e+02). At src/threaded-mpi.c:106
[detector   0] MFOG_EOS_MARKER 1 / 8
[classifier 3] sends 81682
[classifier   3] (items    81682) (ioTime 7.826203e+01), (cpuTime 8.520544e+00), (lockTime 5.982530e-01), (total 8.786882e+01). At src/threaded-mpi.c:106
[detector   0] MFOG_EOS_MARKER 2 / 8
[detector   0] MFOG_EOS_MARKER 3 / 8
[classifier 4] sends 81682
[classifier   4] (items    81682) (ioTime 9.111705e+01), (cpuTime 7.985648e+00), (lockTime 1.520442e+00), (total 1.010656e+02). At src/threaded-mpi.c:106
[classifier 5] sends 81682
[classifier   5] (items    81682) (ioTime 9.172223e+01), (cpuTime 9.165808e+00), (lockTime 7.906370e-01), (total 1.024619e+02). At src/threaded-mpi.c:106
[classifier 7] sends 81682
[classifier   7] (items    81682) (ioTime 9.114532e+01), (cpuTime 7.066419e+00), (lockTime 5.337770e-01), (total 9.922543e+01). At src/threaded-mpi.c:106
[classifier 6] sends 81682
[classifier   6] (items    81682) (ioTime 9.266648e+01), (cpuTime 7.707561e+00), (lockTime 5.647780e-01), (total 1.015310e+02). At src/threaded-mpi.c:106
[detector   0] MFOG_EOS_MARKER 4 / 8
[detector   0] MFOG_EOS_MARKER 5 / 8
[detector   0] MFOG_EOS_MARKER 6 / 8
[detector   0] MFOG_EOS_MARKER 7 / 8
[classifier 2] sends 81683
[classifier   2] (items    81683) (ioTime 7.774146e+01), (cpuTime 8.688656e+00), (lockTime 6.005500e-01), (total 8.756678e+01). At src/threaded-mpi.c:106
[classifier 1] sends 81683
[classifier   1] (items    81683) (ioTime 7.576300e+01), (cpuTime 9.685152e+00), (lockTime 5.871040e-01), (total 8.655182e+01). At src/threaded-mpi.c:106
[detector   0] MFOG_EOS_MARKER 8 / 8
[detector] itemsWhere: ,   0 =>        0,   1 =>    81683,   2 =>    81683,   3 =>    81682,   4 =>    81682,   5 =>    81682,   6 =>    81682,   7 =>    81682,   8 =>    81682
[m_receiver   2] (items      213) (ioTime 7.862485e+01), (cpuTime 5.222000e-03), (lockTime 2.817000e-03), (total 8.758444e+01). At src/threaded-mpi.c:156
[m_receiver   3] (items      213) (ioTime 7.877695e+01), (cpuTime 3.248000e-03), (lockTime 4.207000e-03), (total 8.792385e+01). At src/threaded-mpi.c:156
[node   3] Statistics items:      93910, hits:      92059, misses:       1851,
'   N':      87587, '   1':        235, '   2':        296, '   3':        324, '   4':        107,
'   5':       3329, '   6':         52, '   7':         31, '   8':         27, '   9':         27,
'  10':         44
[node   2] Statistics items:      93911, hits:      92149, misses:       1762,
'   N':      87583, '   1':        242, '   2':        305, '   3':        332, '   4':        105,
'   5':       3398, '   6':         49, '   7':         34, '   8':         30, '   9':         27,
'  10':         44
[detector     0] (items   653466) (ioTime 8.057469e+01), (cpuTime 2.399910e+01), (lockTime 0.000000e+00), (total 1.086684e+02). At src/threaded-mpi.c:368
[node   0] Statistics items:      12228, hits:      12228, misses:          0,
'   N':       8903, '   1':        217, '   2':        252, '   3':        250, '   4':         95,
'   5':       2341, '   6':         49, '   7':         27, '   8':         25, '   9':         25,
'  10':         44
[m_receiver   5] (items      213) (ioTime 9.227051e+01), (cpuTime 1.850500e-02), (lockTime 5.330000e-03), (total 1.024858e+02). At src/threaded-mpi.c:156
[m_receiver   8] (items      213) (ioTime 9.948970e+01), (cpuTime 8.097000e-03), (lockTime 1.331000e-03), (total 1.108869e+02). At src/threaded-mpi.c:156
[m_receiver   1] (items      213) (ioTime 7.699265e+01), (cpuTime 1.737300e-02), (lockTime 3.802000e-03), (total 8.655732e+01). At src/threaded-mpi.c:156
[node   1] Statistics items:      93911, hits:      92178, misses:       1733,
'   N':      87643, '   1':        243, '   2':        312, '   3':        340, '   4':        121,
'   5':       3339, '   6':         51, '   7':         31, '   8':         25, '   9':         29,
'  10':         44
[m_receiver   7] (items      213) (ioTime 8.893651e+01), (cpuTime 2.427000e-03), (lockTime 2.684000e-03), (total 9.925103e+01). At src/threaded-mpi.c:156
[node   8] Statistics items:      93910, hits:      92059, misses:       1851,
'   N':      87535, '   1':        242, '   2':        307, '   3':        330, '   4':        107,
'   5':       3363, '   6':         50, '   7':         30, '   8':         26, '   9':         25,
'  10':         44
[m_receiver   4] (items      213) (ioTime 9.031453e+01), (cpuTime 3.050000e-03), (lockTime 3.651000e-03), (total 1.010906e+02). At src/threaded-mpi.c:156
[node   5] Statistics items:      93910, hits:      92122, misses:       1788,
'   N':      87580, '   1':        241, '   2':        325, '   3':        326, '   4':        113,
'   5':       3359, '   6':         51, '   7':         31, '   8':         26, '   9':         26,
'  10':         44
[node   4] Statistics items:      93910, hits:      92062, misses:       1848,
'   N':      87579, '   1':        248, '   2':        313, '   3':        325, '   4':        111,
'   5':       3312, '   6':         49, '   7':         29, '   8':         27, '   9':         25,
'  10':         44
[node   7] Statistics items:      93910, hits:      92032, misses:       1878,
'   N':      87503, '   1':        251, '   2':        318, '   3':        336, '   4':        125,
'   5':       3321, '   6':         49, '   7':         31, '   8':         26, '   9':         28,
'  10':         44
[m_receiver   6] (items      213) (ioTime 9.130594e+01), (cpuTime 9.687000e-03), (lockTime 3.579000e-03), (total 1.015417e+02). At src/threaded-mpi.c:156
[node   6] Statistics items:      93910, hits:      92082, misses:       1828,
'   N':      87576, '   1':        247, '   2':        312, '   3':        337, '   4':        109,
'   5':       3324, '   6':         50, '   7':         31, '   8':         26, '   9':         26,
'  10':         44
[root    ] Statistics items:     763510, hits:     748971, misses:      14539,
'   N':     709489, '   1':       2166, '   2':       2740, '   3':       2900, '   4':        993,
'   5':      29086, '   6':        450, '   7':        275, '   8':        238, '   9':        238,
'  10':        396
[./bin/tmpi 0/9 c1] 1.088359e+02 seconds. At src/threaded-mpi.c:465
"/usr/bin/time --output=experiments/timing.log --append --format="%C\n\t%U user\t%S system\t%E elapsed\n\t%P CPU\t(%X avgtext+%D avgdata\t%M maxresident)k\n\t%I inputs+%O outputs\t(%F major+%R minor)pagefaults\t%W swaps\n" mpirun -n 9 -hostfile ./conf/hostsfile ./bin/tmpi
	235.94 user	160.42 system	1:42.50 elapsed
	386% CPU	(0 avgtext+0 avgdata	29124 maxresident)k
	0 inputs+55640 outputs	(7 major+16135 minor)pagefaults	0 swaps
"
Evaluate
	title = Cluster tmi n9
	examplesFileName = datasets/test.csv
	matchesFileName = out/big-cluster.csv
	plotSavePath = experiments/big-cluster.log.png

Count per class
           id
class        
A      447179
N      206278
### Cluster tmi n9

NaN labels: 0
saving experiments/big-cluster.log.png
Confusion Matrix
Classes (act)       A       N assigned    hits
Labels (pred)                                 
-               11472    3067        -       0
0                 113      40        A     113
1                   0      60        N      60
2                 472       0        A     472
3                 580      70        A     580
4                 138       0        A     138
5                8017       0        A    8017
6                   0       9        N       9
7                  31       1        A      31
8                  12       1        A      12
9                   0      13        N      13
N              426344  203017        N  203017
Classes           ['A' 'N']
Initial labels    ['-', 'N']
Labels (item)     [('N', 0), ('-', 19), ('3', 192049), ('2', 193724), ('1', 202723), ('4', 419803), ('0', 420636), ('6', 487938), ('9', 489721), ('7', 513076), ('8', 513662), ('5', 543913)] 12
Total examples    (653457, 25)
Total matches     (653458, 4)
Hits               212462 ( 32.513490%)
Misses             426456 ( 65.261425%)
Unknowns            14539 (  2.224933%)
Unk. reprocessed        1 (  0.006878%)
Total              653457 ( 99.999847%)

-------- cluster with n 10 --------
[lanche:10869] pmix_mca_base_component_repository_open: unable to open mca_gds_ds21: /usr/lib/arm-linux-gnueabihf/libmca_common_dstore.so.1: undefined symbol: pmix_cb_t_class (ignored)
[lanche:10869] pmix_mca_base_component_repository_open: unable to open mca_gds_ds12: /usr/lib/arm-linux-gnueabihf/libmca_common_dstore.so.1: undefined symbol: pmix_cb_t_class (ignored)
[lanche:10872] pmix_mca_base_component_repository_open: unable to open mca_gds_ds21: /usr/lib/arm-linux-gnueabihf/libmca_common_dstore.so.1: undefined symbol: pmix_cb_t_class (ignored)
[lanche:10872] pmix_mca_base_component_repository_open: unable to open mca_gds_ds12: /usr/lib/arm-linux-gnueabihf/libmca_common_dstore.so.1: undefined symbol: pmix_cb_t_class (ignored)
[lanche:10873] pmix_mca_base_component_repository_open: unable to open mca_gds_ds21: /usr/lib/arm-linux-gnueabihf/libmca_common_dstore.so.1: undefined symbol: pmix_cb_t_class (ignored)
[lanche:10873] pmix_mca_base_component_repository_open: unable to open mca_gds_ds12: /usr/lib/arm-linux-gnueabihf/libmca_common_dstore.so.1: undefined symbol: pmix_cb_t_class (ignored)
[classifier 2]
[m_receiver 1]
[m_receiver 3]
[classifier 1]
./bin/tmpi; kParam=100; dim=22; precision=1.000000e-08; radiusF=2.500000e-01; minExamplesPerCluster=20; noveltyF=1.400000e+00; outputMode 2, nClassifiers 1
[sampler 0]
Taking test stream from stdin, sampler at 0/10
[m_receiver 2]
[classifier 9]
[m_receiver 9]
[classifier 8]
[m_receiver 8]
[classifier 5]
[m_receiver 6]
[m_receiver 7]
[classifier 3]
[m_receiver 5]
[classifier 4]
[m_receiver 4]
[classifier 6]
[classifier 7]
[detector 0]
model complete
Novelties   1, Extensions  22, Unknowns   2000, consumed   1822, reclassified      0, garbageCollected      0
realloc model 200
realloc model 200
realloc model 200
realloc model 200
realloc model 200
realloc model 200
realloc model 200
realloc model 200
realloc model 200
Novelties   2, Extensions  18, Unknowns   2000, consumed   1841, reclassified      0, garbageCollected     90
Novelties   0, Extensions  13, Unknowns   2000, consumed   1857, reclassified      0, garbageCollected     46
Novelties   1, Extensions  17, Unknowns   2000, consumed   1833, reclassified      0, garbageCollected     27
Novelties   1, Extensions   8, Unknowns   2000, consumed   1805, reclassified      0, garbageCollected     80
Novelties   1, Extensions  26, Unknowns   2000, consumed   1761, reclassified      0, garbageCollected     48
realloc model 300
realloc model 300
realloc model 300
realloc model 300
realloc model 300
realloc model 300
realloc model 300
realloc model 300
realloc model 300
Novelties   1, Extensions  15, Unknowns   2000, consumed   1676, reclassified      0, garbageCollected    128
[sampler] itemsWhere: ,   0 =>        0,   1 =>    72607,   2 =>    72607,   3 =>    72607,   4 =>    72607,   5 =>    72606,   6 =>    72606,   7 =>    72606,   8 =>    72606,   9 =>    72606
[sampler 0] MFOG_EOS_MARKER to 1
[sampler 0] MFOG_EOS_MARKER to 2
[sampler 0] MFOG_EOS_MARKER to 3
[sampler 0] MFOG_EOS_MARKER to 4
[sampler 0] MFOG_EOS_MARKER to 5
[sampler 0] MFOG_EOS_MARKER to 6
[sampler 0] MFOG_EOS_MARKER to 7
[sampler 0] MFOG_EOS_MARKER to 8
[sampler 0] MFOG_EOS_MARKER to 9
[sampler   0] (items        0) (ioTime 1.012715e+02), (cpuTime 5.835306e+00), (lockTime 0.000000e+00), (total 1.116685e+02). At src/threaded-mpi.c:269
[detector   0] MFOG_EOS_MARKER 1 / 9
[detector   0] MFOG_EOS_MARKER 2 / 9
[classifier 8] sends 72606
[classifier   8] (items    72606) (ioTime 9.733840e+01), (cpuTime 9.363864e+00), (lockTime 1.140680e+00), (total 1.085799e+02). At src/threaded-mpi.c:106
[classifier 9] sends 72606
[classifier   9] (items    72606) (ioTime 9.750859e+01), (cpuTime 9.170180e+00), (lockTime 7.612830e-01), (total 1.081952e+02). At src/threaded-mpi.c:106
[detector   0] MFOG_EOS_MARKER 3 / 9
[classifier 5] sends 72606
[classifier   5] (items    72606) (ioTime 8.872761e+01), (cpuTime 7.344059e+00), (lockTime 7.425590e-01), (total 9.744767e+01). At src/threaded-mpi.c:106
[detector   0] MFOG_EOS_MARKER 4 / 9
[classifier 6] sends 72606
[classifier   6] (items    72606) (ioTime 8.729847e+01), (cpuTime 8.800256e+00), (lockTime 6.309130e-01), (total 9.734304e+01). At src/threaded-mpi.c:106
[detector   0] MFOG_EOS_MARKER 5 / 9
[classifier 7] sends 72606
[classifier   7] (items    72606) (ioTime 9.093849e+01), (cpuTime 7.962499e+00), (lockTime 6.300720e-01), (total 9.994888e+01). At src/threaded-mpi.c:106
[detector   0] MFOG_EOS_MARKER 6 / 9
[classifier 4] sends 72607
[classifier   4] (items    72607) (ioTime 8.808508e+01), (cpuTime 9.902406e+00), (lockTime 1.622498e+00), (total 1.003083e+02). At src/threaded-mpi.c:106
[classifier 3] sends 72607
[classifier   3] (items    72607) (ioTime 7.440558e+01), (cpuTime 8.656306e+00), (lockTime 6.213800e-01), (total 8.419731e+01). At src/threaded-mpi.c:106
[detector   0] MFOG_EOS_MARKER 7 / 9
[classifier 1] sends 72607
[classifier   1] (items    72607) (ioTime 7.428851e+01), (cpuTime 9.231437e+00), (lockTime 6.107370e-01), (total 8.463998e+01). At src/threaded-mpi.c:106
[detector   0] MFOG_EOS_MARKER 8 / 9
[classifier 2] sends 72607
[classifier   2] (items    72607) (ioTime 7.469713e+01), (cpuTime 8.609018e+00), (lockTime 4.870600e-01), (total 8.433350e+01). At src/threaded-mpi.c:106
[detector   0] MFOG_EOS_MARKER 9 / 9
[detector] itemsWhere: ,   0 =>        0,   1 =>    72607,   2 =>    72607,   3 =>    72607,   4 =>    72607,   5 =>    72606,   6 =>    72606,   7 =>    72606,   8 =>    72606,   9 =>    72606
[m_receiver   2] (items      226) (ioTime 7.597770e+01), (cpuTime 2.331600e-02), (lockTime 4.054000e-03), (total 8.433579e+01). At src/threaded-mpi.c:156
[node   2] Statistics items:      85064, hits:      83575, misses:       1489,
'   N':      80897, '   1':        211, '   2':        299, '   3':        117, '   4':        414,
'   5':        214, '   6':       1423
[detector     0] (items   653467) (ioTime 7.371274e+01), (cpuTime 3.432834e+01), (lockTime 0.000000e+00), (total 1.125188e+02). At src/threaded-mpi.c:368
[m_receiver   3] (items      226) (ioTime 7.739817e+01), (cpuTime 1.381400e-02), (lockTime 6.127000e-03), (total 8.430540e+01). At src/threaded-mpi.c:156
[node   0] Statistics items:      12457, hits:      12457, misses:          0,
'   N':      11251, '   1':        191, '   2':        184, '   3':        109, '   4':        346,
'   5':        210, '   6':        166
[m_receiver   1] (items      226) (ioTime 7.662926e+01), (cpuTime 4.415000e-03), (lockTime 2.938000e-03), (total 8.467066e+01). At src/threaded-mpi.c:156
[node   1] Statistics items:      85064, hits:      83671, misses:       1393,
'   N':      81024, '   1':        207, '   2':        302, '   3':        118, '   4':        394,
'   5':        211, '   6':       1415
[node   3] Statistics items:      85064, hits:      83648, misses:       1416,
'   N':      80964, '   1':        206, '   2':        287, '   3':        117, '   4':        416,
'   5':        213, '   6':       1445
[m_receiver   8] (items      226) (ioTime 1.005102e+02), (cpuTime 3.027000e-03), (lockTime 7.328000e-03), (total 1.099932e+02). At src/threaded-mpi.c:156
[m_receiver   6] (items      226) (ioTime 8.988259e+01), (cpuTime 3.774000e-03), (lockTime 3.254000e-03), (total 9.875204e+01). At src/threaded-mpi.c:156
[node   8] Statistics items:      85063, hits:      83379, misses:       1684,
'   N':      81967, '   1':        209, '   2':        287, '   3':        112, '   4':        400,
'   5':        211, '   6':        193
[m_receiver   7] (items      226) (ioTime 9.259916e+01), (cpuTime 6.333000e-03), (lockTime 1.212300e-02), (total 1.013532e+02). At src/threaded-mpi.c:156
[node   7] Statistics items:      85063, hits:      83370, misses:       1693,
'   N':      81961, '   1':        208, '   2':        283, '   3':        115, '   4':        386,
'   5':        213, '   6':        204
[m_receiver   9] (items      226) (ioTime 1.003592e+02), (cpuTime 2.952000e-02), (lockTime 6.621000e-03), (total 1.096137e+02). At src/threaded-mpi.c:156
[m_receiver   4] (items      226) (ioTime 9.311026e+01), (cpuTime 2.435600e-02), (lockTime 4.449000e-03), (total 1.016945e+02). At src/threaded-mpi.c:156
[node   4] Statistics items:      85064, hits:      83431, misses:       1633,
'   N':      82004, '   1':        212, '   2':        279, '   3':        117, '   4':        405,
'   5':        210, '   6':        204
[node   9] Statistics items:      85063, hits:      83363, misses:       1700,
'   N':      81919, '   1':        208, '   2':        299, '   3':        111, '   4':        408,
'   5':        213, '   6':        205
[m_receiver   5] (items      226) (ioTime 9.015183e+01), (cpuTime 1.051100e-02), (lockTime 3.137000e-03), (total 9.885703e+01). At src/threaded-mpi.c:156
[node   5] Statistics items:      85063, hits:      83426, misses:       1637,
'   N':      81999, '   1':        205, '   2':        302, '   3':        112, '   4':        395,
'   5':        213, '   6':        200
[node   6] Statistics items:      85063, hits:      83359, misses:       1704,
'   N':      81921, '   1':        202, '   2':        308, '   3':        112, '   4':        395,
'   5':        211, '   6':        210
[root    ] Statistics items:     778028, hits:     763679, misses:      14349,
'   N':     745907, '   1':       2059, '   2':       2830, '   3':       1140, '   4':       3959,
'   5':       2119, '   6':       5665
[./bin/tmpi 0/10 c1] 1.126423e+02 seconds. At src/threaded-mpi.c:465
"/usr/bin/time --output=experiments/timing.log --append --format="%C\n\t%U user\t%S system\t%E elapsed\n\t%P CPU\t(%X avgtext+%D avgdata\t%M maxresident)k\n\t%I inputs+%O outputs\t(%F major+%R minor)pagefaults\t%W swaps\n" mpirun -n 10 -hostfile ./conf/hostsfile ./bin/tmpi
	228.53 user	163.23 system	1:41.54 elapsed
	385% CPU	(0 avgtext+0 avgdata	44752 maxresident)k
	0 inputs+55544 outputs	(7 major+23509 minor)pagefaults	0 swaps
"
Evaluate
	title = Cluster tmi n10
	examplesFileName = datasets/test.csv
	matchesFileName = out/big-cluster.csv
	plotSavePath = experiments/big-cluster.log.png

Count per class
           id
class        
A      447179
N      206278
### Cluster tmi n10

NaN labels: 0
saving experiments/big-cluster.log.png
Confusion Matrix
Classes (act)       A       N assigned    hits
Labels (pred)                                 
-               11454    2895        -       0
0                 718      44        A     718
2                 894      96        A     894
3                   0      50        N      50
4                 487      12        A     487
5                   0      10        N      10
6                3401       0        A    3401
N              430225  203171        N  203171
Classes           ['A' 'N']
Initial labels    ['-', 'N']
Labels (item)     [('N', 0), ('-', 19), ('2', 182431), ('3', 305838), ('4', 342117), ('0', 420636), ('5', 537338), ('6', 542143)] 8
Total examples    (653457, 25)
Total matches     (653458, 4)
Hits               208731 ( 31.942527%)
Misses             430377 ( 65.861463%)
Unknowns            14349 (  2.195857%)
Unk. reprocessed        1 (  0.006969%)
Total              653457 ( 99.999847%)

-------- cluster with n 11 --------
[lanche:10914] pmix_mca_base_component_repository_open: unable to open mca_gds_ds21: /usr/lib/arm-linux-gnueabihf/libmca_common_dstore.so.1: undefined symbol: pmix_cb_t_class (ignored)
[lanche:10914] pmix_mca_base_component_repository_open: unable to open mca_gds_ds12: /usr/lib/arm-linux-gnueabihf/libmca_common_dstore.so.1: undefined symbol: pmix_cb_t_class (ignored)
[lanche:10917] pmix_mca_base_component_repository_open: unable to open mca_gds_ds21: /usr/lib/arm-linux-gnueabihf/libmca_common_dstore.so.1: undefined symbol: pmix_cb_t_class (ignored)
[lanche:10917] pmix_mca_base_component_repository_open: unable to open mca_gds_ds12: /usr/lib/arm-linux-gnueabihf/libmca_common_dstore.so.1: undefined symbol: pmix_cb_t_class (ignored)
[lanche:10918] pmix_mca_base_component_repository_open: unable to open mca_gds_ds21: /usr/lib/arm-linux-gnueabihf/libmca_common_dstore.so.1: undefined symbol: pmix_cb_t_class (ignored)
[lanche:10918] pmix_mca_base_component_repository_open: unable to open mca_gds_ds12: /usr/lib/arm-linux-gnueabihf/libmca_common_dstore.so.1: undefined symbol: pmix_cb_t_class (ignored)
[lanche:10919] pmix_mca_base_component_repository_open: unable to open mca_gds_ds21: /usr/lib/arm-linux-gnueabihf/libmca_common_dstore.so.1: undefined symbol: pmix_cb_t_class (ignored)
[lanche:10919] pmix_mca_base_component_repository_open: unable to open mca_gds_ds12: /usr/lib/arm-linux-gnueabihf/libmca_common_dstore.so.1: undefined symbol: pmix_cb_t_class (ignored)
./bin/tmpi; kParam=100; dim=22; precision=1.000000e-08; radiusF=2.500000e-01; minExamplesPerCluster=20; noveltyF=1.400000e+00; outputMode 2, nClassifiers 1
[sampler 0]
[classifier 1]
[m_receiver 2]
[classifier 2]
Taking test stream from stdin, sampler at 0/11
[m_receiver 3]
[classifier 10]
[m_receiver 9]
[m_receiver 8]
[m_receiver 4]
[m_receiver 5]
[classifier 6]
[classifier 8]
[classifier 9]
[m_receiver 10]
[detector 0]
[classifier 7]
[classifier 4]
[m_receiver 6]
[m_receiver 7]
[classifier 5]
[classifier 3]
[m_receiver 1]
model complete
Novelties   1, Extensions  22, Unknowns   2000, consumed   1843, reclassified      0, garbageCollected      0
realloc model 200
realloc model 200
realloc model 200
realloc model 200
realloc model 200
realloc model 200
realloc model 200
realloc model 200
realloc model 200
realloc model 200
Novelties   1, Extensions  13, Unknowns   2000, consumed   1729, reclassified      0, garbageCollected    132
Novelties   1, Extensions   6, Unknowns   2000, consumed   1825, reclassified      0, garbageCollected    103
Novelties   1, Extensions  19, Unknowns   2000, consumed   1853, reclassified      0, garbageCollected     39
Novelties   1, Extensions   8, Unknowns   2000, consumed   1798, reclassified      0, garbageCollected    105
Novelties   1, Extensions  16, Unknowns   2000, consumed   1772, reclassified      0, garbageCollected     68
Novelties   1, Extensions  17, Unknowns   2000, consumed   1715, reclassified      0, garbageCollected     96
realloc model 300
realloc model 300
realloc model 300
realloc model 300
realloc model 300
realloc model 300
realloc model 300
realloc model 300
realloc model 300
realloc model 300
[sampler] itemsWhere: ,   0 =>        0,   1 =>    65346,   2 =>    65346,   3 =>    65346,   4 =>    65346,   5 =>    65346,   6 =>    65346,   7 =>    65346,   8 =>    65346,   9 =>    65345,  10 =>    65345
[sampler 0] MFOG_EOS_MARKER to 1
[sampler 0] MFOG_EOS_MARKER to 2
[sampler 0] MFOG_EOS_MARKER to 3
[sampler 0] MFOG_EOS_MARKER to 4
[sampler 0] MFOG_EOS_MARKER to 5
[sampler 0] MFOG_EOS_MARKER to 6
[sampler 0] MFOG_EOS_MARKER to 7
[sampler 0] MFOG_EOS_MARKER to 8
[sampler 0] MFOG_EOS_MARKER to 9
[sampler 0] MFOG_EOS_MARKER to 10
[sampler   0] (items        0) (ioTime 9.638374e+01), (cpuTime 5.855429e+00), (lockTime 0.000000e+00), (total 1.066438e+02). At src/threaded-mpi.c:269
[classifier 9] sends 65345
[classifier   9] (items    65345) (ioTime 9.047255e+01), (cpuTime 8.847083e+00), (lockTime 1.608777e+00), (total 1.013347e+02). At src/threaded-mpi.c:106
[classifier 8] sends 65346
[classifier   8] (items    65346) (ioTime 8.901211e+01), (cpuTime 9.777202e+00), (lockTime 2.538191e+00), (total 1.019213e+02). At src/threaded-mpi.c:106
[classifier 10] sends 65345
[classifier  10] (items    65345) (ioTime 9.218008e+01), (cpuTime 7.941445e+00), (lockTime 8.629380e-01), (total 1.015473e+02). At src/threaded-mpi.c:106
[classifier 7] sends 65346
[classifier   7] (items    65346) (ioTime 8.473615e+01), (cpuTime 6.452013e+00), (lockTime 6.965260e-01), (total 9.228337e+01). At src/threaded-mpi.c:106
[classifier 5] sends 65346
[classifier   5] (items    65346) (ioTime 8.760941e+01), (cpuTime 6.140757e+00), (lockTime 1.222263e+00), (total 9.537133e+01). At src/threaded-mpi.c:106
[classifier 4] sends 65346
[classifier   4] (items    65346) (ioTime 8.305682e+01), (cpuTime 6.981172e+00), (lockTime 1.444993e+00), (total 9.218475e+01). At src/threaded-mpi.c:106
[classifier 6] sends 65346
[classifier   6] (items    65346) (ioTime 8.553215e+01), (cpuTime 5.613299e+00), (lockTime 4.819360e-01), (total 9.201291e+01). At src/threaded-mpi.c:106
Novelties   0, Extensions   9, Unknowns   2000, consumed   1696, reclassified      0, garbageCollected    157
[detector   0] MFOG_EOS_MARKER 1 / 10
[detector   0] MFOG_EOS_MARKER 2 / 10
[detector   0] MFOG_EOS_MARKER 3 / 10
[detector   0] MFOG_EOS_MARKER 4 / 10
[detector   0] MFOG_EOS_MARKER 5 / 10
[detector   0] MFOG_EOS_MARKER 6 / 10
[detector   0] MFOG_EOS_MARKER 7 / 10
[classifier 3] sends 65346
[classifier   3] (items    65346) (ioTime 7.162829e+01), (cpuTime 7.829100e+00), (lockTime 4.936950e-01), (total 8.043437e+01). At src/threaded-mpi.c:106
[detector   0] MFOG_EOS_MARKER 8 / 10
[classifier 2] sends 65346
[classifier   2] (items    65346) (ioTime 7.024083e+01), (cpuTime 8.174601e+00), (lockTime 5.380840e-01), (total 7.933675e+01). At src/threaded-mpi.c:106
[detector   0] MFOG_EOS_MARKER 9 / 10
[classifier 1] sends 65346
[classifier   1] (items    65346) (ioTime 6.919953e+01), (cpuTime 7.964669e+00), (lockTime 4.831830e-01), (total 7.808022e+01). At src/threaded-mpi.c:106
[detector   0] MFOG_EOS_MARKER 10 / 10
[detector] itemsWhere: ,   0 =>        0,   1 =>    65346,   2 =>    65346,   3 =>    65346,   4 =>    65346,   5 =>    65346,   6 =>    65346,   7 =>    65346,   8 =>    65346,   9 =>    65345,  10 =>    65345
[m_receiver   1] (items      217) (ioTime 7.736279e+01), (cpuTime 4.735000e-03), (lockTime 4.296000e-03), (total 7.808796e+01). At src/threaded-mpi.c:156
[detector     0] (items   653468) (ioTime 7.503565e+01), (cpuTime 2.838123e+01), (lockTime 0.000000e+00), (total 1.078765e+02). At src/threaded-mpi.c:368
[m_receiver   2] (items      217) (ioTime 7.859394e+01), (cpuTime 3.911000e-03), (lockTime 5.713000e-03), (total 7.936806e+01). At src/threaded-mpi.c:156
[node   0] Statistics items:      14071, hits:      14071, misses:          0,
'   N':      12662, '   1':        317, '   2':        175, '   3':         53, '   4':        712,
'   5':         50, '   6':        102
[node   1] Statistics items:      79417, hits:      77920, misses:       1497,
'   N':      76280, '   1':        379, '   2':        241, '   3':         53, '   4':        815,
'   5':         50, '   6':        102
[m_receiver   8] (items      217) (ioTime 1.027709e+02), (cpuTime 2.293000e-03), (lockTime 1.727000e-03), (total 1.035457e+02). At src/threaded-mpi.c:156
[m_receiver   4] (items      217) (ioTime 9.302960e+01), (cpuTime 6.509000e-03), (lockTime 3.486000e-03), (total 9.381023e+01). At src/threaded-mpi.c:156
[m_receiver   9] (items      217) (ioTime 1.021859e+02), (cpuTime 2.849000e-03), (lockTime 2.137000e-03), (total 1.029610e+02). At src/threaded-mpi.c:156
[m_receiver   5] (items      217) (ioTime 9.619746e+01), (cpuTime 6.619000e-03), (lockTime 1.348600e-02), (total 9.698753e+01). At src/threaded-mpi.c:156
[m_receiver  10] (items      217) (ioTime 1.023962e+02), (cpuTime 3.838000e-03), (lockTime 1.233000e-03), (total 1.031698e+02). At src/threaded-mpi.c:156
[node  10] Statistics items:      79416, hits:      77813, misses:       1603,
'   N':      76144, '   1':        368, '   2':        271, '   3':         53, '   4':        825,
'   5':         50, '   6':        102
[node   4] Statistics items:      79417, hits:      77925, misses:       1492,
'   N':      76289, '   1':        369, '   2':        252, '   3':         53, '   4':        809,
'   5':         51, '   6':        102
[node   9] Statistics items:      79416, hits:      77848, misses:       1568,
'   N':      76166, '   1':        391, '   2':        257, '   3':         53, '   4':        826,
'   5':         53, '   6':        102
[node   5] Statistics items:      79417, hits:      77887, misses:       1530,
'   N':      76199, '   1':        378, '   2':        268, '   3':         54, '   4':        835,
'   5':         51, '   6':        102
[m_receiver   6] (items      217) (ioTime 9.283204e+01), (cpuTime 2.194000e-03), (lockTime 3.423000e-03), (total 9.361200e+01). At src/threaded-mpi.c:156
[m_receiver   3] (items      217) (ioTime 7.974639e+01), (cpuTime 3.544000e-03), (lockTime 3.557000e-03), (total 8.058770e+01). At src/threaded-mpi.c:156
[node   3] Statistics items:      79417, hits:      77904, misses:       1513,
'   N':      76214, '   1':        391, '   2':        254, '   3':         55, '   4':        836,
'   5':         52, '   6':        102
[node   8] Statistics items:      79417, hits:      77909, misses:       1508,
'   N':      76239, '   1':        382, '   2':        248, '   3':         53, '   4':        835,
'   5':         50, '   6':        102
[node   6] Statistics items:      79417, hits:      77906, misses:       1511,
'   N':      76229, '   1':        395, '   2':        250, '   3':         54, '   4':        826,
'   5':         50, '   6':        102
[node   2] Statistics items:      79417, hits:      77839, misses:       1578,
'   N':      76171, '   1':        382, '   2':        263, '   3':         56, '   4':        815,
'   5':         50, '   6':        102
[m_receiver   7] (items      217) (ioTime 9.312153e+01), (cpuTime 3.737000e-03), (lockTime 3.603000e-03), (total 9.389820e+01). At src/threaded-mpi.c:156
[node   7] Statistics items:      79417, hits:      77929, misses:       1488,
'   N':      76258, '   1':        370, '   2':        269, '   3':         53, '   4':        825,
'   5':         52, '   6':        102
[root    ] Statistics items:     808239, hits:     792951, misses:      15288,
'   N':     774851, '   1':       4122, '   2':       2748, '   3':        590, '   4':       8959,
'   5':        559, '   6':       1122
[./bin/tmpi 0/11 c1] 1.079924e+02 seconds. At src/threaded-mpi.c:465
"/usr/bin/time --output=experiments/timing.log --append --format="%C\n\t%U user\t%S system\t%E elapsed\n\t%P CPU\t(%X avgtext+%D avgdata\t%M maxresident)k\n\t%I inputs+%O outputs\t(%F major+%R minor)pagefaults\t%W swaps\n" mpirun -n 11 -hostfile ./conf/hostsfile ./bin/tmpi
	206.68 user	163.51 system	1:35.89 elapsed
	386% CPU	(0 avgtext+0 avgdata	28656 maxresident)k
	0 inputs+56144 outputs	(7 major+15485 minor)pagefaults	0 swaps
"
Evaluate
	title = Cluster tmi n11
	examplesFileName = datasets/test.csv
	matchesFileName = out/big-cluster.csv
	plotSavePath = experiments/big-cluster.log.png

Count per class
           id
class        
A      447179
N      206278
### Cluster tmi n11

NaN labels: 0
saving experiments/big-cluster.log.png
Confusion Matrix
Classes (act)       A       N assigned    hits
Labels (pred)                                 
-               12302    2986        -       0
0                 113      40        A     113
1                 482       0        A     482
2                 735      88        A     735
3                   0       7        N       7
4                 881     246        A     881
5                   0       9        N       9
N              432666  202902        N  202902
Classes           ['A' 'N']
Initial labels    ['-', 'N']
Labels (item)     [('N', 0), ('-', 19), ('1', 179571), ('2', 214202), ('4', 373572), ('0', 420636), ('5', 506566), ('3', 529111)] 8
Total examples    (653457, 25)
Total matches     (653458, 4)
Hits               205129 ( 31.391306%)
Misses             433040 ( 66.268987%)
Unknowns            15288 (  2.339554%)
Unk. reprocessed        1 (  0.006541%)
Total              653457 ( 99.999847%)

-------- cluster with n 12 --------
[lanche:10947] pmix_mca_base_component_repository_open: unable to open mca_gds_ds21: /usr/lib/arm-linux-gnueabihf/libmca_common_dstore.so.1: undefined symbol: pmix_cb_t_class (ignored)
[lanche:10947] pmix_mca_base_component_repository_open: unable to open mca_gds_ds12: /usr/lib/arm-linux-gnueabihf/libmca_common_dstore.so.1: undefined symbol: pmix_cb_t_class (ignored)
[lanche:10950] pmix_mca_base_component_repository_open: unable to open mca_gds_ds21: /usr/lib/arm-linux-gnueabihf/libmca_common_dstore.so.1: undefined symbol: pmix_cb_t_class (ignored)
[lanche:10950] pmix_mca_base_component_repository_open: unable to open mca_gds_ds12: /usr/lib/arm-linux-gnueabihf/libmca_common_dstore.so.1: undefined symbol: pmix_cb_t_class (ignored)
[lanche:10951] pmix_mca_base_component_repository_open: unable to open mca_gds_ds21: /usr/lib/arm-linux-gnueabihf/libmca_common_dstore.so.1: undefined symbol: pmix_cb_t_class (ignored)
[lanche:10951] pmix_mca_base_component_repository_open: unable to open mca_gds_ds12: /usr/lib/arm-linux-gnueabihf/libmca_common_dstore.so.1: undefined symbol: pmix_cb_t_class (ignored)
[lanche:10952] pmix_mca_base_component_repository_open: unable to open mca_gds_ds21: /usr/lib/arm-linux-gnueabihf/libmca_common_dstore.so.1: undefined symbol: pmix_cb_t_class (ignored)
[lanche:10952] pmix_mca_base_component_repository_open: unable to open mca_gds_ds12: /usr/lib/arm-linux-gnueabihf/libmca_common_dstore.so.1: undefined symbol: pmix_cb_t_class (ignored)
[lanche:10953] pmix_mca_base_component_repository_open: unable to open mca_gds_ds21: /usr/lib/arm-linux-gnueabihf/libmca_common_dstore.so.1: undefined symbol: pmix_cb_t_class (ignored)
[lanche:10953] pmix_mca_base_component_repository_open: unable to open mca_gds_ds12: /usr/lib/arm-linux-gnueabihf/libmca_common_dstore.so.1: undefined symbol: pmix_cb_t_class (ignored)
./bin/tmpi; kParam=100; dim=22; precision=1.000000e-08; radiusF=2.500000e-01; minExamplesPerCluster=20; noveltyF=1.400000e+00; outputMode 2, nClassifiers 1
[sampler 0]
Taking test stream from stdin, sampler at 0/12
[m_receiver 1]
[m_receiver 2]
[m_receiver 3]
[classifier 5]
[m_receiver 6]
[m_receiver 7]
[classifier 6]
[m_receiver 10]
[classifier 9]
[classifier 7]
[classifier 11]
[classifier 4]
[m_receiver 8]
[m_receiver 9]
[m_receiver 11]
[classifier 10]
[classifier 8]
[classifier 3]
[m_receiver 5]
[m_receiver 4]
[detector 0]
[classifier 1]
[classifier 2]
model complete
Novelties   1, Extensions  22, Unknowns   2000, consumed   1843, reclassified      0, garbageCollected      0
realloc model 200
realloc model 200
realloc model 200
realloc model 200
realloc model 200
realloc model 200
realloc model 200
realloc model 200
realloc model 200
realloc model 200
realloc model 200
Novelties   2, Extensions  13, Unknowns   2000, consumed   1753, reclassified      0, garbageCollected    126
Novelties   1, Extensions   5, Unknowns   2000, consumed   1776, reclassified      0, garbageCollected    111
Novelties   0, Extensions  19, Unknowns   2000, consumed   1736, reclassified      0, garbageCollected     78
Novelties   1, Extensions   8, Unknowns   2000, consumed   1844, reclassified      0, garbageCollected    115
Novelties   1, Extensions  19, Unknowns   2000, consumed   1787, reclassified      0, garbageCollected     21
Novelties   2, Extensions  20, Unknowns   2000, consumed   1733, reclassified      0, garbageCollected     72
realloc model 300
realloc model 300
realloc model 300
realloc model 300
realloc model 300
realloc model 300
realloc model 300
realloc model 300
realloc model 300
realloc model 300
realloc model 300
Novelties   1, Extensions   8, Unknowns   2000, consumed   1653, reclassified      0, garbageCollected    167
[sampler] itemsWhere: ,   0 =>        0,   1 =>    59406,   2 =>    59406,   3 =>    59406,   4 =>    59405,   5 =>    59405,   6 =>    59405,   7 =>    59405,   8 =>    59405,   9 =>    59405,  10 =>    59405,  11 =>    59405
[sampler 0] MFOG_EOS_MARKER to 1
[sampler 0] MFOG_EOS_MARKER to 2
[sampler 0] MFOG_EOS_MARKER to 3
[sampler 0] MFOG_EOS_MARKER to 4
[sampler 0] MFOG_EOS_MARKER to 5
[classifier 2] sends 59406
[classifier   2] (items    59406) (ioTime 6.972805e+01), (cpuTime 7.531756e+00), (lockTime 4.125230e-01), (total 7.810796e+01). At src/threaded-mpi.c:106
[detector   0] MFOG_EOS_MARKER 1 / 11
[detector   0] MFOG_EOS_MARKER 2 / 11
[classifier 3] sends 59406
[classifier   3] (items    59406) (ioTime 6.913314e+01), (cpuTime 6.801042e+00), (lockTime 4.476050e-01), (total 7.672126e+01). At src/threaded-mpi.c:106
[sampler 0] MFOG_EOS_MARKER to 6
[sampler 0] MFOG_EOS_MARKER to 7
[sampler 0] MFOG_EOS_MARKER to 8
[sampler 0] MFOG_EOS_MARKER to 9
[sampler 0] MFOG_EOS_MARKER to 10
[sampler 0] MFOG_EOS_MARKER to 11
[sampler   0] (items        0) (ioTime 9.593014e+01), (cpuTime 5.801068e+00), (lockTime 0.000000e+00), (total 1.062693e+02). At src/threaded-mpi.c:269
[detector   0] MFOG_EOS_MARKER 3 / 11
[classifier 4] sends 59405
[classifier   4] (items    59405) (ioTime 8.561380e+01), (cpuTime 5.350573e+00), (lockTime 9.850990e-01), (total 9.236132e+01). At src/threaded-mpi.c:106
[detector   0] MFOG_EOS_MARKER 4 / 11
[classifier 9] sends 59405
[classifier   9] (items    59405) (ioTime 8.788200e+01), (cpuTime 4.149594e+00), (lockTime 2.906270e-01), (total 9.260161e+01). At src/threaded-mpi.c:106
[detector   0] MFOG_EOS_MARKER 5 / 11
[classifier 7] sends 59405
[classifier   7] (items    59405) (ioTime 8.816548e+01), (cpuTime 4.428158e+00), (lockTime 3.196560e-01), (total 9.318961e+01). At src/threaded-mpi.c:106
[detector   0] MFOG_EOS_MARKER 6 / 11
[classifier 6] sends 59405
[classifier   6] (items    59405) (ioTime 8.611087e+01), (cpuTime 6.676931e+00), (lockTime 5.281370e-01), (total 9.387680e+01). At src/threaded-mpi.c:106
[detector   0] MFOG_EOS_MARKER 7 / 11
[classifier 5] sends 59405
[classifier   5] (items    59405) (ioTime 8.710486e+01), (cpuTime 5.078765e+00), (lockTime 6.389210e-01), (total 9.315392e+01). At src/threaded-mpi.c:106
[detector   0] MFOG_EOS_MARKER 8 / 11
[classifier 11] sends 59405
[classifier  11] (items    59405) (ioTime 8.893510e+01), (cpuTime 3.983735e+00), (lockTime 2.816330e-01), (total 9.350038e+01). At src/threaded-mpi.c:106
[detector   0] MFOG_EOS_MARKER 9 / 11
[classifier 10] sends 59405
[classifier  10] (items    59405) (ioTime 8.880971e+01), (cpuTime 4.406844e+00), (lockTime 3.583070e-01), (total 9.392879e+01). At src/threaded-mpi.c:106
[detector   0] MFOG_EOS_MARKER 10 / 11
[classifier 8] sends 59405
[classifier   8] (items    59405) (ioTime 8.519548e+01), (cpuTime 6.149575e+00), (lockTime 1.008374e+00), (total 9.282318e+01). At src/threaded-mpi.c:106
[classifier 1] sends 59406
[detector   0] MFOG_EOS_MARKER 11 / 11
[classifier   1] (items    59406) (ioTime 7.064747e+01), (cpuTime 7.787528e+00), (lockTime 4.186050e-01), (total 7.924717e+01). At src/threaded-mpi.c:106
[detector] itemsWhere: ,   0 =>        0,   1 =>    59406,   2 =>    59406,   3 =>    59406,   4 =>    59405,   5 =>    59405,   6 =>    59405,   7 =>    59405,   8 =>    59405,   9 =>    59405,  10 =>    59405,  11 =>    59405
[m_receiver   1] (items      223) (ioTime 7.500424e+01), (cpuTime 3.117000e-03), (lockTime 3.637000e-03), (total 7.926609e+01). At src/threaded-mpi.c:156
[detector     0] (items   653469) (ioTime 7.433673e+01), (cpuTime 2.772251e+01), (lockTime 0.000000e+00), (total 1.062942e+02). At src/threaded-mpi.c:368
[m_receiver   2] (items      223) (ioTime 7.398718e+01), (cpuTime 6.273000e-03), (lockTime 4.900000e-03), (total 7.814834e+01). At src/threaded-mpi.c:156
[node   1] Statistics items:      73338, hits:      71852, misses:       1486,
'   N':      70024, '   1':        267, '   2':        119, '   3':        389, '   4':        214,
'   5':        121, '   6':         68, '   7':         99, '   8':        551
[node   0] Statistics items:      13932, hits:      13932, misses:          0,
'   N':      12326, '   1':        246, '   2':         95, '   3':        322, '   4':        211,
'   5':        121, '   6':         64, '   7':         98, '   8':        449
[node   2] Statistics items:      73338, hits:      71881, misses:       1457,
'   N':      70068, '   1':        274, '   2':        114, '   3':        368, '   4':        212,
'   5':        121, '   6':         70, '   7':        101, '   8':        553
[m_receiver  10] (items      223) (ioTime 8.885382e+01), (cpuTime 2.746000e-03), (lockTime 1.543000e-03), (total 9.394471e+01). At src/threaded-mpi.c:156
[m_receiver   7] (items      223) (ioTime 8.812099e+01), (cpuTime 7.038000e-03), (lockTime 1.494000e-03), (total 9.321206e+01). At src/threaded-mpi.c:156
[m_receiver   3] (items      223) (ioTime 7.295000e+01), (cpuTime 3.756000e-03), (lockTime 3.495000e-03), (total 7.676733e+01). At src/threaded-mpi.c:156
[node   3] Statistics items:      73338, hits:      71843, misses:       1495,
'   N':      70032, '   1':        264, '   2':        116, '   3':        380, '   4':        212,
'   5':        121, '   6':         68, '   7':        102, '   8':        548
[m_receiver   8] (items      223) (ioTime 8.778382e+01), (cpuTime 3.250000e-03), (lockTime 1.505000e-03), (total 9.282990e+01). At src/threaded-mpi.c:156
[m_receiver   4] (items      223) (ioTime 8.727827e+01), (cpuTime 2.506000e-03), (lockTime 1.648200e-02), (total 9.237944e+01). At src/threaded-mpi.c:156
[m_receiver   9] (items      223) (ioTime 8.755648e+01), (cpuTime 2.254000e-03), (lockTime 1.110000e-03), (total 9.262765e+01). At src/threaded-mpi.c:156
[m_receiver   5] (items      223) (ioTime 8.806692e+01), (cpuTime 1.268500e-02), (lockTime 6.010000e-03), (total 9.315759e+01). At src/threaded-mpi.c:156
[node   8] Statistics items:      73337, hits:      71897, misses:       1440,
'   N':      70076, '   1':        270, '   2':        120, '   3':        383, '   4':        213,
'   5':        121, '   6':         70, '   7':        104, '   8':        540
[node   4] Statistics items:      73337, hits:      71898, misses:       1439,
'   N':      70043, '   1':        271, '   2':        115, '   3':        390, '   4':        212,
'   5':        121, '   6':         71, '   7':         99, '   8':        576
[node  10] Statistics items:      73337, hits:      71887, misses:       1450,
'   N':      70050, '   1':        270, '   2':        125, '   3':        394, '   4':        218,
'   5':        122, '   6':         67, '   7':         99, '   8':        542
[node   7] Statistics items:      73337, hits:      71864, misses:       1473,
'   N':      70043, '   1':        267, '   2':        117, '   3':        374, '   4':        211,
'   5':        121, '   6':         70, '   7':         99, '   8':        562
[node   9] Statistics items:      73337, hits:      71903, misses:       1434,
'   N':      70102, '   1':        265, '   2':        120, '   3':        378, '   4':        212,
'   5':        121, '   6':         69, '   7':        101, '   8':        535
[node   5] Statistics items:      73337, hits:      71911, misses:       1426,
'   N':      70110, '   1':        270, '   2':        124, '   3':        367, '   4':        211,
'   5':        121, '   6':         68, '   7':         99, '   8':        541
[m_receiver   6] (items      223) (ioTime 8.885616e+01), (cpuTime 2.221000e-03), (lockTime 2.007000e-03), (total 9.389715e+01). At src/threaded-mpi.c:156
[m_receiver  11] (items      223) (ioTime 8.841800e+01), (cpuTime 2.219000e-03), (lockTime 1.253300e-02), (total 9.352485e+01). At src/threaded-mpi.c:156
[node  11] Statistics items:      73337, hits:      71897, misses:       1440,
'   N':      70055, '   1':        276, '   2':        131, '   3':        385, '   4':        213,
'   5':        121, '   6':         71, '   7':         99, '   8':        546
[node   6] Statistics items:      73337, hits:      71874, misses:       1463,
'   N':      70039, '   1':        271, '   2':        123, '   3':        382, '   4':        212,
'   5':        121, '   6':         71, '   7':        100, '   8':        555
[root    ] Statistics items:     820642, hits:     804639, misses:      16003,
'   N':     782968, '   1':       3211, '   2':       1419, '   3':       4512, '   4':       2551,
'   5':       1453, '   6':        827, '   7':       1200, '   8':       6498
[./bin/tmpi 0/12 c1] 1.064449e+02 seconds. At src/threaded-mpi.c:465
"/usr/bin/time --output=experiments/timing.log --append --format="%C\n\t%U user\t%S system\t%E elapsed\n\t%P CPU\t(%X avgtext+%D avgdata\t%M maxresident)k\n\t%I inputs+%O outputs\t(%F major+%R minor)pagefaults\t%W swaps\n" mpirun -n 12 -hostfile ./conf/hostsfile ./bin/tmpi
	201.47 user	162.41 system	1:34.53 elapsed
	384% CPU	(0 avgtext+0 avgdata	26324 maxresident)k
	0 inputs+56648 outputs	(7 major+14253 minor)pagefaults	0 swaps
"
Evaluate
	title = Cluster tmi n12
	examplesFileName = datasets/test.csv
	matchesFileName = out/big-cluster.csv
	plotSavePath = experiments/big-cluster.log.png

Count per class
           id
class        
A      447179
N      206278
### Cluster tmi n12

NaN labels: 0
saving experiments/big-cluster.log.png
Confusion Matrix
Classes (act)       A       N assigned    hits
Labels (pred)                                 
-               12864    3139        -       0
0                1271      47        A    1271
1                   0     110        N     110
2                 279       0        A     279
3                 556      92        A     556
4                  19       0        A      19
5                   1       0        A       1
7                  24       0        A      24
N              432165  202890        N  202890
Classes           ['A' 'N']
Initial labels    ['-', 'N']
Labels (item)     [('N', 0), ('-', 19), ('2', 182293), ('1', 190483), ('3', 228438), ('0', 420636), ('4', 535986), ('7', 553620), ('5', 602061)] 9
Total examples    (653457, 25)
Total matches     (653458, 4)
Hits               205150 ( 31.394520%)
Misses             432304 ( 66.156356%)
Unknowns            16003 (  2.448971%)
Unk. reprocessed        1 (  0.006249%)
Total              653457 ( 99.999847%)

