./bin/tmpi; kParam=100; dim=22; precision=1.000000e-08; radiusF=2.500000e-01; minExamplesPerCluster=20; noveltyF=1.400000e+00;
	Hello from almoco, rank 0/2, outputMode 2, nClassifiers 1
[m_receiver 1]
[sampler 0]
Taking test stream from stdin, sampler at 0/2
[classifier 1]
[detector 0]
model complete
ND consumed   1844, reclassified      0, garbageCollected      0
ND consumed   1706, reclassified     54, garbageCollected     55
ND consumed   1945, reclassified     33, garbageCollected      4
ND consumed   1853, reclassified    102, garbageCollected      0
ND consumed   1801, reclassified     88, garbageCollected      2
ND consumed   1853, reclassified    106, garbageCollected      0
ND consumed   1884, reclassified     63, garbageCollected      1
[sampler] args->inFlight 352632
[sampler   0] (items   653558) (ioTime 2.444990e+01), (cpuTime 4.831998e+01), (lockTime 0.000000e+00), (total 7.689337e+01). At src/threaded-mpi.c:262
ND consumed   1938, reclassified     38, garbageCollected      1
[detector] args->inFlight   352630 (100 %)
ND consumed   1945, reclassified     49, garbageCollected      0
ND consumed   1969, reclassified     23, garbageCollected      0
ND consumed   1871, reclassified     90, garbageCollected      0
[detector] args->inFlight 326728
[detector     0] (items   326730) (ioTime 6.497161e+01), (cpuTime 2.863140e+01), (lockTime 0.000000e+00), (total 9.572515e+01). At src/threaded-mpi.c:429
[classifier   0] Statistics:      92275 items,          0 misses,  'N':      77745 '1':        202 '2':         73 '3':        111 '4':       3747 '5':        111 '6':       9482 '7':        158 '8':        560 '9':         59 '10':         27
[m_receiver   1] (items      335) (ioTime 9.515291e+01), (cpuTime 1.680100e-02), (lockTime 4.568580e-01), (total 9.580784e+01). At src/threaded-mpi.c:162
[classifier   1] (items   326773) (ioTime 5.169305e+01), (cpuTime 3.975588e+01), (lockTime 2.137933e+00), (total 9.579715e+01). At src/threaded-mpi.c:107
[root    ] Statistics:     489113 items,      22210 misses,  'N':     434804 '1':        429 '2':        179 '3':        651 '4':      20054 '5':        744 '6':      29201 '7':        572 '8':       2102 '9':        323 '10':         54
[node   1] Statistics:     396838 items,      22210 misses,  'N':     357059 '1':        227 '2':        106 '3':        540 '4':      16307 '5':        633 '6':      19719 '7':        414 '8':       1542 '9':        264 '10':         27
[./bin/tmpi 0] 9.587031e+01 seconds. At src/threaded-mpi.c:520
"/usr/bin/time --output=experiments/timing.log --append --format="%C\n\t%U user\t%S system\t%E elapsed\n\t%P CPU\t(%X avgtext+%D avgdata\t%M maxresident)k\n\t%I inputs+%O outputs\t(%F major+%R minor)pagefaults\t%W swaps\n" mpirun -n 2 ./bin/tmpi
	192.16 user	30.96 system	1:51.03 elapsed
	200% CPU	(0 avgtext+0 avgdata	323716 maxresident)k
	0 inputs+39336 outputs	(7 major+84612 minor)pagefaults	0 swaps
"

Evaluate
	title = Mfog tmi n2
	examplesFileName = datasets/test.csv
	matchesFileName = out/tmi-n2-1matches.csv
	plotSavePath = experiments/tmi-n2.log.png

Count per class
           id
class        
A      447179
N      206278
### Mfog tmi n2

saving experiments/tmi-n2.log.png
Confusion Matrix
Classes (act)       A      N assigned   hits
Labels (pred)                               
-               21011   1193        -      0
0                   2      0        A      2
1                   0     25        N     25
2                  33      0        A     33
3                 411     18        A    411
4               12545      5        A  12545
5                 519      2        A    519
6               10222      0        A  10222
7                 255      0        A    255
8                 979      0        A    979
9                 201      4        A    201
N              219711  59594        N  59594
Classes           ['A' 'N']
Initial labels    ['-', 'N']
Labels (item)     [('N', 0), ('-', 19), ('1', 167099), ('3', 167557), ('4', 177133), ('5', 177437), ('2', 223093), ('6', 261016), ('7', 290990), ('0', 292679), ('8', 304032), ('9', 305571)] 12
Total examples    (653457, 25)
Total matches     (326730, 4)
Hits                84786 ( 12.974993%)
Misses             546467 ( 83.627079%)
Unknowns            22204 (  3.397928%)
Unk. reprocessed  -326727 (-1471.478112%)
Total              653457 (100.000000%)

