
------- Classifers 1 -------
./bin/tmpi; kParam=100; dim=22; precision=1.000000e-08; radiusF=2.500000e-01; minExamplesPerCluster=20; noveltyF=1.400000e+00;
	Hello from almoco, rank 0/4, outputMode 2, nClassifiers 1
[m_receiver 1]
[sampler 0]
Taking test stream from stdin, sampler at 0/4
[m_receiver 3]
[m_receiver 2]
[detector 0]
model complete
ND consumed   1847, reclassified      0, garbageCollected      0
ND consumed   1819, reclassified      0, garbageCollected     44
ND consumed   1828, reclassified      0, garbageCollected     34
ND consumed   1816, reclassified      0, garbageCollected     56
ND consumed   1885, reclassified      0, garbageCollected     61
ND consumed   1934, reclassified      0, garbageCollected     21
ND consumed   1935, reclassified      0, garbageCollected     17
ND consumed   1920, reclassified      0, garbageCollected     26
ND consumed   1935, reclassified      0, garbageCollected     24
ND consumed   1957, reclassified      0, garbageCollected     12
ND consumed   1887, reclassified      0, garbageCollected     60
ND consumed   1928, reclassified      0, garbageCollected     26
ND consumed   1905, reclassified      0, garbageCollected     23
ND consumed   1950, reclassified      0, garbageCollected     16
ND consumed   1913, reclassified      0, garbageCollected     36
ND consumed   1908, reclassified      0, garbageCollected     54
ND consumed   1980, reclassified      0, garbageCollected      5
ND consumed   1922, reclassified      0, garbageCollected     25
ND consumed   1928, reclassified      0, garbageCollected     34
ND consumed   1860, reclassified      0, garbageCollected     42
ND consumed   1908, reclassified      0, garbageCollected     45
ND consumed   1875, reclassified      0, garbageCollected     55
ND consumed   1699, reclassified      0, garbageCollected    149
ND consumed   1833, reclassified      0, garbageCollected     23
ND consumed   1754, reclassified      0, garbageCollected     90
ND consumed   1759, reclassified      0, garbageCollected     70
[sampler] args->inFlight 0, itemsWhere: ,   0 =>        0,   1 =>   217820,   2 =>   217819,   3 =>   217819
[sampler 0] MFOG_EOS_MARKER to 1
[sampler 0] MFOG_EOS_MARKER to 2
[sampler 0] MFOG_EOS_MARKER to 3
[sampler   0] (items   653558) (ioTime 9.285899e+01), (cpuTime 3.580359e+01), (lockTime 0.000000e+00), (total 1.321403e+02). At src/threaded-mpi.c:278
[classifier   3] (items   217819) (ioTime 7.655385e+01), (cpuTime 4.184320e+01), (lockTime 1.563386e+00), (total 1.214498e+02). At src/threaded-mpi.c:108
[detector   0] MFOG_EOS_MARKER 1 / 3 
[classifier   1] (items   217820) (ioTime 7.903024e+01), (cpuTime 4.184743e+01), (lockTime 1.563534e+00), (total 1.237884e+02). At src/threaded-mpi.c:108
[detector   0] MFOG_EOS_MARKER 2 / 3 
[classifier   2] (items   217819) (ioTime 7.679390e+01), (cpuTime 4.469464e+01), (lockTime 1.382599e+00), (total 1.242750e+02). At src/threaded-mpi.c:108
[detector   0] MFOG_EOS_MARKER 3 / 3 
[detector] args->inFlight 0, itemsWhere: ,   0 =>        0,   1 =>   217820,   2 =>   217819,   3 =>   217819
[m_receiver   2] (items      721) (ioTime 1.163451e+02), (cpuTime 1.538170e-01), (lockTime 3.940200e-02), (total 1.242727e+02). At src/threaded-mpi.c:167
[m_receiver   1] (items      721) (ioTime 1.168050e+02), (cpuTime 1.161470e-01), (lockTime 3.298500e-02), (total 1.244232e+02). At src/threaded-mpi.c:167
[m_receiver   3] (items      721) (ioTime 1.156862e+02), (cpuTime 8.679200e-02), (lockTime 5.214100e-02), (total 1.226577e+02). At src/threaded-mpi.c:167
[detector     0] (items   653461) (ioTime 5.933123e+01), (cpuTime 7.125147e+01), (lockTime 0.000000e+00), (total 1.348289e+02). At src/threaded-mpi.c:458
[node   3] Statistics items:     200717, misses:      17102, 'N':     194707, '1':        177, '2':          7, '3':         39, '4':         65, '5':          8, '6':         30, '7':          0, '8':       3267, '9':       2240, '10':          0, '11':        169, '12':          8, '13':          0, '14':          0, '15':          0
[node   2] Statistics items:     200060, misses:      17759, 'N':     192975, '1':        183, '2':         10, '3':         49, '4':         65, '5':          6, '6':         38, '7':          0, '8':       3978, '9':       2558, '10':          0, '11':        194, '12':          4, '13':          0, '14':          0, '15':          0
[node   1] Statistics items:     201170, misses:      16650, 'N':     194887, '1':        196, '2':         13, '3':         48, '4':         63, '5':          7, '6':         34, '7':          0, '8':       3286, '9':       2482, '10':          0, '11':        146, '12':          8, '13':          0, '14':          0, '15':          0
[node   0] Statistics items:          0, misses:          0, 'N':          0, '1':          0, '2':          0, '3':          0, '4':          0, '5':          0, '6':          0, '7':          0, '8':          0, '9':          0, '10':          0, '11':          0, '12':          0, '13':          0, '14':          0, '15':          0
[root    ] Statistics items:     601947, misses:      51511, 'N':     582569, '1':        556, '2':         30, '3':        136, '4':        193, '5':         21, '6':        102, '7':          0, '8':      10531, '9':       7280, '10':          0, '11':        509, '12':         20, '13':          0, '14':          0, '15':          0
[./bin/tmpi 0/4] 1.349680e+02 seconds. At src/threaded-mpi.c:554
"/usr/bin/time --output=experiments/timing.log --append --format="%C\n\t%U user\t%S system\t%E elapsed\n\t%P CPU\t(%X avgtext+%D avgdata\t%M maxresident)k\n\t%I inputs+%O outputs\t(%F major+%R minor)pagefaults\t%W swaps\n" mpirun -n 4 ./bin/tmpi 2 1
	481.07 user	48.72 system	2:15.38 elapsed
	391% CPU	(0 avgtext+0 avgdata	91572 maxresident)k
	12960 inputs+66696 outputs	(103 major+36958 minor)pagefaults	0 swaps
"
Evaluate
	title = Mfog Classifer Threads 1
	examplesFileName = datasets/test.csv
	matchesFileName = out/tmi-classifiers-1matches.csv
	plotSavePath = experiments/tmi-classifiers.log.png

Count per class
           id
class        
A      447179
N      206278
### Mfog Classifer Threads 1

NaN labels: 0
saving experiments/tmi-classifiers.log.png
Confusion Matrix
Classes (act)       A       N assigned    hits
Labels (pred)                                 
-               46986    4525        -       0
0                 139      46        A     139
1                 403       0        A     403
11                444      53        A     444
2                   0      30        N      30
3                 136       0        A     136
4                 192       1        A     192
5                  21       0        A      21
6                 102       0        A     102
8               10526       5        A   10526
9                6954     326        A    6954
N              381276  201292        N  201292
Classes           ['A' 'N']
Initial labels    ['-', 'N']
Labels (item)     [('N', 0), ('-', 19), ('4', 180409), ('1', 183322), ('6', 184426), ('2', 190483), ('5', 198646), ('3', 223093), ('8', 237358), ('9', 237385), ('0', 265483), ('11', 313606)] 12
Total examples    (653457, 25)
Total matches     (653458, 4)
Hits               220239 ( 33.703620%)
Misses             381707 ( 58.413395%)
Unknowns            51511 (  7.882833%)
Unk. reprocessed        1 (  0.001941%)
Total              653457 ( 99.999847%)

------- Classifers 2 -------
./bin/tmpi; kParam=100; dim=22; precision=1.000000e-08; radiusF=2.500000e-01; minExamplesPerCluster=20; noveltyF=1.400000e+00;
	Hello from almoco, rank 0/4, outputMode 2, nClassifiers 2
[m_receiver 2]
[sampler 0]
[m_receiver 1]
Taking test stream from stdin, sampler at 0/4
[m_receiver 3]
[detector 0]
model complete
ND consumed   1844, reclassified      0, garbageCollected      0
ND consumed   1772, reclassified      0, garbageCollected     48
ND consumed   1867, reclassified      0, garbageCollected     18
ND consumed   1945, reclassified      0, garbageCollected      5
ND consumed   1758, reclassified      0, garbageCollected     11
ND consumed   1848, reclassified      0, garbageCollected     25
ND consumed   1821, reclassified      0, garbageCollected     14
ND consumed   1953, reclassified      0, garbageCollected     10
ND consumed   1864, reclassified      0, garbageCollected      5
ND consumed   1961, reclassified      0, garbageCollected      7
ND consumed   1886, reclassified      0, garbageCollected      7
ND consumed   1886, reclassified      0, garbageCollected     22
ND consumed   1904, reclassified      0, garbageCollected     34
ND consumed   1946, reclassified      0, garbageCollected      2
ND consumed   1886, reclassified      0, garbageCollected     12
ND consumed   1946, reclassified      0, garbageCollected      8
ND consumed   1960, reclassified      0, garbageCollected      6
ND consumed   1938, reclassified      0, garbageCollected     16
ND consumed   1980, reclassified      0, garbageCollected      7
ND consumed   1910, reclassified      0, garbageCollected     16
ND consumed   1931, reclassified      0, garbageCollected     18
ND consumed   1966, reclassified      0, garbageCollected      6
ND consumed   1863, reclassified      0, garbageCollected     21
ND consumed   1862, reclassified      0, garbageCollected     18
ND consumed   1900, reclassified      0, garbageCollected     10
ND consumed   1841, reclassified      0, garbageCollected      7
ND consumed   1818, reclassified      0, garbageCollected     27
ND consumed   1762, reclassified      0, garbageCollected     37
ND consumed   1833, reclassified      0, garbageCollected     76
[sampler] args->inFlight 0, itemsWhere: ,   0 =>        0,   1 =>   217820,   2 =>   217819,   3 =>   217819
[sampler 0] MFOG_EOS_MARKER to 1
[sampler 0] MFOG_EOS_MARKER to 1
[sampler 0] MFOG_EOS_MARKER to 2
[sampler 0] MFOG_EOS_MARKER to 2
[sampler 0] MFOG_EOS_MARKER to 3
[sampler 0] MFOG_EOS_MARKER to 3
[sampler   0] (items   653558) (ioTime 1.074083e+02), (cpuTime 3.623118e+01), (lockTime 0.000000e+00), (total 1.505618e+02). At src/threaded-mpi.c:278
[classifier   1] (items   106689) (ioTime 1.235389e+02), (cpuTime 2.421864e+01), (lockTime 1.070416e+00), (total 1.498696e+02). At src/threaded-mpi.c:108
[detector   0] MFOG_EOS_MARKER 1 / 6 
[classifier   2] (items   109524) (ioTime 1.243005e+02), (cpuTime 2.307366e+01), (lockTime 1.008695e+00), (total 1.492642e+02). At src/threaded-mpi.c:108
[detector   0] MFOG_EOS_MARKER 2 / 6 
[classifier   3] (items   111993) (ioTime 1.279365e+02), (cpuTime 2.397104e+01), (lockTime 1.031930e+00), (total 1.538795e+02). At src/threaded-mpi.c:108
[classifier   2] (items   108295) (ioTime 1.240119e+02), (cpuTime 2.332040e+01), (lockTime 9.425910e-01), (total 1.492691e+02). At src/threaded-mpi.c:108
[detector   0] MFOG_EOS_MARKER 3 / 6 
[detector   0] MFOG_EOS_MARKER 4 / 6 
[classifier   3] (items   105826) (ioTime 1.291165e+02), (cpuTime 2.294044e+01), (lockTime 8.529810e-01), (total 1.538879e+02). At src/threaded-mpi.c:108
[detector   0] MFOG_EOS_MARKER 5 / 6 
[classifier   1] (items   111131) (ioTime 1.245561e+02), (cpuTime 2.336690e+01), (lockTime 9.873050e-01), (total 1.498855e+02). At src/threaded-mpi.c:108
[detector   0] MFOG_EOS_MARKER 6 / 6 
[detector] args->inFlight 0, itemsWhere: ,   0 =>        0,   1 =>   217820,   2 =>   217819,   3 =>   217819
[m_receiver   3] (items      686) (ioTime 1.397049e+02), (cpuTime 1.343700e-02), (lockTime 2.765930e-01), (total 1.538964e+02). At src/threaded-mpi.c:167
[m_receiver   1] (items      686) (ioTime 1.346846e+02), (cpuTime 2.359500e-02), (lockTime 3.459950e-01), (total 1.498956e+02). At src/threaded-mpi.c:167
[m_receiver   2] (items      686) (ioTime 1.343174e+02), (cpuTime 5.101200e-02), (lockTime 1.829610e-01), (total 1.492851e+02). At src/threaded-mpi.c:167
[detector     0] (items   653464) (ioTime 7.613240e+01), (cpuTime 7.035266e+01), (lockTime 0.000000e+00), (total 1.505673e+02). At src/threaded-mpi.c:458
[node   2] Statistics items:     198742, misses:      19017, 'N':     186639, '1':         96, '2':         51, '3':        283, '4':        118, '5':         11, '6':        776, '7':        922, '8':         16, '9':         28, '10':       5134, '11':       1620, '12':          0, '13':         36, '14':         52, '15':         31, '16':       2924, '17':          0, '18':          1, '19':          1, '20':          1, '21':          2
[node   1] Statistics items:     198864, misses:      18932, 'N':     186404, '1':         97, '2':         61, '3':        271, '4':        114, '5':         11, '6':        761, '7':       1004, '8':         14, '9':         17, '10':       5198, '11':       1718, '12':          0, '13':         33, '14':         46, '15':         34, '16':       3067, '17':          0, '18':          6, '19':          0, '20':          4, '21':          4
[node   0] Statistics items:          0, misses:          0, 'N':          0, '1':          0, '2':          0, '3':          0, '4':          0, '5':          0, '6':          0, '7':          0, '8':          0, '9':          0, '10':          0, '11':          0, '12':          0, '13':          0, '14':          0, '15':          0, '16':          0, '17':          0, '18':          0, '19':          0, '20':          0, '21':          0
[node   3] Statistics items:     198631, misses:      19117, 'N':     186493, '1':         73, '2':         56, '3':        292, '4':        139, '5':          8, '6':        752, '7':        956, '8':         19, '9':         21, '10':       5092, '11':       1664, '12':          0, '13':         41, '14':         53, '15':         27, '16':       2936, '17':          0, '18':          3, '19':          0, '20':          3, '21':          3
[root    ] Statistics items:     596237, misses:      57066, 'N':     559536, '1':        266, '2':        168, '3':        846, '4':        371, '5':         30, '6':       2289, '7':       2882, '8':         49, '9':         66, '10':      15424, '11':       5002, '12':          0, '13':        110, '14':        151, '15':         92, '16':       8927, '17':          0, '18':         10, '19':          1, '20':          8, '21':          9
[./bin/tmpi 0/4] 1.506765e+02 seconds. At src/threaded-mpi.c:554
"/usr/bin/time --output=experiments/timing.log --append --format="%C\n\t%U user\t%S system\t%E elapsed\n\t%P CPU\t(%X avgtext+%D avgdata\t%M maxresident)k\n\t%I inputs+%O outputs\t(%F major+%R minor)pagefaults\t%W swaps\n" mpirun -n 4 ./bin/tmpi 2 2
	580.29 user	47.11 system	2:39.82 elapsed
	392% CPU	(0 avgtext+0 avgdata	97120 maxresident)k
	0 inputs+70280 outputs	(7 major+34087 minor)pagefaults	0 swaps
"
Evaluate
	title = Mfog Classifer Threads 2
	examplesFileName = datasets/test.csv
	matchesFileName = out/tmi-classifiers-1matches.csv
	plotSavePath = experiments/tmi-classifiers.log.png

Count per class
           id
class        
A      447179
N      206278
### Mfog Classifer Threads 2

NaN labels: 0
saving experiments/tmi-classifiers.log.png
Confusion Matrix
Classes (act)       A       N assigned    hits
Labels (pred)                                 
-               52279    4790        -       0
0                 117      40        A     117
1                   0     113        N     113
10              15413      12        A   15413
11               4775     228        A    4775
13                 97      13        A      97
14                147       0        A     147
15                 89       3        A      89
16               8635     292        A    8635
18                  0      10        N      10
19                  0       1        N       1
2                 168       0        A     168
20                  8       0        A       8
21                  9       0        A       9
3                 776      70        A     776
4                 371       0        A     371
5                  30       0        A      30
6                2213      76        A    2213
7                2852      30        A    2852
8                  49       0        A      49
9                  66       0        A      66
N              359085  200600        N  200600
Classes           ['A' 'N']
Initial labels    ['-', 'N']
Labels (item)     [('N', 0), ('-', 19), ('4', 179545), ('7', 180410), ('3', 181275), ('1', 182949), ('6', 184009), ('9', 184086), ('8', 184285), ('5', 192051), ('10', 201286), ('11', 201294), ('2', 217774), ('13', 261704), ('14', 313585), ('16', 357815), ('15', 363485), ('0', 420636), ('18', 523556), ('20', 588500), ('21', 612426), ('19', 613228)] 22
Total examples    (653457, 25)
Total matches     (653458, 4)
Hits               236539 ( 36.198042%)
Misses             359849 ( 55.068421%)
Unknowns            57069 (  8.733385%)
Unk. reprocessed        1 (  0.001752%)
Total              653457 ( 99.999847%)

------- Classifers 3 -------
./bin/tmpi; kParam=100; dim=22; precision=1.000000e-08; radiusF=2.500000e-01; minExamplesPerCluster=20; noveltyF=1.400000e+00;
	Hello from almoco, rank 0/4, outputMode 2, nClassifiers 3
[sampler 0]
Taking test stream from stdin, sampler at 0/4
[m_receiver 1]
[m_receiver 2]
[m_receiver 3]
[detector 0]
model complete
ND consumed   1845, reclassified      0, garbageCollected      0
ND consumed   1773, reclassified      0, garbageCollected     54
ND consumed   1906, reclassified      0, garbageCollected      9
ND consumed   1906, reclassified      0, garbageCollected      4
ND consumed   1895, reclassified      0, garbageCollected      2
ND consumed   1770, reclassified      0, garbageCollected     13
ND consumed   1895, reclassified      0, garbageCollected     10
ND consumed   1792, reclassified      0, garbageCollected     10
ND consumed   1939, reclassified      0, garbageCollected      7
ND consumed   1894, reclassified      0, garbageCollected      3
ND consumed   1966, reclassified      0, garbageCollected      0
ND consumed   1933, reclassified      0, garbageCollected      3
ND consumed   1944, reclassified      0, garbageCollected      3
ND consumed   1929, reclassified      0, garbageCollected      4
ND consumed   1940, reclassified      0, garbageCollected      2
ND consumed   1972, reclassified      0, garbageCollected      1
ND consumed   1938, reclassified      0, garbageCollected      1
ND consumed   1932, reclassified      0, garbageCollected      2
ND consumed   1925, reclassified      0, garbageCollected      3
ND consumed   1939, reclassified      0, garbageCollected      2
ND consumed   1757, reclassified      0, garbageCollected     11
ND consumed   1792, reclassified      0, garbageCollected     26
ND consumed   1841, reclassified      0, garbageCollected     10
[sampler] args->inFlight 0, itemsWhere: ,   0 =>        0,   1 =>   217820,   2 =>   217819,   3 =>   217819
[sampler 0] MFOG_EOS_MARKER to 1
[sampler 0] MFOG_EOS_MARKER to 1
[sampler 0] MFOG_EOS_MARKER to 1
[sampler 0] MFOG_EOS_MARKER to 2
[sampler 0] MFOG_EOS_MARKER to 2
[sampler 0] MFOG_EOS_MARKER to 2
[sampler 0] MFOG_EOS_MARKER to 3
[sampler 0] MFOG_EOS_MARKER to 3
[sampler 0] MFOG_EOS_MARKER to 3
[sampler   0] (items   653558) (ioTime 1.242475e+02), (cpuTime 3.590807e+01), (lockTime 0.000000e+00), (total 1.672724e+02). At src/threaded-mpi.c:278
[classifier   1] (items    75869) (ioTime 1.546728e+02), (cpuTime 1.840938e+01), (lockTime 8.416610e-01), (total 1.747624e+02). At src/threaded-mpi.c:108
[classifier   1] (items    71706) (ioTime 1.549884e+02), (cpuTime 1.828739e+01), (lockTime 7.617700e-01), (total 1.747584e+02). At src/threaded-mpi.c:108
[detector   0] MFOG_EOS_MARKER 1 / 9 
[detector   0] MFOG_EOS_MARKER 2 / 9 
[classifier   1] (items    70245) (ioTime 1.556485e+02), (cpuTime 1.764269e+01), (lockTime 7.484190e-01), (total 1.747783e+02). At src/threaded-mpi.c:108
[detector   0] MFOG_EOS_MARKER 3 / 9 
[classifier   2] (items    71833) (ioTime 1.524237e+02), (cpuTime 1.766733e+01), (lockTime 8.977740e-01), (total 1.717506e+02). At src/threaded-mpi.c:108
[classifier   2] (items    77137) (ioTime 1.505668e+02), (cpuTime 1.946931e+01), (lockTime 9.192290e-01), (total 1.717504e+02). At src/threaded-mpi.c:108
[detector   0] MFOG_EOS_MARKER 4 / 9 
[detector   0] MFOG_EOS_MARKER 5 / 9 
[detector   0] MFOG_EOS_MARKER 6 / 9 
[classifier   2] (items    68849) (ioTime 1.536601e+02), (cpuTime 1.656454e+01), (lockTime 7.483000e-01), (total 1.717696e+02). At src/threaded-mpi.c:108
[classifier   3] (items    71079) (ioTime 1.539565e+02), (cpuTime 1.690242e+01), (lockTime 8.034880e-01), (total 1.723599e+02). At src/threaded-mpi.c:108
[classifier   3] (items    78733) (ioTime 1.522555e+02), (cpuTime 1.843366e+01), (lockTime 8.647510e-01), (total 1.723603e+02). At src/threaded-mpi.c:108
[classifier   3] (items    68007) (ioTime 1.545610e+02), (cpuTime 1.617428e+01), (lockTime 7.775210e-01), (total 1.723680e+02). At src/threaded-mpi.c:108
[detector   0] MFOG_EOS_MARKER 7 / 9 
[detector   0] MFOG_EOS_MARKER 8 / 9 
[detector   0] MFOG_EOS_MARKER 9 / 9 
[detector] args->inFlight 0, itemsWhere: ,   0 =>        0,   1 =>   217820,   2 =>   217819,   3 =>   217819
[m_receiver   2] (items      631) (ioTime 1.670197e+02), (cpuTime 7.094000e-03), (lockTime 1.651960e-01), (total 1.717734e+02). At src/threaded-mpi.c:167
[m_receiver   3] (items      631) (ioTime 1.677811e+02), (cpuTime 2.326600e-02), (lockTime 2.274280e-01), (total 1.723697e+02). At src/threaded-mpi.c:167
[m_receiver   1] (items      631) (ioTime 1.705808e+02), (cpuTime 2.417000e-02), (lockTime 1.179890e-01), (total 1.748102e+02). At src/threaded-mpi.c:167
[detector     0] (items   653467) (ioTime 8.842084e+01), (cpuTime 7.461709e+01), (lockTime 0.000000e+00), (total 1.672942e+02). At src/threaded-mpi.c:458
[node   2] Statistics items:     202786, misses:      14989, 'N':     193767, '1':        402, '2':        171, '3':         13, '4':        287, '5':         34, '6':         61, '7':         40, '8':       1713, '9':       4387, '10':       1458, '11':        115, '12':         39, '13':          6, '14':        290, '15':          1, '16':          1, '17':          1, '18':          0, '19':          0, '20':          0, '21':          0, '22':          0
[node   3] Statistics items:     203139, misses:      14628, 'N':     194094, '1':        401, '2':        191, '3':          9, '4':        297, '5':         31, '6':         77, '7':         27, '8':       1717, '9':       4376, '10':       1413, '11':        145, '12':         45, '13':          4, '14':        305, '15':          3, '16':          0, '17':          3, '18':          1, '19':          0, '20':          0, '21':          0, '22':          0
[node   0] Statistics items:          0, misses:          0, 'N':          0, '1':          0, '2':          0, '3':          0, '4':          0, '5':          0, '6':          0, '7':          0, '8':          0, '9':          0, '10':          0, '11':          0, '12':          0, '13':          0, '14':          0, '15':          0, '16':          0, '17':          0, '18':          0, '19':          0, '20':          0, '21':          0, '22':          0
[node   1] Statistics items:     202818, misses:      14924, 'N':     193728, '1':        395, '2':        166, '3':         11, '4':        278, '5':         36, '6':         74, '7':         37, '8':       1748, '9':       4404, '10':       1466, '11':        149, '12':         48, '13':          6, '14':        267, '15':          3, '16':          1, '17':          1, '18':          0, '19':          0, '20':          0, '21':          0, '22':          0
[root    ] Statistics items:     608743, misses:      44541, 'N':     581589, '1':       1198, '2':        528, '3':         33, '4':        862, '5':        101, '6':        212, '7':        104, '8':       5178, '9':      13167, '10':       4337, '11':        409, '12':        132, '13':         16, '14':        862, '15':          7, '16':          2, '17':          5, '18':          1, '19':          0, '20':          0, '21':          0, '22':          0
[./bin/tmpi 0/4] 1.673989e+02 seconds. At src/threaded-mpi.c:554
"/usr/bin/time --output=experiments/timing.log --append --format="%C\n\t%U user\t%S system\t%E elapsed\n\t%P CPU\t(%X avgtext+%D avgdata\t%M maxresident)k\n\t%I inputs+%O outputs\t(%F major+%R minor)pagefaults\t%W swaps\n" mpirun -n 4 ./bin/tmpi 2 3
	662.41 user	50.85 system	3:01.15 elapsed
	393% CPU	(0 avgtext+0 avgdata	79876 maxresident)k
	0 inputs+62192 outputs	(7 major+27435 minor)pagefaults	0 swaps
"
Evaluate
	title = Mfog Classifer Threads 3
	examplesFileName = datasets/test.csv
	matchesFileName = out/tmi-classifiers-1matches.csv
	plotSavePath = experiments/tmi-classifiers.log.png

Count per class
           id
class        
A      447179
N      206278
### Mfog Classifer Threads 3

NaN labels: 0
saving experiments/tmi-classifiers.log.png
Confusion Matrix
Classes (act)       A       N assigned    hits
Labels (pred)                                 
-               40029    4523        -       0
0                 117      40        A     117
1                 944     101        A     944
10               4336       3        A    4336
11                410       0        A     410
12                132       0        A     132
13                 16       0        A      16
14                838      20        A     838
15                  6       1        A       6
16                  2       0        A       2
17                  0       5        N       5
18                  1       0        A       1
2                 528       0        A     528
3                  33       0        A      33
4                 861       1        A     861
5                 101       0        A     101
6                 211       1        A     211
7                   0     104        N     104
8                4935     245        A    4935
9               13166       3        A   13166
N              380513  201231        N  201231
Classes           ['A' 'N']
Initial labels    ['-', 'N']
Labels (item)     [('N', 0), ('-', 19), ('4', 168759), ('2', 169168), ('1', 170683), ('3', 177610), ('6', 179061), ('7', 182949), ('5', 184038), ('10', 189763), ('8', 189895), ('9', 190198), ('11', 199038), ('14', 300216), ('15', 390455), ('12', 419934), ('0', 420636), ('13', 422406), ('17', 532835), ('16', 572949), ('18', 601457)] 21
Total examples    (653457, 25)
Total matches     (653458, 4)
Hits               227977 ( 34.887782%)
Misses             380928 ( 58.294183%)
Unknowns            44552 (  6.817883%)
Unk. reprocessed        1 (  0.002245%)
Total              653457 ( 99.999847%)

------- Classifers 4 -------
./bin/tmpi; kParam=100; dim=22; precision=1.000000e-08; radiusF=2.500000e-01; minExamplesPerCluster=20; noveltyF=1.400000e+00;
	Hello from almoco, rank 0/4, outputMode 2, nClassifiers 4
[m_receiver 1]
[sampler 0]
Taking test stream from stdin, sampler at 0/4
[m_receiver 2]
[m_receiver 3]
[detector 0]
model complete
ND consumed   1844, reclassified      0, garbageCollected      0
ND consumed   1688, reclassified      0, garbageCollected     55
ND consumed   1849, reclassified      0, garbageCollected     45
ND consumed   1903, reclassified      0, garbageCollected      2
ND consumed   1750, reclassified      0, garbageCollected     15
ND consumed   1946, reclassified      0, garbageCollected     12
ND consumed   1955, reclassified      0, garbageCollected      0
ND consumed   1933, reclassified      0, garbageCollected      7
ND consumed   1948, reclassified      0, garbageCollected      5
ND consumed   1844, reclassified      0, garbageCollected     11
ND consumed   1873, reclassified      0, garbageCollected     27
ND consumed   1899, reclassified      0, garbageCollected      9
ND consumed   1879, reclassified      0, garbageCollected     26
ND consumed   1847, reclassified      0, garbageCollected      7
ND consumed   1888, reclassified      0, garbageCollected     12
ND consumed   1964, reclassified      0, garbageCollected      3
ND consumed   1816, reclassified      0, garbageCollected      2
ND consumed   1848, reclassified      0, garbageCollected     30
ND consumed   1786, reclassified      0, garbageCollected     13
ND consumed   1703, reclassified      0, garbageCollected     28
ND consumed   1949, reclassified      0, garbageCollected     10
ND consumed   1891, reclassified      0, garbageCollected      3
ND consumed   1954, reclassified      0, garbageCollected      2
ND consumed   1909, reclassified      0, garbageCollected      5
[sampler] args->inFlight 0, itemsWhere: ,   0 =>        0,   1 =>   217820,   2 =>   217819,   3 =>   217819
[sampler 0] MFOG_EOS_MARKER to 1
[sampler 0] MFOG_EOS_MARKER to 1
[classifier   1] (items    51675) (ioTime 2.034465e+02), (cpuTime 1.343632e+01), (lockTime 6.569100e-01), (total 2.181885e+02). At src/threaded-mpi.c:108
[sampler 0] MFOG_EOS_MARKER to 1
[classifier   1] (items    57280) (ioTime 2.009785e+02), (cpuTime 1.569934e+01), (lockTime 7.255020e-01), (total 2.181891e+02). At src/threaded-mpi.c:108
[classifier   1] (items    57027) (ioTime 2.020141e+02), (cpuTime 1.473134e+01), (lockTime 7.363030e-01), (total 2.181904e+02). At src/threaded-mpi.c:108
[sampler 0] MFOG_EOS_MARKER to 1
[sampler 0] MFOG_EOS_MARKER to 2
[sampler 0] MFOG_EOS_MARKER to 2
[sampler 0] MFOG_EOS_MARKER to 2
[sampler 0] MFOG_EOS_MARKER to 2
[sampler 0] MFOG_EOS_MARKER to 3
[sampler 0] MFOG_EOS_MARKER to 3
[classifier   3] (items    53874) (ioTime 2.025559e+02), (cpuTime 1.393757e+01), (lockTime 5.988120e-01), (total 2.178166e+02). At src/threaded-mpi.c:108
[sampler 0] MFOG_EOS_MARKER to 3
[classifier   3] (items    59199) (ioTime 2.011976e+02), (cpuTime 1.518356e+01), (lockTime 7.154240e-01), (total 2.178117e+02). At src/threaded-mpi.c:108
[sampler 0] MFOG_EOS_MARKER to 3
[classifier   3] (items    52756) (ioTime 2.033507e+02), (cpuTime 1.325056e+01), (lockTime 5.953100e-01), (total 2.178128e+02). At src/threaded-mpi.c:108
[sampler   0] (items   653558) (ioTime 1.497263e+02), (cpuTime 3.496702e+01), (lockTime 0.000000e+00), (total 1.917440e+02). At src/threaded-mpi.c:278
[classifier   2] (items    54889) (ioTime 2.022104e+02), (cpuTime 1.401100e+01), (lockTime 7.939380e-01), (total 2.177059e+02). At src/threaded-mpi.c:108
[classifier   2] (items    56474) (ioTime 2.016831e+02), (cpuTime 1.461740e+01), (lockTime 6.994240e-01), (total 2.177059e+02). At src/threaded-mpi.c:108
[classifier   2] (items    54843) (ioTime 2.015997e+02), (cpuTime 1.470446e+01), (lockTime 7.269050e-01), (total 2.176999e+02). At src/threaded-mpi.c:108
[detector   0] MFOG_EOS_MARKER 1 / 12 
[detector   0] MFOG_EOS_MARKER 2 / 12 
[detector   0] MFOG_EOS_MARKER 3 / 12 
[detector   0] MFOG_EOS_MARKER 4 / 12 
[detector   0] MFOG_EOS_MARKER 5 / 12 
[detector   0] MFOG_EOS_MARKER 6 / 12 
[detector   0] MFOG_EOS_MARKER 7 / 12 
[detector   0] MFOG_EOS_MARKER 8 / 12 
[detector   0] MFOG_EOS_MARKER 9 / 12 
[classifier   3] (items    51990) (ioTime 2.025642e+02), (cpuTime 1.405680e+01), (lockTime 6.452980e-01), (total 2.178357e+02). At src/threaded-mpi.c:108
[classifier   2] (items    51613) (ioTime 2.026839e+02), (cpuTime 1.363434e+01), (lockTime 6.932570e-01), (total 2.177166e+02). At src/threaded-mpi.c:108
[detector   0] MFOG_EOS_MARKER 10 / 12 
[detector   0] MFOG_EOS_MARKER 11 / 12 
[classifier   1] (items    51838) (ioTime 2.029538e+02), (cpuTime 1.393756e+01), (lockTime 6.847750e-01), (total 2.182077e+02). At src/threaded-mpi.c:108
[detector   0] MFOG_EOS_MARKER 12 / 12 
[detector] args->inFlight 0, itemsWhere: ,   0 =>        0,   1 =>   217820,   2 =>   217819,   3 =>   217819
[m_receiver   1] (items      688) (ioTime 2.114395e+02), (cpuTime 1.579700e-02), (lockTime 1.288590e-01), (total 2.182098e+02). At src/threaded-mpi.c:167
[m_receiver   2] (items      688) (ioTime 2.111434e+02), (cpuTime 2.183200e-02), (lockTime 1.599540e-01), (total 2.177172e+02). At src/threaded-mpi.c:167
[m_receiver   3] (items      688) (ioTime 2.113934e+02), (cpuTime 1.823900e-02), (lockTime 1.100470e-01), (total 2.178359e+02). At src/threaded-mpi.c:167
[detector     0] (items   653470) (ioTime 1.291522e+02), (cpuTime 5.898103e+01), (lockTime 0.000000e+00), (total 1.917507e+02). At src/threaded-mpi.c:458
[node   2] Statistics items:     202251, misses:      15376, 'N':     172475, '1':        311, '2':         41, '3':        334, '4':         35, '5':       8008, '6':        933, '7':      19081, '8':        232, '9':          0, '10':          0, '11':         92, '12':         31, '13':          0, '14':          0, '15':         11, '16':          0, '17':          4, '18':         10, '19':         41, '20':         55, '21':        497, '22':         31, '23':          0, '24':         24
[node   1] Statistics items:     202176, misses:      15459, 'N':     172296, '1':        313, '2':         39, '3':        385, '4':         36, '5':       8147, '6':        917, '7':      19046, '8':        215, '9':          0, '10':          0, '11':         61, '12':         34, '13':          0, '14':          0, '15':         12, '16':          0, '17':          5, '18':         11, '19':         42, '20':         54, '21':        494, '22':         39, '23':          0, '24':         23
[node   0] Statistics items:          0, misses:          0, 'N':          0, '1':          0, '2':          0, '3':          0, '4':          0, '5':          0, '6':          0, '7':          0, '8':          0, '9':          0, '10':          0, '11':          0, '12':          0, '13':          0, '14':          0, '15':          0, '16':          0, '17':          0, '18':          0, '19':          0, '20':          0, '21':          0, '22':          0, '23':          0, '24':          0
[node   3] Statistics items:     202183, misses:      15420, 'N':     172278, '1':        313, '2':         28, '3':        355, '4':         32, '5':       8050, '6':        940, '7':      19158, '8':        247, '9':          0, '10':          0, '11':         66, '12':         31, '13':          0, '14':          0, '15':          8, '16':          0, '17':          9, '18':         11, '19':         48, '20':         57, '21':        482, '22':         40, '23':          0, '24':         24
[root    ] Statistics items:     606610, misses:      46255, 'N':     517049, '1':        937, '2':        108, '3':       1074, '4':        103, '5':      24205, '6':       2790, '7':      57285, '8':        694, '9':          0, '10':          0, '11':        219, '12':         96, '13':          0, '14':          0, '15':         31, '16':          0, '17':         18, '18':         32, '19':        131, '20':        166, '21':       1473, '22':        110, '23':          0, '24':         71
[./bin/tmpi 0/4] 1.918550e+02 seconds. At src/threaded-mpi.c:554
"/usr/bin/time --output=experiments/timing.log --append --format="%C\n\t%U user\t%S system\t%E elapsed\n\t%P CPU\t(%X avgtext+%D avgdata\t%M maxresident)k\n\t%I inputs+%O outputs\t(%F major+%R minor)pagefaults\t%W swaps\n" mpirun -n 4 ./bin/tmpi 2 4
	821.38 user	54.44 system	3:42.03 elapsed
	394% CPU	(0 avgtext+0 avgdata	30096 maxresident)k
	0 inputs+63344 outputs	(7 major+14176 minor)pagefaults	0 swaps
"
Evaluate
	title = Mfog Classifer Threads 4
	examplesFileName = datasets/test.csv
	matchesFileName = out/tmi-classifiers-1matches.csv
	plotSavePath = experiments/tmi-classifiers.log.png

Count per class
           id
class        
A      447179
N      206278
### Mfog Classifer Threads 4

NaN labels: 0
saving experiments/tmi-classifiers.log.png
Confusion Matrix
Classes (act)       A       N assigned    hits
Labels (pred)                                 
-               41378    4879        -       0
0                1086      49        A    1086
1                 712      72        A     712
11                142      77        A     142
12                 11      26        N      26
15                 31       0        A      31
17                  0      18        N      18
18                 32       0        A      32
19                131       0        A     131
2                   0     108        N     108
20                166       0        A     166
21                609       0        A     609
22                110       0        A     110
24                 71       0        A      71
3                1063      11        A    1063
4                 103       0        A     103
5               23893     316        A   23893
6                2766      24        A    2766
7               56919     381        A   56919
8                 634      19        A     634
N              317322  200298        N  200298
Classes           ['A' 'N']
Initial labels    ['-', 'N']
Labels (item)     [('N', 0), ('-', 19), ('3', 180592), ('2', 182949), ('4', 184038), ('1', 189666), ('5', 190810), ('6', 260040), ('7', 260679), ('0', 265797), ('8', 314725), ('12', 517088), ('11', 523344), ('15', 549442), ('17', 577193), ('19', 581793), ('18', 583465), ('21', 588503), ('20', 588535), ('24', 601459), ('22', 601554)] 21
Total examples    (653457, 25)
Total matches     (653458, 4)
Hits               288918 ( 44.213706%)
Misses             318282 ( 48.707338%)
Unknowns            46257 (  7.078802%)
Unk. reprocessed        1 (  0.002162%)
Total              653457 ( 99.999847%)

