./bin/minas
	k = 100
	dim = 22
	precision = 1.000000e-08
	radiusF = 1.893000e-01
	minExamplesPerCluster = 20
Training 72000 examples with 1 classes (N)
Training 72000 examples from class N
[  0] k-Means 3.168000e+08 -> 1.173516e+04 (-3.167883e+08)
[  1] k-Means 1.173516e+04 -> 1.041161e+04 (-1.323547e+03)
[  2] k-Means 1.041161e+04 -> 9.388825e+03 (-1.022785e+03)
[  3] k-Means 9.388825e+03 -> 8.625054e+03 (-7.637714e+02)
[  4] k-Means 8.625054e+03 -> 8.437812e+03 (-1.872415e+02)
[  5] k-Means 8.437812e+03 -> 8.408398e+03 (-2.941494e+01)
[  6] k-Means 8.408398e+03 -> 8.412763e+03 (+4.365582e+00)
[  7] k-Means 8.412763e+03 -> 8.399214e+03 (-1.354923e+01)
[  8] k-Means 8.399214e+03 -> 8.358708e+03 (-4.050562e+01)
[  9] k-Means 8.358708e+03 -> 8.217755e+03 (-1.409528e+02)
[ 10] k-Means 8.217755e+03 -> 8.187314e+03 (-3.044123e+01)
[ 11] k-Means 8.187314e+03 -> 8.186719e+03 (-5.954082e-01)
[ 12] k-Means 8.186719e+03 -> 8.177186e+03 (-9.532961e+00)
[ 13] k-Means 8.177186e+03 -> 8.171588e+03 (-5.597746e+00)
[ 14] k-Means 8.171588e+03 -> 8.024694e+03 (-1.468946e+02)
[ 15] k-Means 8.024694e+03 -> 7.804764e+03 (-2.199291e+02)
[ 16] k-Means 7.804764e+03 -> 7.818918e+03 (+1.415351e+01)
[ 17] k-Means 7.818918e+03 -> 7.825897e+03 (+6.978807e+00)
[ 18] k-Means 7.825897e+03 -> 7.794882e+03 (-3.101523e+01)
[ 19] k-Means 7.794882e+03 -> 7.772674e+03 (-2.220738e+01)
[ 20] k-Means 7.772674e+03 -> 7.763176e+03 (-9.497849e+00)
[ 21] k-Means 7.763176e+03 -> 7.763483e+03 (+3.070839e-01)
[ 22] k-Means 7.763483e+03 -> 7.763681e+03 (+1.973273e-01)
[ 23] k-Means 7.763681e+03 -> 7.763580e+03 (-1.008086e-01)
[ 24] k-Means 7.763580e+03 -> 7.763611e+03 (+3.125763e-02)
[ 25] k-Means 7.763611e+03 -> 7.763202e+03 (-4.094304e-01)
[ 26] k-Means 7.763202e+03 -> 7.762592e+03 (-6.099138e-01)
[ 27] k-Means 7.762592e+03 -> 7.761794e+03 (-7.982930e-01)
[ 28] k-Means 7.761794e+03 -> 7.761273e+03 (-5.203752e-01)
[ 29] k-Means 7.761273e+03 -> 7.761024e+03 (-2.494426e-01)
[ 30] k-Means 7.761024e+03 -> 7.760514e+03 (-5.101710e-01)
[ 31] k-Means 7.760514e+03 -> 7.760410e+03 (-1.032277e-01)
[ 32] k-Means 7.760410e+03 -> 7.760378e+03 (-3.280513e-02)
[ 33] k-Means 7.760378e+03 -> 7.760185e+03 (-1.927774e-01)
[ 34] k-Means 7.760185e+03 -> 7.759916e+03 (-2.691194e-01)
[ 35] k-Means 7.759916e+03 -> 7.759772e+03 (-1.432139e-01)
[ 36] k-Means 7.759772e+03 -> 7.759719e+03 (-5.333000e-02)
[ 37] k-Means 7.759719e+03 -> 7.759476e+03 (-2.434962e-01)
[ 38] k-Means 7.759476e+03 -> 7.759334e+03 (-1.412021e-01)
[ 39] k-Means 7.759334e+03 -> 7.759210e+03 (-1.243644e-01)
[ 40] k-Means 7.759210e+03 -> 7.759212e+03 (+2.165537e-03)
[ 41] k-Means 7.759212e+03 -> 7.759220e+03 (+7.946388e-03)
[ 42] k-Means 7.759220e+03 -> 7.759173e+03 (-4.711685e-02)
[ 43] k-Means 7.759173e+03 -> 7.759099e+03 (-7.393937e-02)
[ 44] k-Means 7.759099e+03 -> 7.759092e+03 (-6.912375e-03)
[ 45] k-Means 7.759092e+03 -> 7.759171e+03 (+7.863077e-02)
[ 46] k-Means 7.759171e+03 -> 7.759196e+03 (+2.561392e-02)
[ 47] k-Means 7.759196e+03 -> 7.759176e+03 (-2.022887e-02)
[ 48] k-Means 7.759176e+03 -> 7.759233e+03 (+5.648187e-02)
[ 49] k-Means 7.759233e+03 -> 7.759223e+03 (-9.572942e-03)
[ 50] k-Means 7.759223e+03 -> 7.759237e+03 (+1.391439e-02)
[ 51] k-Means 7.759237e+03 -> 7.759261e+03 (+2.444207e-02)
[ 52] k-Means 7.759261e+03 -> 7.759238e+03 (-2.317406e-02)
[ 53] k-Means 7.759238e+03 -> 7.759287e+03 (+4.853206e-02)
[ 54] k-Means 7.759287e+03 -> 7.759305e+03 (+1.867324e-02)
[ 55] k-Means 7.759305e+03 -> 7.759283e+03 (-2.252107e-02)
[ 56] k-Means 7.759283e+03 -> 7.759274e+03 (-8.903391e-03)
[ 57] k-Means 7.759274e+03 -> 7.759330e+03 (+5.610250e-02)
[ 58] k-Means 7.759330e+03 -> 7.759345e+03 (+1.455514e-02)
[ 59] k-Means 7.759345e+03 -> 7.759358e+03 (+1.314924e-02)
[ 60] k-Means 7.759358e+03 -> 7.759364e+03 (+6.240910e-03)
[ 61] k-Means 7.759364e+03 -> 7.759368e+03 (+3.885959e-03)
[ 62] k-Means 7.759368e+03 -> 7.759370e+03 (+1.650263e-03)
[ 63] k-Means 7.759370e+03 -> 7.759382e+03 (+1.270143e-02)
[ 64] k-Means 7.759382e+03 -> 7.759383e+03 (+5.710559e-04)
[ 65] k-Means 7.759383e+03 -> 7.759369e+03 (-1.399607e-02)
[ 66] k-Means 7.759369e+03 -> 7.759355e+03 (-1.412528e-02)
[ 67] k-Means 7.759355e+03 -> 7.759345e+03 (-9.897673e-03)
[ 68] k-Means 7.759345e+03 -> 7.759340e+03 (-5.103711e-03)
[ 69] k-Means 7.759340e+03 -> 7.759330e+03 (-1.023935e-02)
[ 70] k-Means 7.759330e+03 -> 7.759331e+03 (+9.821790e-04)
[ 71] k-Means 7.759331e+03 -> 7.759331e+03 (+1.769776e-04)
[ 72] k-Means 7.759331e+03 -> 7.759337e+03 (+5.972069e-03)
[ 73] k-Means 7.759337e+03 -> 7.759336e+03 (-8.537639e-04)
[ 74] k-Means 7.759336e+03 -> 7.759336e+03 (+0.000000e+00)
[./bin/minas] 5.445746e+01 seconds for kMeans(72000). At src/main-minas.c:122
Novelty Detection with 2000 examples
Novelty Detection with 4000 examples
Novelty Detection with 6000 examples
Novelty Detection with 8000 examples
Novelty Detection with 10000 examples
[./bin/minas] 9.431323e+00 seconds for minasOnline(653457). At src/main-minas.c:321
  11892 -
      1 label
 641565 N
