MPI rank / size => 0/1
Reading training from  'datasets/training.csv'
Reading model from     'datasets/model-clean.csv'
Reading examples from  'datasets/test.csv'
Writing matches to     'out/matches.csv'
Writing timing to      'stdout'
src/minas/minas.c,target/mfog,Jul 27 2020 00:59:45,1595823011,readExamples,10.1.0,2.151850e-01,1,72000
clustering label N with 72000 examples
realloc from 0 to 100
src/util/kMeans.c,target/mfog,Jul 27 2020 00:59:45,1595823011,kMeansInit,10.1.0,5.800000e-05,1,100
kMeans with k = 100 and 72000 examples
	[  0] Global dist of 1.173516e+04 (1.629883e-01 avg) (5.324162e+02 better)
	[  1] Global dist of 1.041213e+04 (1.446130e-01 avg) (1.127403e-01 better)
	[  2] Global dist of 9.389658e+03 (1.304119e-01 avg) (9.820033e-02 better)
	[  3] Global dist of 8.620116e+03 (1.197238e-01 avg) (8.195632e-02 better)
	[  4] Global dist of 8.441018e+03 (1.172364e-01 avg) (2.077680e-02 better)
	[  5] Global dist of 8.396782e+03 (1.166220e-01 avg) (5.240529e-03 better)
	[  6] Global dist of 8.395235e+03 (1.166005e-01 avg) (1.841977e-04 better)
	[  7] Global dist of 8.378252e+03 (1.163646e-01 avg) (2.022947e-03 better)
	[  8] Global dist of 8.330042e+03 (1.156950e-01 avg) (5.754224e-03 better)
	[  9] Global dist of 8.128406e+03 (1.128945e-01 avg) (2.420592e-02 better)
	[ 10] Global dist of 8.040255e+03 (1.116702e-01 avg) (1.084480e-02 better)
	[ 11] Global dist of 7.973649e+03 (1.107451e-01 avg) (8.284053e-03 better)
	[ 12] Global dist of 7.964012e+03 (1.106113e-01 avg) (1.208637e-03 better)
	[ 13] Global dist of 7.958414e+03 (1.105335e-01 avg) (7.028802e-04 better)
	[ 14] Global dist of 7.811519e+03 (1.084933e-01 avg) (1.845777e-02 better)
	[ 15] Global dist of 7.591590e+03 (1.054388e-01 avg) (2.815446e-02 better)
	[ 16] Global dist of 7.605744e+03 (1.056353e-01 avg) (1.864367e-03 better)
	[ 17] Global dist of 7.612723e+03 (1.057323e-01 avg) (9.175706e-04 better)
	[ 18] Global dist of 7.581707e+03 (1.053015e-01 avg) (4.074132e-03 better)
	[ 19] Global dist of 7.559500e+03 (1.049931e-01 avg) (2.929073e-03 better)
	[ 20] Global dist of 7.550002e+03 (1.048611e-01 avg) (1.256412e-03 better)
	[ 21] Global dist of 7.550309e+03 (1.048654e-01 avg) (4.067335e-05 better)
	[ 22] Global dist of 7.550506e+03 (1.048681e-01 avg) (2.613499e-05 better)
	[ 23] Global dist of 7.550406e+03 (1.048667e-01 avg) (1.335124e-05 better)
	[ 24] Global dist of 7.550437e+03 (1.048672e-01 avg) (4.139861e-06 better)
	[ 25] Global dist of 7.550027e+03 (1.048615e-01 avg) (5.422605e-05 better)
	[ 26] Global dist of 7.549418e+03 (1.048530e-01 avg) (8.078299e-05 better)
	[ 27] Global dist of 7.548619e+03 (1.048419e-01 avg) (1.057423e-04 better)
	[ 28] Global dist of 7.548099e+03 (1.048347e-01 avg) (6.893647e-05 better)
	[ 29] Global dist of 7.547849e+03 (1.048312e-01 avg) (3.304707e-05 better)
	[ 30] Global dist of 7.547339e+03 (1.048242e-01 avg) (6.759157e-05 better)
	[ 31] Global dist of 7.547236e+03 (1.048227e-01 avg) (1.367737e-05 better)
	[ 32] Global dist of 7.547203e+03 (1.048223e-01 avg) (4.346642e-06 better)
	[ 33] Global dist of 7.547010e+03 (1.048196e-01 avg) (2.554289e-05 better)
	[ 34] Global dist of 7.546741e+03 (1.048159e-01 avg) (3.565907e-05 better)
	[ 35] Global dist of 7.546598e+03 (1.048139e-01 avg) (1.897692e-05 better)
	[ 36] Global dist of 7.546545e+03 (1.048131e-01 avg) (7.066760e-06 better)
	[ 37] Global dist of 7.546301e+03 (1.048097e-01 avg) (3.226591e-05 better)
	[ 38] Global dist of 7.546160e+03 (1.048078e-01 avg) (1.871143e-05 better)
	[ 39] Global dist of 7.546036e+03 (1.048061e-01 avg) (1.648048e-05 better)
	[ 40] Global dist of 7.546038e+03 (1.048061e-01 avg) (2.869767e-07 better)
	[ 41] Global dist of 7.546046e+03 (1.048062e-01 avg) (1.053054e-06 better)
	[ 42] Global dist of 7.545999e+03 (1.048055e-01 avg) (6.243912e-06 better)
	[ 43] Global dist of 7.545925e+03 (1.048045e-01 avg) (9.798487e-06 better)
	[ 44] Global dist of 7.545918e+03 (1.048044e-01 avg) (9.160408e-07 better)
	[ 45] Global dist of 7.545997e+03 (1.048055e-01 avg) (1.042031e-05 better)
	[ 46] Global dist of 7.546022e+03 (1.048059e-01 avg) (3.394372e-06 better)
	[ 47] Global dist of 7.546002e+03 (1.048056e-01 avg) (2.680733e-06 better)
	[ 48] Global dist of 7.546058e+03 (1.048064e-01 avg) (7.485007e-06 better)
	[ 49] Global dist of 7.546049e+03 (1.048062e-01 avg) (1.268602e-06 better)
	[ 50] Global dist of 7.546063e+03 (1.048064e-01 avg) (1.843930e-06 better)
	[ 51] Global dist of 7.546087e+03 (1.048068e-01 avg) (3.239049e-06 better)
	[ 52] Global dist of 7.546064e+03 (1.048064e-01 avg) (3.071003e-06 better)
	[ 53] Global dist of 7.546113e+03 (1.048071e-01 avg) (6.431440e-06 better)
	[ 54] Global dist of 7.546131e+03 (1.048074e-01 avg) (2.474550e-06 better)
	[ 55] Global dist of 7.546109e+03 (1.048071e-01 avg) (2.984453e-06 better)
	[ 56] Global dist of 7.546100e+03 (1.048069e-01 avg) (1.179865e-06 better)
	[ 57] Global dist of 7.546156e+03 (1.048077e-01 avg) (7.434635e-06 better)
	[ 58] Global dist of 7.546170e+03 (1.048079e-01 avg) (1.928816e-06 better)
	[ 59] Global dist of 7.546184e+03 (1.048081e-01 avg) (1.742505e-06 better)
	[ 60] Global dist of 7.546190e+03 (1.048082e-01 avg) (8.270287e-07 better)
	[ 61] Global dist of 7.546194e+03 (1.048082e-01 avg) (5.149564e-07 better)
	[ 62] Global dist of 7.546195e+03 (1.048083e-01 avg) (2.186882e-07 better)
	[ 63] Global dist of 7.546208e+03 (1.048084e-01 avg) (1.683157e-06 better)
	[ 64] Global dist of 7.546209e+03 (1.048085e-01 avg) (7.567455e-08 better)
	[ 65] Global dist of 7.546195e+03 (1.048083e-01 avg) (1.854716e-06 better)
	[ 66] Global dist of 7.546181e+03 (1.048081e-01 avg) (1.871842e-06 better)
	[ 67] Global dist of 7.546171e+03 (1.048079e-01 avg) (1.311614e-06 better)
	[ 68] Global dist of 7.546166e+03 (1.048079e-01 avg) (6.763313e-07 better)
	[ 69] Global dist of 7.546155e+03 (1.048077e-01 avg) (1.356894e-06 better)
	[ 70] Global dist of 7.546156e+03 (1.048077e-01 avg) (1.301562e-07 better)
	[ 71] Global dist of 7.546156e+03 (1.048077e-01 avg) (2.345268e-08 better)
	[ 72] Global dist of 7.546162e+03 (1.048078e-01 avg) (7.914054e-07 better)
	[ 73] Global dist of 7.546162e+03 (1.048078e-01 avg) (1.131388e-07 better)
	[ 74] Global dist of 7.546162e+03 (1.048078e-01 avg) (0.000000e+00 better)
src/util/kMeans.c,target/mfog,Jul 27 2020 00:59:45,1595823058,kMeans,10.1.0,4.688785e+01,1,72000
src/minas/minas.c,target/mfog,Jul 27 2020 00:59:45,1595823059,fillCluster,10.1.0,6.549730e-01,1,72000
src/minas/minas.c,target/mfog,Jul 27 2020 00:59:45,1595823059,MNS_offline,10.1.0,4.754483e+01,1,72000
src/minas/minas.c,target/mfog,Jul 27 2020 00:59:45,1595823059,writeModel,10.1.0,6.700000e-04,1,100
src/minas/minas.c,target/mfog,Jul 27 2020 00:59:45,1595823061,readExamples,10.1.0,1.872830e+00,1,653457
clustering unknowns with  2000 examples
src/util/kMeans.c,target/mfog,Jul 27 2020 00:59:45,1595823063,kMeansInit,10.1.0,5.400000e-05,1,100
kMeans with k = 100 and  2000 examples
	[  0] Global dist of 4.387852e+02 (2.193926e-01 avg) (1.894478e+01 better)
	[  1] Global dist of 3.488619e+02 (1.744309e-01 avg) (2.049370e-01 better)
	[  2] Global dist of 2.771307e+02 (1.385653e-01 avg) (2.056149e-01 better)
	[  3] Global dist of 2.663019e+02 (1.331509e-01 avg) (3.907465e-02 better)
	[  4] Global dist of 2.604885e+02 (1.302442e-01 avg) (2.183015e-02 better)
	[  5] Global dist of 2.625376e+02 (1.312688e-01 avg) (7.866408e-03 better)
	[  6] Global dist of 2.629238e+02 (1.314619e-01 avg) (1.471068e-03 better)
	[  7] Global dist of 2.629174e+02 (1.314587e-01 avg) (2.435656e-05 better)
	[  8] Global dist of 2.629029e+02 (1.314514e-01 avg) (5.516130e-05 better)
	[  9] Global dist of 2.628897e+02 (1.314449e-01 avg) (5.000484e-05 better)
	[ 10] Global dist of 2.628756e+02 (1.314378e-01 avg) (5.397271e-05 better)
	[ 11] Global dist of 2.628616e+02 (1.314308e-01 avg) (5.322210e-05 better)
	[ 12] Global dist of 2.628472e+02 (1.314236e-01 avg) (5.480069e-05 better)
	[ 13] Global dist of 2.628168e+02 (1.314084e-01 avg) (1.154787e-04 better)
	[ 14] Global dist of 2.628041e+02 (1.314021e-01 avg) (4.821348e-05 better)
	[ 15] Global dist of 2.628004e+02 (1.314002e-01 avg) (1.432600e-05 better)
	[ 16] Global dist of 2.628002e+02 (1.314001e-01 avg) (7.141682e-07 better)
	[ 17] Global dist of 2.628002e+02 (1.314001e-01 avg) (0.000000e+00 better)
src/util/kMeans.c,target/mfog,Jul 27 2020 00:59:45,1595823063,kMeans,10.1.0,3.211830e-01,1,2000
	New pattern in    35 examples. Nearest cluster in model 1.098155e+00 distant and ndThreshold=2.141442e+00. Is extension of 'N' concept.
	New pattern in    28 examples. Nearest cluster in model 1.085861e+00 distant and ndThreshold=2.907593e+00. Is extension of 'N' concept.
	New pattern in    33 examples. Nearest cluster in model 6.919931e-01 distant and ndThreshold=1.445135e+00. Is extension of 'N' concept.
	New pattern in    30 examples. Nearest cluster in model 6.326345e-01 distant and ndThreshold=1.089216e+00. Is extension of 'N' concept.
	New pattern in    84 examples. Nearest cluster in model 6.228564e-01 distant and ndThreshold=2.355753e+00. Is extension of 'N' concept.
	New pattern in    20 examples. Nearest cluster in model 1.427132e+00 distant and ndThreshold=2.787799e+00. Is extension of 'N' concept.
	New pattern in   134 examples. Nearest cluster in model 2.732945e-01 distant and ndThreshold=1.006711e+00. Is extension of 'N' concept.
	New pattern in   231 examples. Nearest cluster in model 5.835287e-01 distant and ndThreshold=1.006711e+00. Is extension of 'N' concept.
	New pattern in    55 examples. Nearest cluster in model 3.365155e-01 distant and ndThreshold=8.724022e-02. Will call this novelty 'a'.
	New pattern in    31 examples. Nearest cluster in model 3.626829e-01 distant and ndThreshold=5.226847e-01. Is extension of 'N' concept.
	New pattern in   114 examples. Nearest cluster in model 2.344529e-02 distant and ndThreshold=3.485555e-02. Is extension of 'N' concept.
	New pattern in   180 examples. Nearest cluster in model 1.410519e-02 distant and ndThreshold=5.044224e-02. Is extension of 'N' concept.
	New pattern in   219 examples. Nearest cluster in model 1.430670e-02 distant and ndThreshold=3.256406e-02. Is extension of 'N' concept.
	New pattern in    34 examples. Nearest cluster in model 3.595082e-02 distant and ndThreshold=4.155866e-02. Is extension of 'N' concept.
	New pattern in    38 examples. Nearest cluster in model 2.062724e-02 distant and ndThreshold=3.256406e-02. Is extension of 'N' concept.
	New pattern in    31 examples. Nearest cluster in model 1.741549e-02 distant and ndThreshold=3.485555e-02. Is extension of 'N' concept.
	New pattern in    20 examples. Nearest cluster in model 2.199290e-02 distant and ndThreshold=3.485555e-02. Is extension of 'N' concept.
	New pattern in    48 examples. Nearest cluster in model 1.634219e-02 distant and ndThreshold=5.044224e-02. Is extension of 'N' concept.
src/minas/minas.c,target/mfog,Jul 27 2020 00:59:45,1595823063,noveltyDetection,10.1.0,3.585160e-01,1,2000
src/minas/minas.c,target/mfog,Jul 27 2020 00:59:45,1595823063,writeModel,10.1.0,1.185000e-03,1,118
late classify of 2000 -> 137 unknowns, forgotten 476
clustering unknowns with  2000 examples
src/util/kMeans.c,target/mfog,Jul 27 2020 00:59:45,1595823063,kMeansInit,10.1.0,3.300000e-05,1,100
kMeans with k = 100 and  2000 examples
	[  0] Global dist of 1.937554e+02 (9.687770e-02 avg) (7.807064e+00 better)
	[  1] Global dist of 1.486781e+02 (7.433905e-02 avg) (2.326506e-01 better)
	[  2] Global dist of 8.226989e+01 (4.113495e-02 avg) (4.466576e-01 better)
	[  3] Global dist of 7.095113e+01 (3.547556e-02 avg) (1.375809e-01 better)
	[  4] Global dist of 6.693888e+01 (3.346944e-02 avg) (5.654953e-02 better)
	[  5] Global dist of 6.596016e+01 (3.298008e-02 avg) (1.462106e-02 better)
	[  6] Global dist of 6.580079e+01 (3.290039e-02 avg) (2.416190e-03 better)
	[  7] Global dist of 6.566895e+01 (3.283448e-02 avg) (2.003569e-03 better)
	[  8] Global dist of 6.555781e+01 (3.277890e-02 avg) (1.692476e-03 better)
	[  9] Global dist of 6.547408e+01 (3.273704e-02 avg) (1.277226e-03 better)
	[ 10] Global dist of 6.527019e+01 (3.263509e-02 avg) (3.114031e-03 better)
	[ 11] Global dist of 6.519061e+01 (3.259531e-02 avg) (1.219188e-03 better)
	[ 12] Global dist of 6.517185e+01 (3.258592e-02 avg) (2.878465e-04 better)
	[ 13] Global dist of 6.516032e+01 (3.258016e-02 avg) (1.769169e-04 better)
	[ 14] Global dist of 6.513738e+01 (3.256869e-02 avg) (3.519990e-04 better)
	[ 15] Global dist of 6.513058e+01 (3.256529e-02 avg) (1.043795e-04 better)
	[ 16] Global dist of 6.511104e+01 (3.255552e-02 avg) (2.999442e-04 better)
	[ 17] Global dist of 6.503301e+01 (3.251650e-02 avg) (1.198484e-03 better)
	[ 18] Global dist of 6.500185e+01 (3.250093e-02 avg) (4.791097e-04 better)
	[ 19] Global dist of 6.498974e+01 (3.249487e-02 avg) (1.863035e-04 better)
	[ 20] Global dist of 6.498974e+01 (3.249487e-02 avg) (0.000000e+00 better)
src/util/kMeans.c,target/mfog,Jul 27 2020 00:59:45,1595823064,kMeans,10.1.0,3.772170e-01,1,2000
	New pattern in    21 examples. Nearest cluster in model 4.157839e-01 distant and ndThreshold=8.724022e-02. Will call this novelty 'b'.
	New pattern in    69 examples. Nearest cluster in model 2.151845e-02 distant and ndThreshold=3.256406e-02. Is extension of 'N' concept.
	New pattern in   196 examples. Nearest cluster in model 1.790142e-02 distant and ndThreshold=4.033888e-02. Is extension of 'N' concept.
	New pattern in    58 examples. Nearest cluster in model 1.684715e-02 distant and ndThreshold=3.545068e-02. Is extension of 'N' concept.
	New pattern in   159 examples. Nearest cluster in model 3.303075e-01 distant and ndThreshold=4.298197e-02. Will call this novelty 'c'.
	New pattern in   108 examples. Nearest cluster in model 8.846954e-02 distant and ndThreshold=1.432603e-01. Is extension of 'c' concept.
	New pattern in   173 examples. Nearest cluster in model 2.782955e-02 distant and ndThreshold=3.485555e-02. Is extension of 'N' concept.
	New pattern in    54 examples. Nearest cluster in model 1.635474e-02 distant and ndThreshold=5.022467e-02. Is extension of 'N' concept.
	New pattern in    21 examples. Nearest cluster in model 5.738295e-02 distant and ndThreshold=4.827376e-02. Will call this novelty 'd'.
	New pattern in    56 examples. Nearest cluster in model 2.099633e-02 distant and ndThreshold=5.022467e-02. Is extension of 'N' concept.
	New pattern in    28 examples. Nearest cluster in model 2.203385e-02 distant and ndThreshold=3.556590e-02. Is extension of 'd' concept.
	New pattern in    25 examples. Nearest cluster in model 2.538792e-02 distant and ndThreshold=3.556590e-02. Is extension of 'd' concept.
	New pattern in    31 examples. Nearest cluster in model 7.592302e-02 distant and ndThreshold=3.684950e-02. Will call this novelty 'e'.
	New pattern in    42 examples. Nearest cluster in model 1.668499e-02 distant and ndThreshold=4.126453e-02. Is extension of 'e' concept.
	New pattern in    51 examples. Nearest cluster in model 2.357872e-01 distant and ndThreshold=1.182402e-01. Will call this novelty 'f'.
	New pattern in    20 examples. Nearest cluster in model 1.919360e-02 distant and ndThreshold=3.556590e-02. Is extension of 'd' concept.
	New pattern in    20 examples. Nearest cluster in model 1.432094e-01 distant and ndThreshold=4.126453e-02. Will call this novelty 'g'.
	New pattern in    21 examples. Nearest cluster in model 6.472707e-02 distant and ndThreshold=4.126453e-02. Will call this novelty 'h'.
	New pattern in    31 examples. Nearest cluster in model 1.604593e-01 distant and ndThreshold=1.432603e-01. Will call this novelty 'i'.
	New pattern in    38 examples. Nearest cluster in model 2.214112e-02 distant and ndThreshold=4.126453e-02. Is extension of 'e' concept.
	New pattern in    40 examples. Nearest cluster in model 1.273730e-02 distant and ndThreshold=4.370149e-02. Is extension of 'e' concept.
	New pattern in   293 examples. Nearest cluster in model 1.792370e-02 distant and ndThreshold=5.022467e-02. Is extension of 'N' concept.
	New pattern in    93 examples. Nearest cluster in model 2.132547e-02 distant and ndThreshold=2.271077e-02. Is extension of 'N' concept.
src/minas/minas.c,target/mfog,Jul 27 2020 00:59:45,1595823064,noveltyDetection,10.1.0,4.169170e-01,1,2000
src/minas/minas.c,target/mfog,Jul 27 2020 00:59:45,1595823064,writeModel,10.1.0,9.490000e-04,1,141
late classify of 2000 -> 142 unknowns, forgotten 148
clustering unknowns with  2000 examples
src/util/kMeans.c,target/mfog,Jul 27 2020 00:59:45,1595823068,kMeansInit,10.1.0,3.300000e-05,1,100
kMeans with k = 100 and  2000 examples
	[  0] Global dist of 1.265916e+03 (6.329582e-01 avg) (5.654165e+01 better)
	[  1] Global dist of 6.097177e+02 (3.048589e-01 avg) (5.183586e-01 better)
	[  2] Global dist of 4.935079e+02 (2.467540e-01 avg) (1.905961e-01 better)
	[  3] Global dist of 4.865191e+02 (2.432596e-01 avg) (1.416146e-02 better)
	[  4] Global dist of 4.741195e+02 (2.370597e-01 avg) (2.548648e-02 better)
	[  5] Global dist of 4.608592e+02 (2.304296e-01 avg) (2.796812e-02 better)
	[  6] Global dist of 4.593646e+02 (2.296823e-01 avg) (3.243175e-03 better)
	[  7] Global dist of 4.593197e+02 (2.296599e-01 avg) (9.761940e-05 better)
	[  8] Global dist of 4.592149e+02 (2.296075e-01 avg) (2.281949e-04 better)
	[  9] Global dist of 4.593328e+02 (2.296664e-01 avg) (2.566092e-04 better)
	[ 10] Global dist of 4.593328e+02 (2.296664e-01 avg) (0.000000e+00 better)
src/util/kMeans.c,target/mfog,Jul 27 2020 00:59:45,1595823068,kMeans,10.1.0,1.980770e-01,1,2000
	New pattern in    39 examples. Nearest cluster in model 1.382211e-02 distant and ndThreshold=2.271077e-02. Is extension of 'N' concept.
	New pattern in   290 examples. Nearest cluster in model 7.793931e-01 distant and ndThreshold=1.283293e+00. Is extension of 'b' concept.
	New pattern in   101 examples. Nearest cluster in model 1.671640e-01 distant and ndThreshold=2.422769e-01. Is extension of 'i' concept.
	New pattern in    80 examples. Nearest cluster in model 1.993207e-01 distant and ndThreshold=1.432603e-01. Will call this novelty 'j'.
	New pattern in    41 examples. Nearest cluster in model 6.604885e-01 distant and ndThreshold=6.533380e-01. Will call this novelty 'k'.
	New pattern in    49 examples. Nearest cluster in model 1.540753e-01 distant and ndThreshold=1.163678e-01. Will call this novelty 'l'.
	New pattern in    35 examples. Nearest cluster in model 1.013370e+00 distant and ndThreshold=6.938894e-18. Will call this novelty 'm'.
	New pattern in   143 examples. Nearest cluster in model 3.891371e-02 distant and ndThreshold=6.682841e-02. Is extension of 'h' concept.
	New pattern in   163 examples. Nearest cluster in model 3.027334e-01 distant and ndThreshold=3.059407e-01. Is extension of 'f' concept.
	New pattern in    67 examples. Nearest cluster in model 9.467046e-02 distant and ndThreshold=6.938894e-18. Will call this novelty 'n'.
	New pattern in    53 examples. Nearest cluster in model 2.064789e-01 distant and ndThreshold=8.724022e-02. Will call this novelty 'o'.
	New pattern in    43 examples. Nearest cluster in model 2.138626e-01 distant and ndThreshold=6.533380e-01. Is extension of 'i' concept.
src/minas/minas.c,target/mfog,Jul 27 2020 00:59:45,1595823068,noveltyDetection,10.1.0,2.498920e-01,1,2000
src/minas/minas.c,target/mfog,Jul 27 2020 00:59:45,1595823068,writeModel,10.1.0,1.020000e-03,1,153
late classify of 2000 -> 50 unknowns, forgotten 818
clustering unknowns with  2000 examples
src/util/kMeans.c,target/mfog,Jul 27 2020 00:59:45,1595823069,kMeansInit,10.1.0,3.900000e-05,1,100
kMeans with k = 100 and  2000 examples
	[  0] Global dist of 1.272072e+02 (6.360362e-02 avg) (4.782147e+00 better)
	[  1] Global dist of 4.103443e+01 (2.051722e-02 avg) (6.774206e-01 better)
	[  2] Global dist of 2.752017e+01 (1.376009e-02 avg) (3.293395e-01 better)
	[  3] Global dist of 2.714908e+01 (1.357454e-02 avg) (1.348451e-02 better)
	[  4] Global dist of 2.681458e+01 (1.340729e-02 avg) (1.232094e-02 better)
	[  5] Global dist of 2.680221e+01 (1.340110e-02 avg) (4.612669e-04 better)
	[  6] Global dist of 2.673369e+01 (1.336685e-02 avg) (2.556393e-03 better)
	[  7] Global dist of 2.672759e+01 (1.336380e-02 avg) (2.280614e-04 better)
	[  8] Global dist of 2.672759e+01 (1.336380e-02 avg) (0.000000e+00 better)
src/util/kMeans.c,target/mfog,Jul 27 2020 00:59:45,1595823069,kMeans,10.1.0,1.690670e-01,1,2000
	New pattern in   502 examples. Nearest cluster in model 4.402284e-02 distant and ndThreshold=2.271077e-02. Will call this novelty 'p'.
	New pattern in    24 examples. Nearest cluster in model 5.355089e-02 distant and ndThreshold=4.370149e-02. Will call this novelty 'q'.
	New pattern in    87 examples. Nearest cluster in model 5.141639e-02 distant and ndThreshold=3.473294e-02. Will call this novelty 'r'.
	New pattern in    23 examples. Nearest cluster in model 3.938789e-01 distant and ndThreshold=5.746985e-01. Is extension of 'l' concept.
	New pattern in    36 examples. Nearest cluster in model 2.556388e-02 distant and ndThreshold=5.369610e-02. Is extension of 'q' concept.
	New pattern in   592 examples. Nearest cluster in model 1.445043e-02 distant and ndThreshold=2.777567e-02. Is extension of 'p' concept.
	New pattern in   463 examples. Nearest cluster in model 2.342738e-02 distant and ndThreshold=2.777567e-02. Is extension of 'p' concept.
src/minas/minas.c,target/mfog,Jul 27 2020 00:59:45,1595823069,noveltyDetection,10.1.0,2.157580e-01,1,2000
src/minas/minas.c,target/mfog,Jul 27 2020 00:59:45,1595823069,writeModel,10.1.0,1.218000e-03,1,160
late classify of 2000 -> 69 unknowns, forgotten 187
src/main.c,target/mfog,Jul 27 2020 00:59:45,1595823070,mainClassify,10.1.0,8.823892e+00,1,653457
src/minas/minas.c,target/mfog,Jul 27 2020 00:59:45,1595823070,writeModel,10.1.0,9.730000e-04,1,160
src/minas/evaluate.py
	examplesFN = datasets/test.csv
	matchesFN = out/matches.csv
	minasMatches = out/og/2020-07-20T12-18-21.758/matches.csv
	modelFN = datasets/model-clean.csv
	mfogModelFN = out/model.csv

Count per class
           id
class        
A      447179
N      206278
### Minas

saving out/hits_minas.png
Confusion Matrix
Classes (act)       A       N assigned    hits
Labels (pred)                                 
-                3774    8206        -       0
1                 123       0        A     123
10               3520    5130        N    5130
11                 71     289        N     289
12                 26       0        A      26
2                 152      82        A     152
3                 368      44        A     368
4                   8       0        A       8
5                  82       1        A      82
6                 165       0        A     165
7                   8     396        N     396
8                1054     183        A    1054
9                 161     154        A     161
N              441395  199715        N  199715
Classes           ['A' 'N']
Initial labels    ['-', 'N']
Labels            ['-', '1', '10', '11', '12', '2', '3', '4', '5', '6', '7', '8', '9', 'N'] 14
Total examples    (653457, 25)
Total matches     (665107, 9)
Hits               207669 ( 31.223397%)
Misses             445458 ( 66.975389%)
Unknowns            11980 (  1.801214%)
Unk. reprocessed    11650 ( 97.245409%)
Total              665107 (100.000000%)

### Mfog

saving out/hits_mfog.png
Confusion Matrix
Classes (act)       A       N assigned    hits
Labels (pred)                                 
-                8306     355        -       0
N              435763  205887        N  205887
a                 236       0        A     236
b                 756      81        A     756
c                 574       0        A     574
d                 214       0        A     214
e                 243       0        A     243
f                 499       0        A     499
g                 431       0        A     431
h                 495       0        A     495
i                 237       0        A     237
j                 640       0        A     640
k                  57       0        A      57
l                 539       0        A     539
m                  55       0        A      55
n                  91       0        A      91
o                  69       0        A      69
p                3464       0        A    3464
q                 169       0        A     169
r                 269       0        A     269
Classes           ['A' 'N']
Initial labels    ['-', 'N']
Labels            ['-', 'N', 'a', 'b', 'c', 'd', 'e', 'f', 'g', 'h', 'i', 'j', 'k', 'l', 'm', 'n', 'o', 'p', 'q', 'r'] 20
Total examples    (653457, 25)
Total matches     (659430, 9)
Hits               214925 ( 32.592542%)
Misses             435844 ( 66.094051%)
Unknowns             8661 (  1.313407%)
Unk. reprocessed     5973 ( 68.964323%)
Total              659430 (100.000000%)

### Diff

            id j_clL     j_clR j_L       j_D c_clL     c_clR c_L       c_D
88          88     N  1.026340   -  1.105216     N  1.453797   N  1.105437
286        286     N  1.026340   -  1.097748     N  1.453797   N  1.097847
410        410     N  1.026340   -  1.083439     N  1.453797   N  1.083677
539        539     N  1.026340   -  1.085700     N  1.453797   N  1.086120
723        723     N  1.026340   -  1.086764     N  1.453797   N  1.086905
...        ...   ...       ...  ..       ...   ...       ...  ..       ...
671358  653288    10  0.953439   -  1.005741     m  0.457659   m  0.162594
671402  653332    10  0.953439   -  1.005741     m  0.457659   m  0.162594
671415  653345     3  0.750654   3  0.155509     N  1.177876   N  0.694689
671433  653363    10  1.225131  10  0.448390     N  1.509374   N  0.444244
671523  653453    10  1.225131  10  0.487844     N  1.509374   N  0.542915

[39001 rows x 9 columns]
saving out/model-full.png
saving out/model-diff.png
saving out/model-diff-matches.png
