minas-funcs.c	target/minas	Jun 24 2020 17:10:04	1593029404	readModel	6.960000e-04	1	100
minas-funcs.c	target/minas	Jun 24 2020 17:10:04	1593029406	readExamples	2.073961e+00	1	653457
minas.c	target/minas	Jun 24 2020 17:10:04	1593029413	main	6.748728e+00	1	653457
minas-funcs.c	target/minas	Jun 24 2020 17:10:04	1593029413	readModel	6.280000e-04	1	100
minas-funcs.c	target/minas	Jun 24 2020 17:10:04	1593029415	readExamples	1.777874e+00	1	653457
minas.c	target/minas	Jun 24 2020 17:10:04	1593029422	main	6.795324e+00	1	653457
evaluate.c	target/eval	Jun 24 2020 17:10:04	1593029424	main	2.579879e+00	1	653457
minas-funcs.c	./target/mfog	Jun 24 2020 17:10:25	1593029425	readModel	6.750000e-04	1	100
minas-funcs.c	./target/mfog	Jun 24 2020 17:10:25	1593029427	readExamples	1.997407e+00	1	653457
minas-mpi.c	./target/mfog	Jun 24 2020 17:10:24	1593029427	sendModel	2.270000e-04	4	100
minas-mpi.c	./target/mfog	Jun 24 2020 17:10:24	1593029430	sendExamples	3.058174e+00	4	653457
minas-mpi.c	./target/mfog	Jun 24 2020 17:10:24	1593029430	main	3.058193e+00	4	653457
minas-funcs.c	./target/mfog	Jun 24 2020 17:10:25	1593029430	readModel	1.114000e-03	1	100
minas-funcs.c	./target/mfog	Jun 24 2020 17:10:25	1593029432	readExamples	2.046638e+00	1	653457
minas-mpi.c	./target/mfog	Jun 24 2020 17:10:24	1593029432	sendModel	2.610000e-04	4	100
minas-mpi.c	./target/mfog	Jun 24 2020 17:10:24	1593029435	sendExamples	3.168383e+00	4	653457
minas-mpi.c	./target/mfog	Jun 24 2020 17:10:24	1593029435	main	3.168402e+00	4	653457
evaluate.c	target/eval	Jun 24 2020 17:10:04	1593029438	main	2.401652e+00	1	653457

minas-funcs.c	target/minas	Jun 24 2020 17:10:40	1593029440	readModel	3.957000e-03	1	100
minas-funcs.c	target/minas	Jun 24 2020 17:10:40	1593029454	readExamples	1.363318e+01	1	653457
minas.c	target/minas	Jun 24 2020 17:10:39	1593029517	main	6.310716e+01	1	653457
evaluate.c	target/eval	Jun 24 2020 17:10:39	1593029539	main	2.135103e+01	1	653457
minas-funcs.c	./target/mfog	Jun 24 2020 17:12:19	1593029540	readModel	3.962000e-03	1	100
minas-funcs.c	./target/mfog	Jun 24 2020 17:12:19	1593029554	readExamples	1.382545e+01	1	653457
minas-mpi.c	./target/mfog	Jun 24 2020 17:12:19	1593029554	sendModel	8.440000e-04	4	100
minas-mpi.c	./target/mfog	Jun 24 2020 17:12:19	1593029579	sendExamples	2.455106e+01	4	653457
minas-mpi.c	./target/mfog	Jun 24 2020 17:12:19	1593029579	main	2.455113e+01	4	653457
evaluate.c	target/eval	Jun 24 2020 17:10:39	1593029601	main	2.159232e+01	1	653457
minas-funcs.c	./target/mfog	Jun 24 2020 17:12:19	1593029602	readModel	7.860000e-03	1	100
minas-funcs.c	./target/mfog	Jun 24 2020 17:12:19	1593029616	readExamples	1.381964e+01	1	653457
minas-mpi.c	./target/mfog	Jun 24 2020 17:12:19	1593029616	sendModel	2.317200e-02	8	100
minas-mpi.c	./target/mfog	Jun 24 2020 17:12:19	1593029643	sendExamples	2.585874e+01	8	653457
minas-mpi.c	./target/mfog	Jun 24 2020 17:12:19	1593029643	main	2.585928e+01	8	653457
evaluate.c	target/eval	Jun 24 2020 17:10:39	1593029664	main	2.141584e+01	1	653457

	local		
	 	cores	Throughput
Serial	6.77E+00	1	1.04E-05
parallel	3.11E+00	4	4.76E-06
diff	-3.66E+00		-5.60E-06
percent	45.97%		45.97%
	remote		
Serial	6.31E+01	1	9.66E-05
parallel	2.46E+01	4	3.76E-05
diff	-3.86E+01		-5.90E-05
percent	38.90%		38.90%
	cluster		
Serial	6.31E+01	1	9.66E-05
Cluser	2.59E+01	8	3.96E-05
diff	-3.72E+01		-5.70E-05
percent	40.98%		40.98%
