[./bin/minas-sqrtDist] 5.629715e+01 seconds for kMeans(72000). At src/baseline/kmeans.c:80
[./bin/minas-sqrtDist] 5.746603e+01 seconds for training(72000). At src/baseline/minas.c:160
[./bin/minas-sqrtDist] 2.873660e-01 seconds for kMeans(2000). At src/baseline/kmeans.c:80
[./bin/minas-sqrtDist] 3.126410e-01 seconds for noveltyDetection(2000). At src/baseline/minas.c:245
[./bin/minas-sqrtDist] 4.765600e-01 seconds for kMeans(2000). At src/baseline/kmeans.c:80
[./bin/minas-sqrtDist] 5.148730e-01 seconds for noveltyDetection(2000). At src/baseline/minas.c:245
[./bin/minas-sqrtDist] 3.998290e-01 seconds for kMeans(2000). At src/baseline/kmeans.c:80
[./bin/minas-sqrtDist] 4.257000e-01 seconds for noveltyDetection(2000). At src/baseline/minas.c:245
[./bin/minas-sqrtDist] 3.377350e-01 seconds for kMeans(2000). At src/baseline/kmeans.c:80
[./bin/minas-sqrtDist] 3.627960e-01 seconds for noveltyDetection(2000). At src/baseline/minas.c:245
[./bin/minas-sqrtDist] 2.622530e-01 seconds for kMeans(2000). At src/baseline/kmeans.c:80
[./bin/minas-sqrtDist] 2.866810e-01 seconds for noveltyDetection(2000). At src/baseline/minas.c:245
[./bin/minas-sqrtDist] 3.566810e-01 seconds for kMeans(2000). At src/baseline/kmeans.c:80
[./bin/minas-sqrtDist] 3.813230e-01 seconds for noveltyDetection(2000). At src/baseline/minas.c:245
[./bin/minas-sqrtDist] 3.541610e-01 seconds for kMeans(2000). At src/baseline/kmeans.c:80
[./bin/minas-sqrtDist] 3.786770e-01 seconds for noveltyDetection(2000). At src/baseline/minas.c:245
[./bin/minas-sqrtDist] 3.238020e-01 seconds for kMeans(2000). At src/baseline/kmeans.c:80
[./bin/minas-sqrtDist] 3.473310e-01 seconds for noveltyDetection(2000). At src/baseline/minas.c:245
[./bin/minas-sqrtDist] 3.530390e-01 seconds for kMeans(2000). At src/baseline/kmeans.c:80
[./bin/minas-sqrtDist] 3.798250e-01 seconds for noveltyDetection(2000). At src/baseline/minas.c:245
[./bin/minas-sqrtDist] 3.762510e-01 seconds for kMeans(2000). At src/baseline/kmeans.c:80
[./bin/minas-sqrtDist] 4.067030e-01 seconds for noveltyDetection(2000). At src/baseline/minas.c:245
[./bin/minas-sqrtDist] 3.247440e-01 seconds for kMeans(2000). At src/baseline/kmeans.c:80
[./bin/minas-sqrtDist] 3.566190e-01 seconds for noveltyDetection(2000). At src/baseline/minas.c:245
[./bin/minas-sqrtDist] 4.154710e-01 seconds for kMeans(2000). At src/baseline/kmeans.c:80
[./bin/minas-sqrtDist] 4.409250e-01 seconds for noveltyDetection(2000). At src/baseline/minas.c:245
[./bin/minas-sqrtDist] 2.806100e-01 seconds for kMeans(2000). At src/baseline/kmeans.c:80
[./bin/minas-sqrtDist] 3.073970e-01 seconds for noveltyDetection(2000). At src/baseline/minas.c:245
[./bin/minas-sqrtDist] 2.787530e-01 seconds for kMeans(2000). At src/baseline/kmeans.c:80
[./bin/minas-sqrtDist] 3.038890e-01 seconds for noveltyDetection(2000). At src/baseline/minas.c:245
[./bin/minas-sqrtDist] 4.409640e-01 seconds for kMeans(2000). At src/baseline/kmeans.c:80
[./bin/minas-sqrtDist] 4.660440e-01 seconds for noveltyDetection(2000). At src/baseline/minas.c:245
[./bin/minas-sqrtDist] 4.589250e-01 seconds for kMeans(2000). At src/baseline/kmeans.c:80
[./bin/minas-sqrtDist] 4.845320e-01 seconds for noveltyDetection(2000). At src/baseline/minas.c:245
[./bin/minas-sqrtDist] 3.403450e-01 seconds for kMeans(2000). At src/baseline/kmeans.c:80
[./bin/minas-sqrtDist] 3.729410e-01 seconds for noveltyDetection(2000). At src/baseline/minas.c:245
[./bin/minas-sqrtDist] 4.004080e-01 seconds for kMeans(2000). At src/baseline/kmeans.c:80
[./bin/minas-sqrtDist] 4.270170e-01 seconds for noveltyDetection(2000). At src/baseline/minas.c:245
[./bin/minas-sqrtDist] 5.380480e-01 seconds for kMeans(2000). At src/baseline/kmeans.c:80
[./bin/minas-sqrtDist] 5.636290e-01 seconds for noveltyDetection(2000). At src/baseline/minas.c:245
[./bin/minas-sqrtDist] 4.546790e-01 seconds for kMeans(2000). At src/baseline/kmeans.c:80
[./bin/minas-sqrtDist] 4.866070e-01 seconds for noveltyDetection(2000). At src/baseline/minas.c:245
[./bin/minas-sqrtDist] 3.362800e-01 seconds for kMeans(2000). At src/baseline/kmeans.c:80
[./bin/minas-sqrtDist] 3.640860e-01 seconds for noveltyDetection(2000). At src/baseline/minas.c:245
[./bin/minas-sqrtDist] 3.986160e-01 seconds for kMeans(2000). At src/baseline/kmeans.c:80
[./bin/minas-sqrtDist] 4.281950e-01 seconds for noveltyDetection(2000). At src/baseline/minas.c:245
[./bin/minas-sqrtDist] 4.372200e-01 seconds for kMeans(1935). At src/baseline/kmeans.c:80
[./bin/minas-sqrtDist] 4.662230e-01 seconds for noveltyDetection(1935). At src/baseline/minas.c:245
[./bin/minas-sqrtDist] 4.285669e+01 seconds for minasOnline(653457). At src/baseline/minas.c:318
[./bin/minas-sqrtDist] 6.203850e+01 seconds for kMeans(72000). At src/baseline/kmeans.c:80
[./bin/minas-sqrtDist] 6.326549e+01 seconds for training(72000). At src/baseline/minas.c:160
[./bin/minas-sqrtDist] 3.029450e-01 seconds for kMeans(2000). At src/baseline/kmeans.c:80
[./bin/minas-sqrtDist] 3.275900e-01 seconds for noveltyDetection(2000). At src/baseline/minas.c:245
[./bin/minas-sqrtDist] 4.238230e-01 seconds for kMeans(2000). At src/baseline/kmeans.c:80
[./bin/minas-sqrtDist] 4.486340e-01 seconds for noveltyDetection(2000). At src/baseline/minas.c:245
[./bin/minas-sqrtDist] 4.922630e-01 seconds for kMeans(2000). At src/baseline/kmeans.c:80
[./bin/minas-sqrtDist] 5.324590e-01 seconds for noveltyDetection(2000). At src/baseline/minas.c:245
[./bin/minas-sqrtDist] 4.711130e-01 seconds for kMeans(2000). At src/baseline/kmeans.c:80
[./bin/minas-sqrtDist] 5.048430e-01 seconds for noveltyDetection(2000). At src/baseline/minas.c:245
[./bin/minas-sqrtDist] 3.428300e-01 seconds for kMeans(2000). At src/baseline/kmeans.c:80
[./bin/minas-sqrtDist] 3.801980e-01 seconds for noveltyDetection(2000). At src/baseline/minas.c:245
[./bin/minas-sqrtDist] 4.670540e-01 seconds for kMeans(2000). At src/baseline/kmeans.c:80
[./bin/minas-sqrtDist] 5.006750e-01 seconds for noveltyDetection(2000). At src/baseline/minas.c:245
[./bin/minas-sqrtDist] 5.132980e-01 seconds for kMeans(2000). At src/baseline/kmeans.c:80
[./bin/minas-sqrtDist] 5.477410e-01 seconds for noveltyDetection(2000). At src/baseline/minas.c:245
[./bin/minas-sqrtDist] 4.325780e-01 seconds for kMeans(2000). At src/baseline/kmeans.c:80
[./bin/minas-sqrtDist] 4.634830e-01 seconds for noveltyDetection(2000). At src/baseline/minas.c:245
[./bin/minas-sqrtDist] 4.778450e-01 seconds for kMeans(2000). At src/baseline/kmeans.c:80
[./bin/minas-sqrtDist] 5.126430e-01 seconds for noveltyDetection(2000). At src/baseline/minas.c:245
[./bin/minas-sqrtDist] 4.692570e-01 seconds for kMeans(2000). At src/baseline/kmeans.c:80
[./bin/minas-sqrtDist] 5.040090e-01 seconds for noveltyDetection(2000). At src/baseline/minas.c:245
[./bin/minas-sqrtDist] 3.428440e-01 seconds for kMeans(2000). At src/baseline/kmeans.c:80
[./bin/minas-sqrtDist] 3.685190e-01 seconds for noveltyDetection(2000). At src/baseline/minas.c:245
[./bin/minas-sqrtDist] 4.231410e-01 seconds for kMeans(2000). At src/baseline/kmeans.c:80
[./bin/minas-sqrtDist] 4.475530e-01 seconds for noveltyDetection(2000). At src/baseline/minas.c:245
[./bin/minas-sqrtDist] 2.829160e-01 seconds for kMeans(2000). At src/baseline/kmeans.c:80
[./bin/minas-sqrtDist] 3.083790e-01 seconds for noveltyDetection(2000). At src/baseline/minas.c:245
[./bin/minas-sqrtDist] 2.849430e-01 seconds for kMeans(2000). At src/baseline/kmeans.c:80
[./bin/minas-sqrtDist] 3.097010e-01 seconds for noveltyDetection(2000). At src/baseline/minas.c:245
[./bin/minas-sqrtDist] 4.397170e-01 seconds for kMeans(2000). At src/baseline/kmeans.c:80
[./bin/minas-sqrtDist] 4.646310e-01 seconds for noveltyDetection(2000). At src/baseline/minas.c:245
[./bin/minas-sqrtDist] 5.968900e-01 seconds for kMeans(2000). At src/baseline/kmeans.c:80
[./bin/minas-sqrtDist] 6.337610e-01 seconds for noveltyDetection(2000). At src/baseline/minas.c:245
[./bin/minas-sqrtDist] 4.276710e-01 seconds for kMeans(2000). At src/baseline/kmeans.c:80
[./bin/minas-sqrtDist] 4.609870e-01 seconds for noveltyDetection(2000). At src/baseline/minas.c:245
[./bin/minas-sqrtDist] 4.763280e-01 seconds for kMeans(2000). At src/baseline/kmeans.c:80
[./bin/minas-sqrtDist] 5.088220e-01 seconds for noveltyDetection(2000). At src/baseline/minas.c:245
[./bin/minas-sqrtDist] 4.867100e-01 seconds for kMeans(2000). At src/baseline/kmeans.c:80
[./bin/minas-sqrtDist] 5.101800e-01 seconds for noveltyDetection(2000). At src/baseline/minas.c:245
[./bin/minas-sqrtDist] 3.394370e-01 seconds for kMeans(2000). At src/baseline/kmeans.c:80
[./bin/minas-sqrtDist] 3.638410e-01 seconds for noveltyDetection(2000). At src/baseline/minas.c:245
[./bin/minas-sqrtDist] 2.957960e-01 seconds for kMeans(2000). At src/baseline/kmeans.c:80
[./bin/minas-sqrtDist] 3.203810e-01 seconds for noveltyDetection(2000). At src/baseline/minas.c:245
[./bin/minas-sqrtDist] 2.948420e-01 seconds for kMeans(2000). At src/baseline/kmeans.c:80
[./bin/minas-sqrtDist] 3.184320e-01 seconds for noveltyDetection(2000). At src/baseline/minas.c:245
[./bin/minas-sqrtDist] 3.333090e-01 seconds for kMeans(1935). At src/baseline/kmeans.c:80
[./bin/minas-sqrtDist] 3.560040e-01 seconds for noveltyDetection(1935). At src/baseline/minas.c:245
[./bin/minas-sqrtDist] 4.667804e+01 seconds for minasOnline(653457). At src/baseline/minas.c:318
