"java -ea -classpath bin/minas/revised.jar: NoveltyDetection.MinasRevised datasets/training.csv datasets/test.csv out/revised-java.log true
	2761.82 user	7.15 system	46:12.07 elapsed
	99% CPU	(0 avgtext+0 avgdata	103116 maxresident)k
	96 inputs+83792 outputs	(0 major+28131 minor)pagefaults	0 swaps
"
Command terminated by signal 2
"./bin/offline
	110.79 user	0.10 system	1:05:55 elapsed
	2% CPU	(0 avgtext+0 avgdata	16120 maxresident)k
	0 inputs+8 outputs	(0 major+3749 minor)pagefaults	0 swaps
"
"./bin/offline
	194.30 user	0.10 system	3:14.50 elapsed
	99% CPU	(0 avgtext+0 avgdata	16776 maxresident)k
	0 inputs+96 outputs	(0 major+3965 minor)pagefaults	0 swaps
"
"./bin/ond
	80.79 user	11.51 system	1:33.02 elapsed
	99% CPU	(0 avgtext+0 avgdata	2860 maxresident)k
	0 inputs+48616 outputs	(0 major+440 minor)pagefaults	0 swaps
"
Command exited with non-zero status 1
"/usr/bin/time --format=[%C %x]\t %E \t %S \t %U \t %P; \t %M \t %F \t %R \t %w \t %c \t %W; \t %I \t %O \t %r \t %s \t %k; mpirun -n 4 ./bin/tmpi 2 2
	0.30 user	1.17 system	0:09.11 elapsed
	16% CPU	(0 avgtext+0 avgdata	16096 maxresident)k
	8296 inputs+19472 outputs	(48 major+3496 minor)pagefaults	0 swaps
"
"/usr/bin/time --format=[%C %x]\t %E \t %S \t %U \t %P; \t %M \t %F \t %R \t %w \t %c \t %W; \t %I \t %O \t %r \t %s \t %k; mpirun -n 4 ./bin/tmpi 2 2
	558.97 user	48.13 system	2:34.49 elapsed
	392% CPU	(0 avgtext+0 avgdata	28236 maxresident)k
	0 inputs+54752 outputs	(7 major+14735 minor)pagefaults	0 swaps
"
