------ Fastest (no output) ------
./bin/tmpi; kParam=100; dim=22; precision=1.000000e-08; radiusF=2.500000e-01; minExamplesPerCluster=20; noveltyF=1.400000e+00;
	Hello from almoco, rank 0/4, outputMode 0, nClassifiers 1
[sampler 0]
Taking test stream from stdin, sampler at 0/4
[classifier 2]
[classifier 3]
[m_receiver 3]
[classifier 1]
model complete
[detector 0]
[m_receiver 1]
[m_receiver 2]
ND consumed   1844, reclassified      0, garbageCollected      0
ND consumed   1702, reclassified      0, garbageCollected     51
ND consumed   1794, reclassified      0, garbageCollected     42
ND consumed   1952, reclassified      0, garbageCollected      5
ND consumed   1895, reclassified      0, garbageCollected      2
ND consumed   1853, reclassified      0, garbageCollected     14
ND consumed   1971, reclassified      0, garbageCollected      0
ND consumed   1975, reclassified      0, garbageCollected      0
ND consumed   1946, reclassified      0, garbageCollected      1
ND consumed   1866, reclassified      0, garbageCollected      4
ND consumed   1924, reclassified      0, garbageCollected      7
ND consumed   1845, reclassified      0, garbageCollected     10
ND consumed   1879, reclassified      0, garbageCollected      9
ND consumed   1967, reclassified      0, garbageCollected      0
ND consumed   1856, reclassified      0, garbageCollected      1
ND consumed   1796, reclassified      0, garbageCollected     14
ND consumed   1752, reclassified      0, garbageCollected     32
ND consumed   1834, reclassified      0, garbageCollected     28
ND consumed   1924, reclassified      0, garbageCollected      9
[sampler] args->inFlight 616148, itemsWhere: ,   0 =>        0,   1 =>   217820,   2 =>   217819,   3 =>   217819
[sampler   0] (items   653558) (ioTime 1.134671e+02), (cpuTime 3.029437e+01), (lockTime 0.000000e+00), (total 1.493626e+02). At src/threaded-mpi.c:273
[classifier   1] MFOG_EOS_MARKER
[classifier   1] (items   217820) (ioTime 1.087429e+02), (cpuTime 3.051464e+01), (lockTime 1.295104e+00), (total 1.417484e+02). At src/threaded-mpi.c:107
[detector   0] MFOG_EOS_MARKER 0 / 2 
[classifier   2] MFOG_EOS_MARKER
[classifier   2] (items   217819) (ioTime 1.075097e+02), (cpuTime 3.187386e+01), (lockTime 1.302302e+00), (total 1.417462e+02). At src/threaded-mpi.c:107
[classifier   3] MFOG_EOS_MARKER
[detector   0] MFOG_EOS_MARKER 0 / 1 
[classifier   3] (items   217819) (ioTime 1.084678e+02), (cpuTime 3.133704e+01), (lockTime 1.249797e+00), (total 1.421685e+02). At src/threaded-mpi.c:107
[detector   0] MFOG_EOS_MARKER 0 / 0 
[detector] args->inFlight 616145, itemsWhere: ,   0 =>        0,   1 =>    12337,   2 =>    12494,   3 =>    12479
[m_receiver   3] (items      570) (ioTime 1.309642e+02), (cpuTime 3.300000e-03), (lockTime 3.379500e-02), (total 1.421692e+02). At src/threaded-mpi.c:162
[m_receiver   1] (items      570) (ioTime 1.308849e+02), (cpuTime 3.820000e-03), (lockTime 3.001800e-02), (total 1.417590e+02). At src/threaded-mpi.c:162
[m_receiver   2] (items      570) (ioTime 1.308840e+02), (cpuTime 3.806000e-03), (lockTime 4.068500e-02), (total 1.417567e+02). At src/threaded-mpi.c:162
[detector     0] (items    37313) (ioTime 1.060251e+02), (cpuTime 4.308867e+01), (lockTime 0.000000e+00), (total 1.493721e+02). At src/threaded-mpi.c:453
[node   2] Statistics:     205325 items,      12494 misses,  'N':     174176 '1':        124 '2':         14 '3':        613 '4':          6 '5':        124 '6':         40 '7':         31 '8':        298 '9':        388 '10':         38 '11':       7477 '12':      20115 '13':       1103 '14':        330 '15':          0 '16':          1 '17':          2 '18':         23 '19':          0 '20':        422 '21':          0 '22':          0
[node   3] Statistics:     205340 items,      12479 misses,  'N':     174029 '1':        111 '2':          9 '3':        640 '4':          9 '5':        105 '6':         48 '7':         24 '8':        296 '9':        385 '10':         32 '11':       7510 '12':      20259 '13':       1093 '14':        333 '15':          0 '16':          0 '17':          2 '18':         27 '19':          0 '20':        428 '21':          0 '22':          0
[node   1] Statistics:     205483 items,      12337 misses,  'N':     174099 '1':        127 '2':         19 '3':        635 '4':          8 '5':        117 '6':         46 '7':         25 '8':        286 '9':        436 '10':         36 '11':       7611 '12':      20200 '13':       1093 '14':        289 '15':          0 '16':          1 '17':          1 '18':         19 '19':          5 '20':        430 '21':          0 '22':          0
[node   0] Statistics:          0 items,          0 misses,  'N':          0 '1':          0 '2':          0 '3':          0 '4':          0 '5':          0 '6':          0 '7':          0 '8':          0 '9':          0 '10':          0 '11':          0 '12':          0 '13':          0 '14':          0 '15':          0 '16':          0 '17':          0 '18':          0 '19':          0 '20':          0 '21':          0 '22':          0
[root    ] Statistics:     616148 items,      37310 misses,  'N':     522304 '1':        362 '2':         42 '3':       1888 '4':         23 '5':        346 '6':        134 '7':         80 '8':        880 '9':       1209 '10':        106 '11':      22598 '12':      60574 '13':       3289 '14':        952 '15':          0 '16':          2 '17':          5 '18':         69 '19':          5 '20':       1280 '21':          0 '22':          0
[./bin/tmpi 0] 1.494722e+02 seconds. At src/threaded-mpi.c:548
"/usr/bin/time --output=experiments/timing.log --append --format="%C\n\t%U user\t%S system\t%E elapsed\n\t%P CPU\t(%X avgtext+%D avgdata\t%M maxresident)k\n\t%I inputs+%O outputs\t(%F major+%R minor)pagefaults\t%W swaps\n" mpirun -n 4 ./bin/tmpi 0
	560.87 user	18.85 system	2:25.64 elapsed
	398% CPU	(0 avgtext+0 avgdata	15760 maxresident)k
	8 inputs+17488 outputs	(7 major+9566 minor)pagefaults	0 swaps
"
------ Fast (only unk and novelty output) ------
./bin/tmpi; kParam=100; dim=22; precision=1.000000e-08; radiusF=2.500000e-01; minExamplesPerCluster=20; noveltyF=1.400000e+00;
	Hello from almoco, rank 0/4, outputMode 1, nClassifiers 1
[sampler 0]
[classifier 2]
[m_receiver 2]
Taking test stream from stdin, sampler at 0/4
[classifier 1]
[m_receiver 3]
[classifier 3]
model complete
[detector 0]
[m_receiver 1]
ND consumed   1845, reclassified      0, garbageCollected      0
ND consumed   1753, reclassified      0, garbageCollected     58
ND consumed   1822, reclassified      0, garbageCollected     19
ND consumed   1963, reclassified      0, garbageCollected      0
ND consumed   1888, reclassified      0, garbageCollected      3
ND consumed   1774, reclassified      0, garbageCollected     14
ND consumed   1778, reclassified      0, garbageCollected     29
ND consumed   1809, reclassified      0, garbageCollected     26
ND consumed   1862, reclassified      0, garbageCollected     10
ND consumed   1712, reclassified      0, garbageCollected     21
ND consumed   1843, reclassified      0, garbageCollected     15
ND consumed   1940, reclassified      0, garbageCollected      8
[sampler] args->inFlight 578212, itemsWhere: ,   0 =>        0,   1 =>   217820,   2 =>   217819,   3 =>   217819
[sampler   0] (items   653558) (ioTime 8.105428e+01), (cpuTime 3.112405e+01), (lockTime 0.000000e+00), (total 1.191805e+02). At src/threaded-mpi.c:273
[classifier   2] MFOG_EOS_MARKER
[classifier   2] (items   217819) (ioTime 8.560025e+01), (cpuTime 2.575057e+01), (lockTime 1.174306e+00), (total 1.136932e+02). At src/threaded-mpi.c:107
[detector   0] MFOG_EOS_MARKER 0 / 2 
[classifier   1] MFOG_EOS_MARKER
[classifier   1] (items   217820) (ioTime 8.512991e+01), (cpuTime 2.598483e+01), (lockTime 1.424206e+00), (total 1.137058e+02). At src/threaded-mpi.c:107
[detector   0] MFOG_EOS_MARKER 0 / 1 
[detector] args->inFlight   578210 (100 %)
[classifier   3] MFOG_EOS_MARKER
[classifier   3] (items   217819) (ioTime 8.778293e+01), (cpuTime 2.513505e+01), (lockTime 1.298304e+00), (total 1.153786e+02). At src/threaded-mpi.c:107
[detector   0] MFOG_EOS_MARKER 0 / 0 
[detector] args->inFlight 578208, itemsWhere: ,   0 =>        0,   1 =>    25077,   2 =>    25073,   3 =>    25097
[m_receiver   2] (items      419) (ioTime 1.074786e+02), (cpuTime 2.678000e-03), (lockTime 3.232000e-03), (total 1.136975e+02). At src/threaded-mpi.c:162
[m_receiver   1] (items      419) (ioTime 1.073362e+02), (cpuTime 2.631000e-03), (lockTime 1.523400e-02), (total 1.137103e+02). At src/threaded-mpi.c:162
[m_receiver   3] (items      419) (ioTime 1.086296e+02), (cpuTime 3.341000e-03), (lockTime 3.013200e-02), (total 1.153839e+02). At src/threaded-mpi.c:162
[detector     0] (items    75250) (ioTime 8.546569e+01), (cpuTime 3.327548e+01), (lockTime 0.000000e+00), (total 1.191745e+02). At src/threaded-mpi.c:453
[node   3] Statistics:     210154 items,       7665 misses,  'N':     203685 '1':        358 '2':        846 '3':          8 '4':          7 '5':         32 '6':       4848 '7':          3 '8':          4 '9':          0 '10':          0 '11':          0 '12':        164 '13':         44 '14':        154 '15':          0 '16':          1
[node   2] Statistics:     210146 items,       7673 misses,  'N':     203682 '1':        376 '2':        818 '3':          9 '4':          8 '5':         35 '6':       4852 '7':          4 '8':          3 '9':          0 '10':          0 '11':          5 '12':        157 '13':         49 '14':        146 '15':          0 '16':          2
[node   1] Statistics:     210106 items,       7714 misses,  'N':     203766 '1':        362 '2':        828 '3':         16 '4':         10 '5':         32 '6':       4781 '7':          1 '8':          2 '9':          0 '10':          0 '11':          1 '12':        133 '13':         37 '14':        137 '15':          0 '16':          0
[node   0] Statistics:          0 items,          0 misses,  'N':          0 '1':          0 '2':          0 '3':          0 '4':          0 '5':          0 '6':          0 '7':          0 '8':          0 '9':          0 '10':          0 '11':          0 '12':          0 '13':          0 '14':          0 '15':          0 '16':          0
[root    ] Statistics:     630406 items,      23052 misses,  'N':     611133 '1':       1096 '2':       2492 '3':         33 '4':         25 '5':         99 '6':      14481 '7':          8 '8':          9 '9':          0 '10':          0 '11':          6 '12':        454 '13':        130 '14':        437 '15':          0 '16':          3
[./bin/tmpi 0] 1.192767e+02 seconds. At src/threaded-mpi.c:548
"/usr/bin/time --output=experiments/timing.log --append --format="%C\n\t%U user\t%S system\t%E elapsed\n\t%P CPU\t(%X avgtext+%D avgdata\t%M maxresident)k\n\t%I inputs+%O outputs\t(%F major+%R minor)pagefaults\t%W swaps\n" mpirun -n 4 ./bin/tmpi 1
	445.61 user	22.66 system	1:58.02 elapsed
	396% CPU	(0 avgtext+0 avgdata	15712 maxresident)k
	0 inputs+18424 outputs	(7 major+9286 minor)pagefaults	0 swaps
"
Evaluate
	title = Output Only Unk and Novelty
	examplesFileName = datasets/test.csv
	matchesFileName = out/tmi-supressed4-fast.csv
	plotSavePath = experiments/tmi-supressed.log-fast.png

Count per class
           id
class        
A      447179
N      206278
### Output Only Unk and Novelty

NaN labels: 578210
saving experiments/tmi-supressed.log-fast.png
Confusion Matrix
Classes (act)       A       N assigned    hits
Labels (pred)                                 
-               19215    3837        -       0
0                 115      40        A     115
1                 848      99        A     848
11                  6       0        A       6
12                448       6        A     448
13                 90      40        A      90
14                431       4        A     431
16                  3       0        A       3
2                2489       3        A    2489
3                   0      33        N      33
4                  25       0        A      25
5                  99       0        A      99
6               14364     117        A   14364
7                   4       0        A       4
8                   9       0        A       9
N              409033  202099        N  202099
Classes           ['A' 'N']
Initial labels    ['-', 'N']
Labels (item)     [('N', 0), ('-', 19), ('1', 185317), ('5', 185323), ('2', 186172), ('4', 192051), ('6', 202452), ('3', 202723), ('7', 320599), ('8', 332190), ('11', 359923), ('12', 360172), ('0', 420636), ('13', 473333), ('14', 606920), ('16', 646093)] 16
Total examples    (653457, 25)
Total matches     (75247, 4)
Hits               221063 ( 33.829770%)
Misses             409342 ( 62.642530%)
Unknowns            23052 (  3.527700%)
Unk. reprocessed  -578210 (-2508.285615%)
Total              653457 (100.000000%)

------ Full (all labels) ------
./bin/tmpi; kParam=100; dim=22; precision=1.000000e-08; radiusF=2.500000e-01; minExamplesPerCluster=20; noveltyF=1.400000e+00;
	Hello from almoco, rank 0/4, outputMode 2, nClassifiers 1
[sampler 0]
Taking test stream from stdin, sampler at 0/4
[classifier 1]
[m_receiver 1]
[classifier 2]
[m_receiver 2]
[m_receiver 3]
[classifier 3]
[detector 0]
model complete
ND consumed   1825, reclassified      0, garbageCollected      0
ND consumed   1737, reclassified      0, garbageCollected     84
ND consumed   1859, reclassified      0, garbageCollected     45
ND consumed   1943, reclassified      0, garbageCollected     29
ND consumed   1794, reclassified      0, garbageCollected     21
ND consumed   1901, reclassified      0, garbageCollected     50
ND consumed   1748, reclassified      0, garbageCollected    132
ND consumed   1883, reclassified      0, garbageCollected     57
ND consumed   1968, reclassified      0, garbageCollected     22
ND consumed   1894, reclassified      0, garbageCollected    105
ND consumed   1884, reclassified      0, garbageCollected     11
ND consumed   1721, reclassified      0, garbageCollected     71
[sampler] args->inFlight 49170, itemsWhere: ,   0 =>        0,   1 =>   217820,   2 =>   217819,   3 =>   217819
[sampler   0] (items   653558) (ioTime 6.944699e+01), (cpuTime 3.807651e+01), (lockTime 0.000000e+00), (total 1.112548e+02). At src/threaded-mpi.c:273
[detector] args->inFlight    43974 ( 70 %)
[detector] args->inFlight    37692 ( 60 %)
ND consumed   1724, reclassified      0, garbageCollected    166
[detector] args->inFlight    31410 ( 50 %)
[detector] args->inFlight    25128 ( 40 %)
[detector] args->inFlight    18846 ( 30 %)
[classifier   1] MFOG_EOS_MARKER
[classifier   1] (items   217820) (ioTime 8.360942e+01), (cpuTime 3.302363e+01), (lockTime 1.543504e+00), (total 1.195984e+02). At src/threaded-mpi.c:107
[detector   0] MFOG_EOS_MARKER 0 / 2 
[detector] args->inFlight    12564 ( 20 %)
[detector] args->inFlight     6282 ( 10 %)
[classifier   3] MFOG_EOS_MARKER
[classifier   3] (items   217819) (ioTime 8.219615e+01), (cpuTime 3.303801e+01), (lockTime 1.570055e+00), (total 1.182625e+02). At src/threaded-mpi.c:107
[detector   0] MFOG_EOS_MARKER 0 / 1 
[detector] args->inFlight        0 (  0 %)
[classifier   2] MFOG_EOS_MARKER
[classifier   2] (items   217819) (ioTime 8.758399e+01), (cpuTime 3.253789e+01), (lockTime 1.358809e+00), (total 1.231700e+02). At src/threaded-mpi.c:107
[detector   0] MFOG_EOS_MARKER 0 / 0 
[detector] args->inFlight 4294967293, itemsWhere: ,   0 =>        0,   1 =>   217820,   2 =>   217819,   3 =>   217819
[m_receiver   2] (items      450) (ioTime 1.164878e+02), (cpuTime 5.613000e-03), (lockTime 1.195920e-01), (total 1.231704e+02). At src/threaded-mpi.c:162
[m_receiver   3] (items      450) (ioTime 1.112317e+02), (cpuTime 7.758000e-03), (lockTime 2.074990e-01), (total 1.183773e+02). At src/threaded-mpi.c:162
[m_receiver   1] (items      450) (ioTime 1.152313e+02), (cpuTime 5.915000e-03), (lockTime 2.099830e-01), (total 1.215336e+02). At src/threaded-mpi.c:162
[node   2] Statistics:     208730 items,       9089 misses,  'N':     207377 '1':         60 '2':        242 '3':        655 '4':        316 '5':         14 '6':          0 '7':          0 '8':         66 '9':          0 '10':          0 '11':          0 '12':          0
[node   3] Statistics:     209226 items,       8593 misses,  'N':     207844 '1':         52 '2':        271 '3':        695 '4':        280 '5':         23 '6':          0 '7':          1 '8':         60 '9':          0 '10':          0 '11':          0 '12':          0
[node   1] Statistics:     209879 items,       7941 misses,  'N':     208686 '1':         64 '2':        229 '3':        706 '4':        180 '5':         14 '6':          0 '7':          0 '8':          0 '9':          0 '10':          0 '11':          0 '12':          0
[detector     0] (items   653461) (ioTime 7.021310e+01), (cpuTime 4.342787e+01), (lockTime 0.000000e+00), (total 1.172995e+02). At src/threaded-mpi.c:453
[node   0] Statistics:          0 items,          0 misses,  'N':          0 '1':          0 '2':          0 '3':          0 '4':          0 '5':          0 '6':          0 '7':          0 '8':          0 '9':          0 '10':          0 '11':          0 '12':          0
[root    ] Statistics:     627835 items,      25623 misses,  'N':     623907 '1':        176 '2':        742 '3':       2056 '4':        776 '5':         51 '6':          0 '7':          1 '8':        126 '9':          0 '10':          0 '11':          0 '12':          0
[./bin/tmpi 0] 1.174178e+02 seconds. At src/threaded-mpi.c:548
"/usr/bin/time --output=experiments/timing.log --append --format="%C\n\t%U user\t%S system\t%E elapsed\n\t%P CPU\t(%X avgtext+%D avgdata\t%M maxresident)k\n\t%I inputs+%O outputs\t(%F major+%R minor)pagefaults\t%W swaps\n" mpirun -n 4 ./bin/tmpi 2
	456.34 user	49.45 system	2:09.15 elapsed
	391% CPU	(0 avgtext+0 avgdata	35072 maxresident)k
	992 inputs+49880 outputs	(20 major+27070 minor)pagefaults	0 swaps
"
Evaluate
	title = Full Output
	examplesFileName = datasets/test.csv
	matchesFileName = out/tmi-supressed4-matches.csv
	plotSavePath = experiments/tmi-supressed.log.png

Count per class
           id
class        
A      447179
N      206278
### Full Output

NaN labels: 0
saving experiments/tmi-supressed.log.png
Confusion Matrix
Classes (act)       A       N assigned    hits
Labels (pred)                                 
-               21476    4147        -       0
0                 193      41        A     193
1                  23       0        A      23
2                 667      75        A     667
3                1763     293        A    1763
4                 700      46        A     700
7                   0       1        N       1
8                 126       0        A     126
N              422231  201675        N  201675
Classes           ['A' 'N']
Initial labels    ['-', 'N']
Labels (item)     [('N', 0), ('-', 19), ('1', 198646), ('2', 199871), ('3', 237440), ('4', 283483), ('0', 284530), ('8', 588980), ('7', 614045)] 9
Total examples    (653457, 25)
Total matches     (653458, 4)
Hits               205148 ( 31.394214%)
Misses             422686 ( 64.684494%)
Unknowns            25623 (  3.921140%)
Unk. reprocessed        1 (  0.003903%)
Total              653457 ( 99.999847%)

