./bin/tmpi; kParam=100; dim=22; precision=1.000000e-08; radiusF=2.500000e-01; minExamplesPerCluster=20; noveltyF=1.400000e+00;
	Hello from almoco, rank 0/4, outputMode 2, nClassifiers 1
[sampler 0]
[classifier 2]
[m_receiver 3]
Taking test stream from stdin, sampler at 0/4
[m_receiver 1]
[m_receiver 2]
[classifier 1]
[detector 0]
[classifier 3]
model complete
ND consumed   1832, reclassified      0, garbageCollected      0
ND consumed   1758, reclassified      0, garbageCollected     54
ND consumed   1854, reclassified      0, garbageCollected     39
ND consumed   1914, reclassified      0, garbageCollected     18
ND consumed   1748, reclassified      0, garbageCollected     60
ND consumed   1864, reclassified      0, garbageCollected     63
ND consumed   1929, reclassified      0, garbageCollected     47
ND consumed   1985, reclassified      0, garbageCollected      7
ND consumed   1956, reclassified      0, garbageCollected     25
ND consumed   1911, reclassified      0, garbageCollected     58
ND consumed   1859, reclassified      0, garbageCollected     96
ND consumed   1914, reclassified      0, garbageCollected     37
ND consumed   1881, reclassified      0, garbageCollected     85
ND consumed   1895, reclassified      0, garbageCollected     64
ND consumed   1926, reclassified      0, garbageCollected     59
ND consumed   1931, reclassified      0, garbageCollected     45
ND consumed   1927, reclassified      0, garbageCollected     35
ND consumed   1947, reclassified      0, garbageCollected     30
ND consumed   1771, reclassified      0, garbageCollected    148
ND consumed   1673, reclassified      0, garbageCollected     68
ND consumed   1805, reclassified      0, garbageCollected     82
ND consumed   1928, reclassified      0, garbageCollected     42
ND consumed   1919, reclassified      0, garbageCollected     19
[sampler] args->inFlight 21654, itemsWhere: ,   0 =>        0,   1 =>   217820,   2 =>   217819,   3 =>   217819
[sampler   0] (items   653558) (ioTime 8.824027e+01), (cpuTime 3.583602e+01), (lockTime 0.000000e+00), (total 1.279694e+02). At src/threaded-mpi.c:273
[classifier   1] MFOG_EOS_MARKER
[classifier   3] MFOG_EOS_MARKER
[classifier   3] (items   217819) (ioTime 7.651829e+01), (cpuTime 3.810190e+01), (lockTime 1.516183e+00), (total 1.175222e+02). At src/threaded-mpi.c:107
[classifier   1] (items   217820) (ioTime 7.499248e+01), (cpuTime 3.876711e+01), (lockTime 1.545002e+00), (total 1.165933e+02). At src/threaded-mpi.c:107
[detector   0] MFOG_EOS_MARKER 0 / 2 
[detector   0] MFOG_EOS_MARKER 0 / 1 
[detector] args->inFlight    19768 ( 20 %)
ND consumed   1703, reclassified      0, garbageCollected    152
[detector] args->inFlight     9884 ( 10 %)
[detector] args->inFlight        0 (  0 %)
[classifier   2] MFOG_EOS_MARKER
[classifier   2] (items   217819) (ioTime 8.252353e+01), (cpuTime 4.127185e+01), (lockTime 1.418861e+00), (total 1.266084e+02). At src/threaded-mpi.c:107
[detector   0] MFOG_EOS_MARKER 0 / 0 
[detector] args->inFlight 4294967293, itemsWhere: ,   0 =>        0,   1 =>   217820,   2 =>   217819,   3 =>   217819
[m_receiver   2] (items      676) (ioTime 1.211627e+02), (cpuTime 1.123900e-02), (lockTime 1.829480e-01), (total 1.266142e+02). At src/threaded-mpi.c:162
[m_receiver   1] (items      676) (ioTime 1.200119e+02), (cpuTime 9.285000e-03), (lockTime 2.178830e-01), (total 1.230280e+02). At src/threaded-mpi.c:162
[m_receiver   3] (items      676) (ioTime 1.207207e+02), (cpuTime 7.632000e-03), (lockTime 2.440560e-01), (total 1.244081e+02). At src/threaded-mpi.c:162
[detector     0] (items   653461) (ioTime 6.635467e+01), (cpuTime 6.401471e+01), (lockTime 0.000000e+00), (total 1.343841e+02). At src/threaded-mpi.c:453
[node   1] Statistics:     202050 items,      15770 misses,  'N':     193499 '1':        221 '2':          5 '3':         16 '4':        130 '5':        315 '6':         11 '7':        439 '8':       7267 '9':         30 '10':          2 '11':         79 '12':          9 '13':          9 '14':          3 '15':          0 '16':         15 '17':          0
[node   3] Statistics:     201146 items,      16673 misses,  'N':     192361 '1':        203 '2':          7 '3':          8 '4':        126 '5':        326 '6':          8 '7':        459 '8':       7496 '9':         33 '10':          6 '11':         73 '12':          9 '13':         11 '14':          1 '15':          1 '16':         18 '17':          0
[node   2] Statistics:     203508 items,      14311 misses,  'N':     194228 '1':        224 '2':          3 '3':         15 '4':        122 '5':        357 '6':         11 '7':        439 '8':       7816 '9':         35 '10':         22 '11':        133 '12':         14 '13':         11 '14':          6 '15':          3 '16':         64 '17':          0
[node   0] Statistics:          0 items,          0 misses,  'N':          0 '1':          0 '2':          0 '3':          0 '4':          0 '5':          0 '6':          0 '7':          0 '8':          0 '9':          0 '10':          0 '11':          0 '12':          0 '13':          0 '14':          0 '15':          0 '16':          0 '17':          0
[root    ] Statistics:     606704 items,      46754 misses,  'N':     580088 '1':        648 '2':         15 '3':         39 '4':        378 '5':        998 '6':         30 '7':       1337 '8':      22579 '9':         98 '10':         30 '11':        285 '12':         32 '13':         31 '14':         10 '15':          4 '16':         97 '17':          0
[./bin/tmpi 0] 1.344861e+02 seconds. At src/threaded-mpi.c:548
"/usr/bin/time --output=experiments/timing.log --append --format="%C\n\t%U user\t%S system\t%E elapsed\n\t%P CPU\t(%X avgtext+%D avgdata\t%M maxresident)k\n\t%I inputs+%O outputs\t(%F major+%R minor)pagefaults\t%W swaps\n" mpirun -n 4 ./bin/tmpi
	484.54 user	47.71 system	2:15.48 elapsed
	392% CPU	(0 avgtext+0 avgdata	73404 maxresident)k
	8 inputs+63592 outputs	(8 major+36124 minor)pagefaults	0 swaps
"

Evaluate
	title = Mfog tmi n4
	examplesFileName = datasets/test.csv
	matchesFileName = out/tmi-n4-1matches.csv
	plotSavePath = experiments/tmi-n4.log.png

Count per class
           id
class        
A      447179
N      206278
### Mfog tmi n4

NaN labels: 0
saving experiments/tmi-n4.log.png
Confusion Matrix
Classes (act)       A       N assigned    hits
Labels (pred)                                 
-               42462    4292        -       0
0                 141      37        A     141
1                 505       0        A     505
11                275      10        A     275
12                 32       0        A      32
13                 31       0        A      31
14                 10       0        A      10
15                  4       0        A       4
16                 77      20        A      77
2                  15       0        A      15
3                   0      39        N      39
4                 378       0        A     378
5                 996       2        A     996
6                  30       0        A      30
7                1336       1        A    1336
8               22234     345        A   22234
9                  98       0        A      98
N              378555  201532        N  201532
Classes           ['A' 'N']
Initial labels    ['-', 'N']
Labels (item)     [('N', 0), ('-', 19), ('1', 87651), ('5', 176282), ('7', 176393), ('4', 178652), ('8', 190036), ('6', 192051), ('2', 198646), ('3', 202723), ('9', 252901), ('0', 259453), ('11', 336922), ('12', 487894), ('13', 488962), ('16', 528028), ('14', 530635), ('15', 541765)] 18
Total examples    (653457, 25)
Total matches     (653458, 4)
Hits               227733 ( 34.850442%)
Misses             378970 ( 57.994546%)
Unknowns            46754 (  7.154859%)
Unk. reprocessed        1 (  0.002139%)
Total              653457 ( 99.999847%)

