./bin/reboot/online; kParam=100; dim=22; precision=1.000000e-08; radiusF=2.500000e-01; minExamplesPerCluster=20; noveltyF=1.400000e+00
Taking test stream from stdin
model complete, classified 0
[./bin/reboot/online] 4.783030e+01 seconds. At src/reboot/online.c:125
./bin/reboot/detection; kParam=100; dim=22; precision=1.000000e-08; radiusF=2.500000e-01; minExamplesPerCluster=20; noveltyF=1.400000e+00
Taking unknown stream from stdin
ND clusters (19, 82080): 22 extensions, 1 novelties
Reclassified 1844
ND clusters (19, 213446): 15 extensions, 0 novelties
Reclassified 1750
ND clusters (19, 295760): 11 extensions, 2 novelties
Reclassified 1737
ND clusters (19, 418245): 12 extensions, 2 novelties
Reclassified 1783
ND clusters (19, 574249): 19 extensions, 1 novelties
Reclassified 1764
ND clusters (19, 603368): 6 extensions, 0 novelties
Reclassified 1694
Final flush 1160
ND clusters (19, 652855): 12 extensions, 1 novelties
Reclassified 890
[./bin/reboot/detection] 8.350884e+00 seconds. At src/reboot/detection.c:127
Evaluate
	title = Mfog-Reboot
	examplesFileName = datasets/test.csv
	matchesFileName = out/reboot/split-matches.csv
	plotSavePath = experiments/reboot/split.png

Count per class
           id
class        
A      447179
N      206278
### Mfog-Reboot

saving experiments/reboot/split.png
Confusion Matrix
Classes (act)       A       N assigned    hits
Labels (pred)                                 
-                9113    2619        -       0
N              438066  203659        N  203659
Classes           ['A' 'N']
Initial labels    ['-', 'N']
Labels (item)     [('N', 0), ('-', 19)] 2
Total examples    (653457, 25)
Total matches     (653458, 4)
Hits               203659 ( 31.166349%)
Misses             438066 ( 67.038126%)
Unknowns            11732 (  1.795372%)
Unk. reprocessed        1 (  0.008524%)
Total              653457 ( 99.999847%)

