arg MODEL_CSV=datasets/model-clean.csv
arg EXAMPLES_CSV=datasets/test.csv
arg TIMING_LOG=experiments/timing.csv
arg MATCHES_CSV=out/mpi.csv
Processor almoco, Rank 0 out of 4 processors
MPI 3 1
MPI arch = armv7l
MPI host = almoco
MPI thread_level = MPI_THREAD_SINGLE
Reading examples from  'datasets/test.csv'
Reading model from     'datasets/model-clean.csv'
Writing matches to     'out/mpi.csv'
Writing timing to      'experiments/timing.csv'
src/minas/minas.c,./target/mfog,Jul  1 2020 17:05:12,1593633913,readModel,8.3.0,3.979000e-03,1,100
src/minas/minas.c,./target/mfog,Jul  1 2020 17:05:12,1593633927,readExamples,8.3.0,1.378294e+01,1,653457
src/mpi/minas-mpi.c,./target/mfog,Jul  1 2020 17:05:13,1593633927,sendModel,8.3.0,8.710000e-04,4,100
[1] Recv model with 100 clusters took 	1.378816e+01s
[2] Recv model with 100 clusters took 	1.377512e+01s
[3] Recv model with 100 clusters took 	1.377644e+01s
[1] Worker classify Test with 217819 examples took 	24.291999s
[2] Worker classify Test with 217819 examples took 	24.274475s
[3] Worker classify Test with 217819 examples took 	24.287912s
src/mpi/minas-mpi.c,./target/mfog,Jul  1 2020 17:05:13,1593633951,sendExamples,8.3.0,2.419549e+01,4,653457
src/mpi/minas-mpi.c,./target/mfog,Jul  1 2020 17:05:13,1593633951,MNS_mfog_main,8.3.0,2.419555e+01,4,653457
src/minas/evaluate.c,target/eval,Jul  1 2020 17:03:31,1593633973,main,8.3.0,2.149940e+01,1,653457
Reading examples from   'datasets/test.csv'
Reading matches from    'out/mpi.csv'
Writing evaluation to   'experiments/mpi-matrix.log'
Writing timing to       'experiments/timing.csv'
