[./bin/minas-sqrDist] 5.933115e+01 seconds for kMeans(72000). At src/baseline/kmeans.c:80
[./bin/minas-sqrDist] 6.040096e+01 seconds for training(72000). At src/baseline/minas.c:160
[./bin/minas-sqrDist] 2.951580e-01 seconds for kMeans(2000). At src/baseline/kmeans.c:80
[./bin/minas-sqrDist] 3.167590e-01 seconds for noveltyDetection(2000). At src/baseline/minas.c:245
[./bin/minas-sqrDist] 4.578920e-01 seconds for kMeans(2000). At src/baseline/kmeans.c:80
[./bin/minas-sqrDist] 4.848790e-01 seconds for noveltyDetection(2000). At src/baseline/minas.c:245
[./bin/minas-sqrDist] 5.875590e-01 seconds for kMeans(2000). At src/baseline/kmeans.c:80
[./bin/minas-sqrDist] 6.170730e-01 seconds for noveltyDetection(2000). At src/baseline/minas.c:245
[./bin/minas-sqrDist] 3.642990e-01 seconds for kMeans(2000). At src/baseline/kmeans.c:80
[./bin/minas-sqrDist] 3.868850e-01 seconds for noveltyDetection(2000). At src/baseline/minas.c:245
[./bin/minas-sqrDist] 2.771910e-01 seconds for kMeans(2000). At src/baseline/kmeans.c:80
[./bin/minas-sqrDist] 3.098940e-01 seconds for noveltyDetection(2000). At src/baseline/minas.c:245
[./bin/minas-sqrDist] 4.186480e-01 seconds for kMeans(2000). At src/baseline/kmeans.c:80
[./bin/minas-sqrDist] 4.431260e-01 seconds for noveltyDetection(2000). At src/baseline/minas.c:245
[./bin/minas-sqrDist] 3.755190e-01 seconds for kMeans(2000). At src/baseline/kmeans.c:80
[./bin/minas-sqrDist] 3.978370e-01 seconds for noveltyDetection(2000). At src/baseline/minas.c:245
[./bin/minas-sqrDist] 3.272970e-01 seconds for kMeans(2000). At src/baseline/kmeans.c:80
[./bin/minas-sqrDist] 3.513370e-01 seconds for noveltyDetection(2000). At src/baseline/minas.c:245
[./bin/minas-sqrDist] 3.483460e-01 seconds for kMeans(2000). At src/baseline/kmeans.c:80
[./bin/minas-sqrDist] 3.721410e-01 seconds for noveltyDetection(2000). At src/baseline/minas.c:245
[./bin/minas-sqrDist] 3.508790e-01 seconds for kMeans(2000). At src/baseline/kmeans.c:80
[./bin/minas-sqrDist] 3.744170e-01 seconds for noveltyDetection(2000). At src/baseline/minas.c:245
[./bin/minas-sqrDist] 4.209690e-01 seconds for kMeans(2000). At src/baseline/kmeans.c:80
[./bin/minas-sqrDist] 4.450530e-01 seconds for noveltyDetection(2000). At src/baseline/minas.c:245
[./bin/minas-sqrDist] 4.402060e-01 seconds for kMeans(2000). At src/baseline/kmeans.c:80
[./bin/minas-sqrDist] 4.649230e-01 seconds for noveltyDetection(2000). At src/baseline/minas.c:245
[./bin/minas-sqrDist] 3.189020e-01 seconds for kMeans(2000). At src/baseline/kmeans.c:80
[./bin/minas-sqrDist] 3.584350e-01 seconds for noveltyDetection(2000). At src/baseline/minas.c:245
[./bin/minas-sqrDist] 2.861490e-01 seconds for kMeans(2000). At src/baseline/kmeans.c:80
[./bin/minas-sqrDist] 3.163690e-01 seconds for noveltyDetection(2000). At src/baseline/minas.c:245
[./bin/minas-sqrDist] 4.855210e-01 seconds for kMeans(2000). At src/baseline/kmeans.c:80
[./bin/minas-sqrDist] 5.217260e-01 seconds for noveltyDetection(2000). At src/baseline/minas.c:245
[./bin/minas-sqrDist] 4.146110e-01 seconds for kMeans(2000). At src/baseline/kmeans.c:80
[./bin/minas-sqrDist] 4.385090e-01 seconds for noveltyDetection(2000). At src/baseline/minas.c:245
[./bin/minas-sqrDist] 3.064060e-01 seconds for kMeans(2000). At src/baseline/kmeans.c:80
[./bin/minas-sqrDist] 3.317530e-01 seconds for noveltyDetection(2000). At src/baseline/minas.c:245
[./bin/minas-sqrDist] 3.834890e-01 seconds for kMeans(2000). At src/baseline/kmeans.c:80
[./bin/minas-sqrDist] 4.065510e-01 seconds for noveltyDetection(2000). At src/baseline/minas.c:245
[./bin/minas-sqrDist] 5.397490e-01 seconds for kMeans(2000). At src/baseline/kmeans.c:80
[./bin/minas-sqrDist] 5.628420e-01 seconds for noveltyDetection(2000). At src/baseline/minas.c:245
[./bin/minas-sqrDist] 3.962160e-01 seconds for kMeans(2000). At src/baseline/kmeans.c:80
[./bin/minas-sqrDist] 4.222650e-01 seconds for noveltyDetection(2000). At src/baseline/minas.c:245
[./bin/minas-sqrDist] 3.165480e-01 seconds for kMeans(2000). At src/baseline/kmeans.c:80
[./bin/minas-sqrDist] 3.406280e-01 seconds for noveltyDetection(2000). At src/baseline/minas.c:245
[./bin/minas-sqrDist] 3.180110e-01 seconds for kMeans(2000). At src/baseline/kmeans.c:80
[./bin/minas-sqrDist] 3.411230e-01 seconds for noveltyDetection(2000). At src/baseline/minas.c:245
[./bin/minas-sqrDist] 3.459600e-01 seconds for kMeans(1935). At src/baseline/kmeans.c:80
[./bin/minas-sqrDist] 3.676770e-01 seconds for noveltyDetection(1935). At src/baseline/minas.c:245
[./bin/minas-sqrDist] 4.088730e+01 seconds for minasOnline(653457). At src/baseline/minas.c:318
[./bin/minas-sqrDist] 6.148723e+01 seconds for kMeans(72000). At src/baseline/kmeans.c:80
[./bin/minas-sqrDist] 6.254024e+01 seconds for training(72000). At src/baseline/minas.c:160
[./bin/minas-sqrDist] 2.899410e-01 seconds for kMeans(2000). At src/baseline/kmeans.c:80
[./bin/minas-sqrDist] 3.137440e-01 seconds for noveltyDetection(2000). At src/baseline/minas.c:245
[./bin/minas-sqrDist] 4.120050e-01 seconds for kMeans(2000). At src/baseline/kmeans.c:80
[./bin/minas-sqrDist] 4.353140e-01 seconds for noveltyDetection(2000). At src/baseline/minas.c:245
[./bin/minas-sqrDist] 3.824960e-01 seconds for kMeans(2000). At src/baseline/kmeans.c:80
[./bin/minas-sqrDist] 4.062110e-01 seconds for noveltyDetection(2000). At src/baseline/minas.c:245
[./bin/minas-sqrDist] 3.362590e-01 seconds for kMeans(2000). At src/baseline/kmeans.c:80
[./bin/minas-sqrDist] 3.576430e-01 seconds for noveltyDetection(2000). At src/baseline/minas.c:245
[./bin/minas-sqrDist] 2.495740e-01 seconds for kMeans(2000). At src/baseline/kmeans.c:80
[./bin/minas-sqrDist] 2.718500e-01 seconds for noveltyDetection(2000). At src/baseline/minas.c:245
[./bin/minas-sqrDist] 3.455460e-01 seconds for kMeans(2000). At src/baseline/kmeans.c:80
[./bin/minas-sqrDist] 3.671270e-01 seconds for noveltyDetection(2000). At src/baseline/minas.c:245
[./bin/minas-sqrDist] 3.715720e-01 seconds for kMeans(2000). At src/baseline/kmeans.c:80
[./bin/minas-sqrDist] 3.935860e-01 seconds for noveltyDetection(2000). At src/baseline/minas.c:245
[./bin/minas-sqrDist] 3.700380e-01 seconds for kMeans(2000). At src/baseline/kmeans.c:80
[./bin/minas-sqrDist] 3.949540e-01 seconds for noveltyDetection(2000). At src/baseline/minas.c:245
[./bin/minas-sqrDist] 3.388340e-01 seconds for kMeans(2000). At src/baseline/kmeans.c:80
[./bin/minas-sqrDist] 3.605730e-01 seconds for noveltyDetection(2000). At src/baseline/minas.c:245
[./bin/minas-sqrDist] 3.666220e-01 seconds for kMeans(2000). At src/baseline/kmeans.c:80
[./bin/minas-sqrDist] 3.920830e-01 seconds for noveltyDetection(2000). At src/baseline/minas.c:245
[./bin/minas-sqrDist] 3.384480e-01 seconds for kMeans(2000). At src/baseline/kmeans.c:80
[./bin/minas-sqrDist] 3.612780e-01 seconds for noveltyDetection(2000). At src/baseline/minas.c:245
[./bin/minas-sqrDist] 5.715040e-01 seconds for kMeans(2000). At src/baseline/kmeans.c:80
[./bin/minas-sqrDist] 6.048500e-01 seconds for noveltyDetection(2000). At src/baseline/minas.c:245
[./bin/minas-sqrDist] 3.773990e-01 seconds for kMeans(2000). At src/baseline/kmeans.c:80
[./bin/minas-sqrDist] 4.111370e-01 seconds for noveltyDetection(2000). At src/baseline/minas.c:245
[./bin/minas-sqrDist] 3.687080e-01 seconds for kMeans(2000). At src/baseline/kmeans.c:80
[./bin/minas-sqrDist] 4.033150e-01 seconds for noveltyDetection(2000). At src/baseline/minas.c:245
[./bin/minas-sqrDist] 5.934230e-01 seconds for kMeans(2000). At src/baseline/kmeans.c:80
[./bin/minas-sqrDist] 6.240530e-01 seconds for noveltyDetection(2000). At src/baseline/minas.c:245
[./bin/minas-sqrDist] 4.450240e-01 seconds for kMeans(2000). At src/baseline/kmeans.c:80
[./bin/minas-sqrDist] 4.677690e-01 seconds for noveltyDetection(2000). At src/baseline/minas.c:245
[./bin/minas-sqrDist] 3.308510e-01 seconds for kMeans(2000). At src/baseline/kmeans.c:80
[./bin/minas-sqrDist] 3.596320e-01 seconds for noveltyDetection(2000). At src/baseline/minas.c:245
[./bin/minas-sqrDist] 3.774490e-01 seconds for kMeans(2000). At src/baseline/kmeans.c:80
[./bin/minas-sqrDist] 4.009620e-01 seconds for noveltyDetection(2000). At src/baseline/minas.c:245
[./bin/minas-sqrDist] 5.577960e-01 seconds for kMeans(2000). At src/baseline/kmeans.c:80
[./bin/minas-sqrDist] 5.825520e-01 seconds for noveltyDetection(2000). At src/baseline/minas.c:245
[./bin/minas-sqrDist] 3.747300e-01 seconds for kMeans(2000). At src/baseline/kmeans.c:80
[./bin/minas-sqrDist] 3.978550e-01 seconds for noveltyDetection(2000). At src/baseline/minas.c:245
[./bin/minas-sqrDist] 4.419380e-01 seconds for kMeans(2000). At src/baseline/kmeans.c:80
[./bin/minas-sqrDist] 4.738400e-01 seconds for noveltyDetection(2000). At src/baseline/minas.c:245
[./bin/minas-sqrDist] 4.413360e-01 seconds for kMeans(2000). At src/baseline/kmeans.c:80
[./bin/minas-sqrDist] 4.749570e-01 seconds for noveltyDetection(2000). At src/baseline/minas.c:245
[./bin/minas-sqrDist] 4.889380e-01 seconds for kMeans(1935). At src/baseline/kmeans.c:80
[./bin/minas-sqrDist] 5.197940e-01 seconds for noveltyDetection(1935). At src/baseline/minas.c:245
[./bin/minas-sqrDist] 4.404286e+01 seconds for minasOnline(653457). At src/baseline/minas.c:318
