./bin/baseline
	k=100
	dim=22
	precision=1.000000e-08
	radiusF=1.000000e-01
	minExamplesPerCluster=20
	noveltyF=2.000000e+00
	useCluStream=0
	cluStream_q_maxMicroClusters=0
	cluStream_time_threshold_delta_δ=0.000000
	remoteRedis=localhost
	useMPI=0
	useInlineND=1
	useReclassification=0
setup done
Taking training set from stdin
Training 72000 examples with 1 classes (N)
Training 72000 examples from class N
Taking test stream from stdin
ND clusters: 26 extensions, 0 novelties
Reclassified 1869
ND clusters: 13 extensions, 0 novelties
Reclassified 1823
ND clusters: 18 extensions, 0 novelties
Reclassified 1787
ND clusters: 8 extensions, 0 novelties
Reclassified 1767
ND clusters: 19 extensions, 0 novelties
Reclassified 1765
ND clusters: 7 extensions, 0 novelties
Reclassified 1771
ND clusters: 5 extensions, 0 novelties
Reclassified 1738
ND clusters: 15 extensions, 1 novelties
Reclassified 1694
ND clusters: 18 extensions, 1 novelties
Reclassified 1681
ND clusters: 8 extensions, 0 novelties
Reclassified 1636
ND clusters: 7 extensions, 1 novelties
Reclassified 1588
ND clusters: 18 extensions, 1 novelties
Reclassified 1711
ND clusters: 16 extensions, 0 novelties
Reclassified 1709
ND clusters: 14 extensions, 0 novelties
Reclassified 1670
ND clusters: 23 extensions, 0 novelties
Reclassified 1824
ND clusters: 18 extensions, 0 novelties
Reclassified 1736
ND clusters: 21 extensions, 0 novelties
Reclassified 1760
ND clusters: 17 extensions, 0 novelties
Reclassified 1745
ND clusters: 16 extensions, 0 novelties
Reclassified 1752
ND clusters: 9 extensions, 0 novelties
Reclassified 1717
ND clusters: 20 extensions, 0 novelties
Reclassified 1734
ND clusters: 6 extensions, 0 novelties
Reclassified 1741
ND clusters: 2 extensions, 0 novelties
Reclassified 1749
ND clusters: 1 extensions, 0 novelties
Reclassified 1738
ND clusters: 1 extensions, 0 novelties
Reclassified 1719
ND clusters: 1 extensions, 0 novelties
Reclassified 1694
ND clusters: 3 extensions, 0 novelties
Reclassified 1699
ND clusters: 3 extensions, 0 novelties
Reclassified 1711
ND clusters: 2 extensions, 0 novelties
Reclassified 1732
ND clusters: 2 extensions, 0 novelties
Reclassified 1732
ND clusters: 2 extensions, 0 novelties
Reclassified 1729
ND clusters: 1 extensions, 0 novelties
Reclassified 1711
ND clusters: 5 extensions, 0 novelties
Reclassified 1676
ND clusters: 10 extensions, 0 novelties
Reclassified 1670
ND clusters: 20 extensions, 0 novelties
Reclassified 1684
ND clusters: 21 extensions, 0 novelties
Reclassified 1770
ND clusters: 17 extensions, 1 novelties
Reclassified 1829
ND clusters: 5 extensions, 0 novelties
Reclassified 1769
ND clusters: 16 extensions, 0 novelties
Reclassified 1720
ND clusters: 20 extensions, 0 novelties
Reclassified 1771
ND clusters: 19 extensions, 1 novelties
Reclassified 1714
Final flush 1795
ND clusters: 19 extensions, 0 novelties
Reclassified 1552
[./bin/baseline] 3.114793e+01 seconds for training(155795). At src/base/minas.c:235
[./bin/baseline] 1.853567e+01 seconds for minasOnline(653457). At src/base/minas.c:410
[./bin/baseline] 4.348121e+01 seconds for main(1). At src/modules/baseline.c:23
Evaluate
	title = Baseline
	examplesFileName = datasets/test.csv
	matchesFileName = out/baseline.csv
	plotSavePath = experiments/baseline-hits.png

Count per class
           id
class        
A      447179
N      206278
### Baseline

saving experiments/baseline-hits.png
Confusion Matrix
Classes (act)       A       N assigned    hits
Labels (pred)                                 
-               29762   43068        -       0
0                 535       0        A     535
1                 107      36        A     107
2                   9      10        N      10
3                 247      45        A     247
N              417154  164036        N  164036
Classes            ['A' 'N']
Initial labels     ['-', 'N']
Labels (1st item)  [('N', 0), ('-', 19), ('0', 83725), ('2', 225903), ('1', 398283), ('3', 495239)] 6
Total examples     (653457, 25)
Total matches      (655009, 4)
Hits                164935 ( 25.180570%)
Misses              417244 ( 63.700499%)
Unknowns             72830 ( 11.118931%)
Unk. reprocessed      1552 (  2.130990%)
Total               655009 (100.000000%)

