reading from file minas.conf
./bin/noveltyDetection
	k=100
	dim=22
	precision=1.000000e-08
	radiusF=1.000000e-01
	minExamplesPerCluster=20
	noveltyF=2.000000e+00
	useCluStream=0
	cluStream_q_maxMicroClusters=0
	cluStream_time_threshold_delta_δ=0.000000
	remoteRedis=localhost
	useMPI=0
	useInlineND=1
	useReclassification=0
setup done
Reading from stdin
noveltyDetection: Assert error. At src/base/minas.c:90

	radiusF=1.000000e-01
	minExamplesPerCluster=20
	noveltyF=2.000000e+00
	useCluStream=0
	cluStream_q_maxMicroClusters=0
	cluStream_time_threshold_delta_δ=0.000000
	remoteRedis=localhost
	useMPI=0
	useInlineND=1
	useReclassification=0
setup done
