./bin/tmpi; kParam=100; dim=22; precision=1.000000e-08; radiusF=2.500000e-01; minExamplesPerCluster=20; noveltyF=1.400000e+00;
./bin/tmpi; outputMode=2; nClassifiers=1; packetSize=1;
[./bin/tmpi 0/4 c1] 2.005939e+01 seconds. At src/threaded-mpi.c:543
Hits               204328 ( 31.268727%)
Unknowns            15843 (  2.424486%)
Avg Time Thru      316092 (  0.031609s)
Hits     &  0.312687 \\\hline
Hits      0.312687
./bin/tmpi; kParam=100; dim=22; precision=1.000000e-08; radiusF=2.500000e-01; minExamplesPerCluster=20; noveltyF=1.400000e+00;
./bin/tmpi; outputMode=2; nClassifiers=1; packetSize=2;
[./bin/tmpi 0/4 c1] 2.675826e+01 seconds. At src/threaded-mpi.c:543
Hits               204476 ( 31.291376%)
Unknowns            14633 (  2.239318%)
Avg Time Thru       66255 (  0.006626s)
Hits     &  0.312914 \\\hline
Hits      0.312914
./bin/tmpi; kParam=100; dim=22; precision=1.000000e-08; radiusF=2.500000e-01; minExamplesPerCluster=20; noveltyF=1.400000e+00;
./bin/tmpi; outputMode=2; nClassifiers=1; packetSize=3;
[./bin/tmpi 0/4 c1] 2.514755e+01 seconds. At src/threaded-mpi.c:543
Hits               204879 ( 31.353048%)
Unknowns            13580 (  2.078175%)
Avg Time Thru       71919 (  0.007192s)
Hits     &  0.313530 \\\hline
Hits      0.313530
./bin/tmpi; kParam=100; dim=22; precision=1.000000e-08; radiusF=2.500000e-01; minExamplesPerCluster=20; noveltyF=1.400000e+00;
./bin/tmpi; outputMode=2; nClassifiers=1; packetSize=4;
[./bin/tmpi 0/4 c1] 2.291301e+01 seconds. At src/threaded-mpi.c:543
Hits               204282 ( 31.261688%)
Unknowns            14463 (  2.213302%)
Avg Time Thru       61086 (  0.006109s)
Hits     &  0.312617 \\\hline
Hits      0.312617
./bin/tmpi; kParam=100; dim=22; precision=1.000000e-08; radiusF=2.500000e-01; minExamplesPerCluster=20; noveltyF=1.400000e+00;
./bin/tmpi; outputMode=2; nClassifiers=1; packetSize=5;
[./bin/tmpi 0/4 c1] 2.270391e+01 seconds. At src/threaded-mpi.c:543
Hits               204157 ( 31.242559%)
Unknowns            15600 (  2.387300%)
Avg Time Thru       84799 (  0.008480s)
Hits     &  0.312426 \\\hline
Hits      0.312426
./bin/tmpi; kParam=100; dim=22; precision=1.000000e-08; radiusF=2.500000e-01; minExamplesPerCluster=20; noveltyF=1.400000e+00;
./bin/tmpi; outputMode=2; nClassifiers=1; packetSize=6;
[./bin/tmpi 0/4 c1] 2.055218e+01 seconds. At src/threaded-mpi.c:543
Hits               204228 ( 31.253424%)
Unknowns            17187 (  2.630161%)
Avg Time Thru       62426 (  0.006243s)
Hits     &  0.312534 \\\hline
Hits      0.312534
./bin/tmpi; kParam=100; dim=22; precision=1.000000e-08; radiusF=2.500000e-01; minExamplesPerCluster=20; noveltyF=1.400000e+00;
./bin/tmpi; outputMode=2; nClassifiers=1; packetSize=7;
[./bin/tmpi 0/4 c1] 2.094687e+01 seconds. At src/threaded-mpi.c:543
Hits               204100 ( 31.233836%)
Unknowns            15689 (  2.400919%)
Avg Time Thru       90993 (  0.009099s)
Hits     &  0.312338 \\\hline
Hits      0.312338
./bin/tmpi; kParam=100; dim=22; precision=1.000000e-08; radiusF=2.500000e-01; minExamplesPerCluster=20; noveltyF=1.400000e+00;
./bin/tmpi; outputMode=2; nClassifiers=1; packetSize=8;
[./bin/tmpi 0/4 c1] 2.214909e+01 seconds. At src/threaded-mpi.c:543
Hits               204346 ( 31.271482%)
Unknowns            17098 (  2.616542%)
Avg Time Thru      117435 (  0.011744s)
Hits     &  0.312715 \\\hline
Hits      0.312715
./bin/tmpi; kParam=100; dim=22; precision=1.000000e-08; radiusF=2.500000e-01; minExamplesPerCluster=20; noveltyF=1.400000e+00;
./bin/tmpi; outputMode=2; nClassifiers=1; packetSize=9;
[./bin/tmpi 0/4 c1] 2.200938e+01 seconds. At src/threaded-mpi.c:543
Hits               205167 ( 31.397121%)
Unknowns            14900 (  2.280177%)
Avg Time Thru       56262 (  0.005626s)
Hits     &  0.313971 \\\hline
Hits      0.313971
./bin/tmpi; kParam=100; dim=22; precision=1.000000e-08; radiusF=2.500000e-01; minExamplesPerCluster=20; noveltyF=1.400000e+00;
./bin/tmpi; outputMode=2; nClassifiers=1; packetSize=10;
[./bin/tmpi 0/4 c1] 2.299932e+01 seconds. At src/threaded-mpi.c:543
Hits               204251 ( 31.256944%)
Unknowns            18626 (  2.850374%)
Avg Time Thru      140296 (  0.014030s)
Hits     &  0.312569 \\\hline
Hits      0.312569
./bin/tmpi; kParam=100; dim=22; precision=1.000000e-08; radiusF=2.500000e-01; minExamplesPerCluster=20; noveltyF=1.400000e+00;
./bin/tmpi; outputMode=2; nClassifiers=1; packetSize=11;
[./bin/tmpi 0/4 c1] 2.287692e+01 seconds. At src/threaded-mpi.c:543
Hits               204257 ( 31.257862%)
Unknowns            16245 (  2.486005%)
Avg Time Thru      134442 (  0.013444s)
Hits     &  0.312579 \\\hline
Hits      0.312579
./bin/tmpi; kParam=100; dim=22; precision=1.000000e-08; radiusF=2.500000e-01; minExamplesPerCluster=20; noveltyF=1.400000e+00;
./bin/tmpi; outputMode=2; nClassifiers=1; packetSize=12;
[./bin/tmpi 0/4 c1] 2.246439e+01 seconds. At src/threaded-mpi.c:543
Hits               204412 ( 31.281582%)
Unknowns            16485 (  2.522733%)
Avg Time Thru      108809 (  0.010881s)
Hits     &  0.312816 \\\hline
Hits      0.312816
