[cmd ex]
	 elapsed 	 kernel 	 user 	 cpu%; 	 max-KB 	 pf 	 pf-rec 	 waits 	 switch 	 swap; 	 ins 	 outs 	 rcv 	 sent 	 sigs;

bin/fk; kParam=100; dim=22; precision=1.000000e-08; radiusF=2.500000e-01; minExamplesPerCluster=20; noveltyF=1.400000e+00, thresholdForgettingPast=10000
Taking model from 'out/offline-model.csv'
model complete
taking test from stdin
[bin/fk] Statistics items:     653458, hits:      50596, misses:     602862,
'   N':      50596
[bin/fk] 2.194514e+01 seconds. At src/partials/classifier.c:111
[bin/fk out/offline-model.csv 0]
	 0:22.06 	 5.48 	 16.46 	 99%; 	 22428 	 0 	 5198 	 3 	 3191 	 0; 	 0 	 402888 	 0 	 0 	 0;
[cmd ex]
	 elapsed 	 kernel 	 user 	 cpu%; 	 max-KB 	 pf 	 pf-rec 	 waits 	 switch 	 swap; 	 ins 	 outs 	 rcv 	 sent 	 sigs;

bin/dt; kParam=100; dim=22; precision=1.000000e-08; radiusF=2.500000e-01; minExamplesPerCluster=20; noveltyF=1.400000e+00, thresholdForgettingPast=10000
Taking unknown stream from stdin
model complete
Novelties   7, Extensions  51, consumed   2000, reclassified      0, garbageCollected      0
Novelties   1, Extensions  28, consumed   2000, reclassified      0, garbageCollected      0
Novelties   2, Extensions  48, consumed   2000, reclassified      0, garbageCollected      0
Novelties   5, Extensions  32, consumed   2000, reclassified      0, garbageCollected      0
Novelties   4, Extensions  45, consumed   2000, reclassified      0, garbageCollected      0
Novelties   0, Extensions  25, consumed   2000, reclassified      0, garbageCollected      0
Novelties   2, Extensions  26, consumed   2000, reclassified      0, garbageCollected      0
Novelties   4, Extensions  59, consumed   2000, reclassified      0, garbageCollected      0
Novelties   1, Extensions  18, consumed   2000, reclassified      0, garbageCollected      0
Novelties   0, Extensions  47, consumed   2000, reclassified      0, garbageCollected      0
Novelties   5, Extensions  57, consumed   2000, reclassified      0, garbageCollected      0
Novelties   2, Extensions  27, consumed   2000, reclassified      0, garbageCollected      0
Novelties   6, Extensions  42, consumed   2000, reclassified      0, garbageCollected      0
Novelties   6, Extensions  47, consumed   2000, reclassified      0, garbageCollected      0
Novelties   4, Extensions  37, consumed   2000, reclassified      0, garbageCollected      0
Novelties   0, Extensions  43, consumed   2000, reclassified      0, garbageCollected      0
Novelties   4, Extensions  57, consumed   2000, reclassified      0, garbageCollected      0
Novelties   6, Extensions  33, consumed   2000, reclassified      0, garbageCollected      0
Novelties   0, Extensions  15, consumed   2000, reclassified      0, garbageCollected      0
Novelties   2, Extensions  42, consumed   2000, reclassified      0, garbageCollected      0
Novelties   5, Extensions  40, consumed   2000, reclassified      0, garbageCollected      0
Novelties   0, Extensions  31, consumed   2000, reclassified      0, garbageCollected      0
Novelties   0, Extensions  46, consumed   2000, reclassified      0, garbageCollected      0
Novelties  14, Extensions  43, consumed   2000, reclassified      0, garbageCollected      0
Novelties  10, Extensions  44, consumed   2000, reclassified      0, garbageCollected      0
Novelties   8, Extensions  46, consumed   2000, reclassified      0, garbageCollected      0
Novelties   0, Extensions   9, consumed   2000, reclassified      0, garbageCollected      0
Novelties   1, Extensions  11, consumed   2000, reclassified      0, garbageCollected      0
Novelties   0, Extensions  14, consumed   2000, reclassified      0, garbageCollected      0
Novelties   1, Extensions  24, consumed   2000, reclassified      0, garbageCollected      0
Novelties  10, Extensions  59, consumed   2000, reclassified      0, garbageCollected      0
Novelties   1, Extensions  40, consumed   2000, reclassified      0, garbageCollected      0
Novelties   5, Extensions  62, consumed   2000, reclassified      0, garbageCollected      0
Novelties   0, Extensions  42, consumed   2000, reclassified      0, garbageCollected      0
Novelties   8, Extensions  40, consumed   2000, reclassified      0, garbageCollected      0
Novelties   0, Extensions  22, consumed   2000, reclassified      0, garbageCollected      0
Novelties   4, Extensions  30, consumed   2000, reclassified      0, garbageCollected      0
Novelties   6, Extensions  39, consumed   2000, reclassified      0, garbageCollected      0
[bin/dt] Statistics items:     602863, hits:     526339, misses:      76524,
'   N':     446315, '   1':      31303, '   2':       6600, '   3':      18849, '   4':          0,
'   5':         37, '   6':        290, '   7':          1, '   8':        416, '   9':       3196,
'  10':       1274, '  11':       1943, '  12':         28, '  13':         54, '  14':         50,
'  15':          3, '  16':        547, '  17':        114, '  18':        111, '  19':          4,
'  20':        287, '  21':         42, '  22':       1403, '  23':          0, '  24':         64,
'  25':         17, '  26':       1497, '  27':          1, '  28':         10, '  29':         16,
'  30':        125, '  31':         24, '  32':          7, '  33':          0, '  34':          0,
'  35':          0, '  36':          0, '  37':          0, '  38':          0, '  39':        279,
'  40':       4614, '  41':          0, '  42':        393, '  43':         15, '  44':          1,
'  46':          0, '  47':          0, '  48':          6, '  49':        951, '  50':        314,
'  51':        470, '  52':         10, '  53':          0, '  54':        204, '  55':          0,
'  56':        178, '  57':          0, '  58':        305, '  59':        338, '  60':          2,
'  61':          0, '  62':          0, '  63':          0, '  64':         43, '  91':          1,
'  92':         94, '  93':          0, '  94':          1, '  95':          4, '  96':          7,
' 123':        235, ' 124':          0, ' 125':          3, ' 126':          5, ' 127':          0,
' 128':         11, ' 129':         13, ' 130':          0, ' 131':          0, ' 132':          0,
' 133':          0, ' 134':         21, ' 135':          0, ' 136':          0, ' 137':          0,
' 138':          0, ' 139':         31, ' 140':        786, ' 141':          0, ' 142':          1,
' 143':         91, ' 144':          0, ' 145':          0, ' 146':          0, ' 147':          0,
' 148':          0, ' 149':          0, ' 150':          0, ' 151':          0, ' 152':        423,
' 153':          0, ' 154':          1, ' 155':          1, ' 156':          0, ' 157':          0,
' 158':          0, ' 159':          0, ' 160':          0, ' 161':          0, ' 162':          0,
' 163':          0, ' 164':          0, ' 165':          3, ' 166':          0, ' 167':          0,
' 168':          0, ' 169':       1589, ' 170':          0, ' 171':          0, ' 172':        159,
' 173':          0, ' 174':          0, ' 175':          0, ' 176':         96, ' 177':          0,
' 178':          0, ' 179':          0, ' 180':          0, ' 181':          0, ' 182':         12,
' 183':          0, ' 184':          0, ' 185':          0, ' 186':          0
[bin/dt] Global lines 602963, consumed  76000, reclassified 526339, garbageCollected      0
[bin/dt] 4.691834e+01 seconds. At src/partials/detection.c:143
[bin/dt 0]
	 0:47.57 	 3.84 	 43.07 	 98%; 	 20996 	 0 	 4869 	 21 	 9170 	 0; 	 0 	 15120 	 0 	 0 	 0;
[cmd ex]
	 elapsed 	 kernel 	 user 	 cpu%; 	 max-KB 	 pf 	 pf-rec 	 waits 	 switch 	 swap; 	 ins 	 outs 	 rcv 	 sent 	 sigs;

bin/fk; kParam=100; dim=22; precision=1.000000e-08; radiusF=2.500000e-01; minExamplesPerCluster=20; noveltyF=1.400000e+00, thresholdForgettingPast=10000
model complete
taking test from stdin
realloc model 200
realloc model 300
realloc model 400
realloc model 500
realloc model 600
realloc model 700
realloc model 800
realloc model 900
realloc model 1000
realloc model 1100
realloc model 1200
realloc model 1300
realloc model 1400
realloc model 1500
realloc model 1600
realloc model 1700
[bin/fk] Statistics items:     653458, hits:          0, misses:     653458,
'   N':          0, '   1':          0, '   2':          0, '   3':          0, '   4':          0,
'   5':          0, '   6':          0, '   7':          0, '   8':          0, '   9':          0,
'  10':          0, '  11':          0, '  12':          0, '  13':          0, '  14':          0,
'  15':          0, '  16':          0, '  17':          0, '  18':          0, '  19':          0,
'  20':          0, '  21':          0, '  22':          0, '  23':          0, '  24':          0,
'  25':          0, '  26':          0, '  27':          0, '  28':          0, '  29':          0,
'  30':          0, '  31':          0, '  32':          0, '  33':          0, '  34':          0,
'  35':          0, '  36':          0, '  37':          0, '  38':          0, '  39':          0,
'  40':          0, '  41':          0, '  42':          0, '  43':          0, '  44':          0,
'  46':          0, '  47':          0, '  48':          0, '  49':          0, '  50':          0,
'  51':          0, '  52':          0, '  53':          0, '  54':          0, '  55':          0,
'  56':          0, '  57':          0, '  58':          0, '  59':          0, '  60':          0,
'  61':          0, '  62':          0, '  63':          0, '  64':          0, '  91':          0,
'  92':          0, '  93':          0, '  94':          0, '  95':          0, '  96':          0,
' 123':          0, ' 124':          0, ' 125':          0, ' 126':          0, ' 127':          0,
' 128':          0, ' 129':          0, ' 130':          0, ' 131':          0, ' 132':          0,
' 133':          0, ' 134':          0, ' 135':          0, ' 136':          0, ' 137':          0,
' 138':          0, ' 139':          0, ' 140':          0, ' 141':          0, ' 142':          0,
' 143':          0, ' 144':          0, ' 145':          0, ' 146':          0, ' 147':          0,
' 148':          0, ' 149':          0, ' 150':          0, ' 151':          0, ' 152':          0,
' 153':          0, ' 154':          0, ' 155':          0, ' 156':          0, ' 157':          0,
' 158':          0, ' 159':          0, ' 160':          0, ' 161':          0, ' 162':          0,
' 163':          0, ' 164':          0, ' 165':          0, ' 166':          0, ' 167':          0,
' 168':          0, ' 169':          0, ' 170':          0, ' 171':          0, ' 172':          0,
' 173':          0, ' 174':          0, ' 175':          0, ' 176':          0, ' 177':          0,
' 178':          0, ' 179':          0, ' 180':          0, ' 181':          0, ' 182':          0,
' 183':          0, ' 184':          0, ' 185':          0, ' 186':          0
[bin/fk] 1.771297e+02 seconds. At src/partials/classifier.c:111
[bin/fk 0]
	 2:58.84 	 9.58 	 167.55 	 99%; 	 23020 	 0 	 5349 	 77 	 28236 	 0; 	 0 	 436520 	 0 	 0 	 0;
[cmd ex]
	 elapsed 	 kernel 	 user 	 cpu%; 	 max-KB 	 pf 	 pf-rec 	 waits 	 switch 	 swap; 	 ins 	 outs 	 rcv 	 sent 	 sigs;

[cmd ex]
	 elapsed 	 kernel 	 user 	 cpu%; 	 max-KB 	 pf 	 pf-rec 	 waits 	 switch 	 swap; 	 ins 	 outs 	 rcv 	 sent 	 sigs;

# Mario the pipe worker

[cmd ex]
	 elapsed 	 kernel 	 user 	 cpu%; 	 max-KB 	 pf 	 pf-rec 	 waits 	 switch 	 swap; 	 ins 	 outs 	 rcv 	 sent 	 sigs;

# Mario the pipe worker

[cmd ex]
	 elapsed 	 kernel 	 user 	 cpu%; 	 max-KB 	 pf 	 pf-rec 	 waits 	 switch 	 swap; 	 ins 	 outs 	 rcv 	 sent 	 sigs;

