./bin/tmpi; kParam=100; dim=22; precision=1.000000e-08; radiusF=2.500000e-01; minExamplesPerCluster=20; noveltyF=1.400000e+00;
	Hello from pokebola, rank 0/4, outputMode 2, nClassifiers 1
[sampler 0]
[m_receiver 1]
Taking test stream from stdin, sampler at 0/4
[classifier 3]
[classifier 1]
[classifier 2]
[m_receiver 2]
model complete
model incomplete 31, wait(modelReadySemaphore);
model incomplete 59, wait(modelReadySemaphore);
model incomplete 0, wait(modelReadySemaphore);
[detector 0]
[m_receiver 3]
ND clusters (19, 82121): 21 extensions, 2 novelties
ND consumed 1823, reclassified 0, garbageCollected 0
ND clusters (19, 161756): 21 extensions, 5 novelties
ND consumed 1760, reclassified 27, garbageCollected 47
ND clusters (82323, 176033): 13 extensions, 2 novelties
ND consumed 1932, reclassified 37, garbageCollected 2
ND clusters (162122, 200176): 22 extensions, 1 novelties
ND consumed 1877, reclassified 72, garbageCollected 5
ND clusters (176309, 271643): 29 extensions, 0 novelties
ND consumed 1723, reclassified 100, garbageCollected 13
ND clusters (203967, 322731): 31 extensions, 1 novelties
ND consumed 1792, reclassified 136, garbageCollected 6
ND clusters (278778, 368690): 25 extensions, 0 novelties
ND consumed 1784, reclassified 123, garbageCollected 5
ND clusters (324537, 376423): 26 extensions, 0 novelties
ND consumed 1863, reclassified 78, garbageCollected 14
ND clusters (369290, 399669): 21 extensions, 1 novelties
ND consumed 1816, reclassified 136, garbageCollected 17
ND clusters (396299, 407904): 15 extensions, 1 novelties
ND consumed 1842, reclassified 122, garbageCollected 28
ND clusters (420746, 497876): 27 extensions, 0 novelties
ND consumed 1814, reclassified 83, garbageCollected 59
ND clusters (434888, 529137): 37 extensions, 1 novelties
ND consumed 1796, reclassified 77, garbageCollected 43
[sampler   0] (items 653558) (ioTime 1.067203e+01), (cpuTime 1.408392e+01), (lockTime 0.000000e+00), (total 2.611482e+01). At src/threaded-mpi.c:255
ND clusters (497921, 628301): 31 extensions, 3 novelties
ND consumed 1678, reclassified 222, garbageCollected 58
[classifier   3] (items 217819) (ioTime 1.037116e+01), (cpuTime 9.286632e+00), (lockTime 4.687250e-01), (total 2.066427e+01). At src/threaded-mpi.c:112
ND clusters (576296, 595299): 20 extensions, 0 novelties
ND consumed 1868, reclassified 105, garbageCollected 13
[detector 4] garbageCollect unknowns to 4000 src/threaded-mpi.c:352
[classifier   1] (items 217820) (ioTime 1.158957e+01), (cpuTime 1.017032e+01), (lockTime 5.211160e-01), (total 2.268831e+01). At src/threaded-mpi.c:112
[classifier   2] (items 217819) (ioTime 1.153635e+01), (cpuTime 1.025026e+01), (lockTime 5.499540e-01), (total 2.281382e+01). At src/threaded-mpi.c:112
[detector   0] (items 653461) (ioTime 1.886095e+01), (cpuTime 8.092358e+00), (lockTime 0.000000e+00), (total 2.819253e+01). At src/threaded-mpi.c:424
[m_receiver   2] (items 456) (ioTime 2.091762e+01), (cpuTime 2.416000e-03), (lockTime 1.769600e-02), (total 2.281679e+01). At src/threaded-mpi.c:166
[classifier   0] Statistics:      96657 items,          0 misses,  'N':      86770 '1':        420 '2':         98 '3':        188 '4':         74 '5':        282 '6':         70 '7':       2105 '8':       1625 '9':       1038 '10':        831 '11':         22 '12':       1242 '13':        150 '14':       1334 '15':        387 '16':         21

[root aggregate] Statistics:    1008551 items,      31535 misses,  'N':     936737 '1':       2359 '2':        432 '3':        793 '4':        460 '5':       2052 '6':        298 '7':      16592 '8':      21851 '9':       6624 '10':       3967 '11':         88 '12':       5511 '13':        639 '14':       8095 '15':       1957 '16':         96

[./bin/tmpi 0] 2.822610e+01 seconds. At src/threaded-mpi.c:511
[classifier   2] Statistics:     302753 items,      11723 misses,  'N':     281264 '1':        653 '2':        107 '3':        202 '4':        130 '5':        599 '6':         75 '7':       4815 '8':       6799 '9':       1879 '10':       1096 '11':         22 '12':       1509 '13':        170 '14':       2815 '15':        590 '16':         28

[./bin/tmpi 2] 2.283769e+01 seconds. At src/threaded-mpi.c:511
[m_receiver   1] (items 456) (ioTime 2.119706e+01), (cpuTime 2.949000e-03), (lockTime 8.818000e-03), (total 2.297752e+01). At src/threaded-mpi.c:166
[classifier   1] Statistics:     303270 items,      11207 misses,  'N':     282045 '1':        652 '2':        115 '3':        204 '4':        134 '5':        579 '6':         77 '7':       4903 '8':       6779 '9':       1871 '10':       1056 '11':         22 '12':       1444 '13':        169 '14':       2612 '15':        582 '16':         26

[./bin/tmpi 1] 2.299855e+01 seconds. At src/threaded-mpi.c:511
[m_receiver   3] (items 456) (ioTime 2.097225e+01), (cpuTime 1.235800e-02), (lockTime 2.793300e-02), (total 2.202048e+01). At src/threaded-mpi.c:166
[classifier   3] Statistics:     305871 items,       8605 misses,  'N':     286658 '1':        634 '2':        112 '3':        199 '4':        122 '5':        592 '6':         76 '7':       4769 '8':       6648 '9':       1836 '10':        984 '11':         22 '12':       1316 '13':        150 '14':       1334 '15':        398 '16':         21

[./bin/tmpi 3] 2.204965e+01 seconds. At src/threaded-mpi.c:511
87.01user 15.17system 0:18.73elapsed 545%CPU (0avgtext+0avgdata 51868maxresident)k
0inputs+37176outputs (127major+38060minor)pagefaults 0swaps

Evaluate
	title = Mfog tmi n4
	examplesFileName = datasets/test.csv
	matchesFileName = out/tmi-n4-1matches.csv
	plotSavePath = experiments/tmi-n4.log.png

Count per class
           id
class        
A      447179
N      206278
### Mfog tmi n4

saving experiments/tmi-n4.log.png
Confusion Matrix
Classes (act)       A       N assigned    hits
Labels (pred)                                 
-               26750    4785        -       0
0                 117      40        A     117
1                 526       0        A     526
10                593      46        A     593
12                382     161        A     382
13                  0      39        N      39
14               2759       0        A    2759
15                409       0        A     409
16                 12       0        A      12
2                  40       0        A      40
3                   0      41        N      41
4                 164       0        A     164
5                 839      85        A     839
6                  18       0        A      18
7                8135      37        A    8135
8               15346       5        A   15346
9                2129     343        A    2129
N              388960  200696        N  200696
Classes           ['A' 'N']
Initial labels    ['-', 'N']
Labels (item)     [('N', 0), ('-', 19), ('1', 82381), ('5', 161932), ('3', 167099), ('2', 167781), ('8', 172504), ('7', 172987), ('6', 192051), ('9', 202669), ('4', 223093), ('10', 320599), ('12', 401824), ('0', 420636), ('14', 552271), ('15', 569497), ('13', 569674), ('16', 579220)] 18
Total examples    (653457, 25)
Total matches     (653458, 4)
Hits               232245 ( 35.540922%)
Misses             389677 ( 59.633060%)
Unknowns            31535 (  4.825865%)
Unk. reprocessed        1 (  0.003171%)
Total              653457 ( 99.999847%)

