./bin/tmpi; kParam=100; dim=22; precision=1.000000e-08; radiusF=2.500000e-01; minExamplesPerCluster=20; noveltyF=1.400000e+00;
	Hello from pokebola, rank 0/3, outputMode 2, nClassifiers 1
[classifier 2]
[sampler 0]
Taking test stream from stdin, sampler at 0/3
[m_receiver 2]
[m_receiver 1]
model complete
[detector 0]
[classifier 1]
ND clusters (19, 82121): 22 extensions, 1 novelties
ND consumed 1845, reclassified 0, garbageCollected 0
ND clusters (19, 164150): 24 extensions, 5 novelties
ND consumed 1775, reclassified 47, garbageCollected 44
ND clusters (82323, 170731): 13 extensions, 3 novelties
ND consumed 1947, reclassified 18, garbageCollected 18
ND clusters (166236, 215296): 30 extensions, 0 novelties
ND consumed 1815, reclassified 105, garbageCollected 8
ND clusters (176794, 269538): 26 extensions, 1 novelties
ND consumed 1709, reclassified 122, garbageCollected 9
ND clusters (215302, 276279): 19 extensions, 1 novelties
ND consumed 1895, reclassified 71, garbageCollected 12
ND clusters (271754, 299292): 19 extensions, 0 novelties
ND consumed 1907, reclassified 56, garbageCollected 16
ND clusters (286886, 309350): 24 extensions, 0 novelties
ND consumed 1940, reclassified 43, garbageCollected 11
ND clusters (299434, 304383): 31 extensions, 0 novelties
ND consumed 1919, reclassified 60, garbageCollected 10
ND clusters (312898, 317397): 16 extensions, 0 novelties
ND consumed 1900, reclassified 46, garbageCollected 20
ND clusters (328450, 371610): 27 extensions, 1 novelties
ND consumed 1878, reclassified 83, garbageCollected 33
ND clusters (352818, 399406): 23 extensions, 0 novelties
ND consumed 1948, reclassified 23, garbageCollected 16
ND clusters (371660, 421648): 23 extensions, 0 novelties
ND consumed 1905, reclassified 71, garbageCollected 5
[sampler   0] (ioTime 6.377517e+00), (cpuTime 1.164626e+01), (lockTime 0.000000e+00), (total 1.919348e+01). At src/threaded-mpi.c:251
ND clusters (400502, 516280): 36 extensions, 0 novelties
ND consumed 1820, reclassified 113, garbageCollected 32
ND clusters (422402, 591268): 33 extensions, 2 novelties
ND consumed 1814, reclassified 133, garbageCollected 21
ND clusters (516794, 603356): 10 extensions, 1 novelties
ND consumed 1994, reclassified 2, garbageCollected 1
ND clusters (599180, 643692): 27 extensions, 2 novelties
ND consumed 1758, reclassified 153, garbageCollected 33
[classifier   1] (ioTime 9.697145e+00), (cpuTime 1.333020e+01), (lockTime 6.877340e-01), (total 2.437796e+01). At src/threaded-mpi.c:112
ND clusters (603542, 625771): 26 extensions, 2 novelties
ND consumed 1711, reclassified 204, garbageCollected 79
[classifier   2] (ioTime 1.102886e+01), (cpuTime 1.546185e+01), (lockTime 7.907190e-01), (total 2.792040e+01). At src/threaded-mpi.c:112
[m_receiver   2] (ioTime 2.679184e+01), (cpuTime 2.572000e-03), (lockTime 2.528000e-03), (total 2.792233e+01). At src/threaded-mpi.c:164
[detector   0] (ioTime 1.787199e+01), (cpuTime 7.802200e+00), (lockTime 0.000000e+00), (total 2.669795e+01). At src/threaded-mpi.c:420
[m_receiver   1] (ioTime 2.606837e+01), (cpuTime 2.492000e-03), (lockTime 2.347000e-03), (total 2.665094e+01). At src/threaded-mpi.c:164
[classifier   0] Statistics:     104733 items,          0 misses,  'N':      84151 '1':        246 '2':         48 '3':         20 '4':        125 '5':        502 '6':       2405 '7':       1026 '8':        379 '9':      11558 '10':        445 '11':        106 '12':       2998 '13':        247 '14':         57 '15':         22 '16':        312 '17':         47 '18':         39

[classifier   2] Statistics:     415527 items,      15935 misses,  'N':     345944 '1':        410 '2':        232 '3':         56 '4':        193 '5':        904 '6':      10750 '7':       4460 '8':       2096 '9':      41293 '10':        992 '11':        187 '12':       7105 '13':        401 '14':         57 '15':         22 '16':        339 '17':         47 '18':         39

[./bin/tmpi 2] 2.794815e+01 seconds. At src/threaded-mpi.c:509
[classifier   1] Statistics:     411830 items,      19632 misses,  'N':     351096 '1':        451 '2':        232 '3':         44 '4':        177 '5':        883 '6':      10470 '7':       4314 '8':       2127 '9':      36797 '10':        870 '11':        123 '12':       3517 '13':        252 '14':         57 '15':         22 '16':        312 '17':         47 '18':         39

[./bin/tmpi 1] 2.667757e+01 seconds. At src/threaded-mpi.c:509
[root aggregate] Statistics:     932090 items,      35567 misses,  'N':     781191 '1':       1107 '2':        512 '3':        120 '4':        495 '5':       2289 '6':      23625 '7':       9800 '8':       4602 '9':      89648 '10':       2307 '11':        416 '12':      13620 '13':        900 '14':        171 '15':         66 '16':        963 '17':        141 '18':        117

[./bin/tmpi 0] 2.673349e+01 seconds. At src/threaded-mpi.c:509
73.58user 16.18system 0:18.71elapsed 479%CPU (0avgtext+0avgdata 168600maxresident)k
0inputs+39832outputs (76major+83279minor)pagefaults 0swaps

Evaluate
	title = Mfog tmi n3
	examplesFileName = datasets/test.csv
	matchesFileName = out/tmi-n3-1matches.csv
	plotSavePath = experiments/tmi-n3.log.png

Count per class
           id
class        
A      447179
N      206278
### Mfog tmi n3

saving experiments/tmi-n3.log.png
Confusion Matrix
Classes (act)       A       N assigned    hits
Labels (pred)                                 
-               31507    4060        -       0
0                 257      40        A     257
1                 216       0        A     216
10                909      24        A     909
11                 27       1        A      27
12               4591       0        A    4591
13                159       0        A     159
16                 27       0        A      27
2                 368       0        A     368
3                  60       0        A      60
4                   0     120        N     120
5                 694      89        A     694
6               16391      19        A   16391
7                6337     385        A    6337
8                3465       0        A    3465
9               54403     571        A   54403
N              327768  200969        N  200969
Classes           ['A' 'N']
Initial labels    ['-', 'N']
Labels (item)     [('N', 0), ('-', 19), ('3', 160699), ('5', 163261), ('2', 165083), ('4', 167099), ('8', 170813), ('6', 170845), ('7', 172985), ('1', 217774), ('0', 261271), ('9', 261589), ('10', 282813), ('11', 359995), ('12', 528899), ('13', 545441), ('16', 569275)] 17
Total examples    (653457, 25)
Total matches     (653458, 4)
Hits               288993 ( 44.225184%)
Misses             328897 ( 50.331773%)
Unknowns            35567 (  5.442890%)
Unk. reprocessed        1 (  0.002812%)
Total              653457 ( 99.999847%)

