['cmd' ex]	 elapsed 	 kernel 	 user 	 cpu%; 	 max-KB 	 pf 	 pf-rec 	 waits 	 switch 	 swap; 	 ins 	 outs 	 rcv 	 sent 	 sigs;

./bin/tmpi; kParam=100; dim=22; precision=1.000000e-08; radiusF=2.500000e-01; minExamplesPerCluster=20; noveltyF=1.400000e+00; outputMode 2, nClassifiers 2
[m_receiver 1]
[classifier 1]
[classifier 2]
[classifier 2]
[m_receiver 2]
[classifier 3]
[m_receiver 3]
[classifier 3]
[sampler 0]
Taking test stream from stdin, sampler at 0/4
[classifier 1]
[detector 0]
model complete
Novelties   1, Extensions  22, Unknowns   2000, consumed   1842, reclassified      0, garbageCollected      0
realloc model 200
realloc model 200
realloc model 200
Novelties   2, Extensions  14, Unknowns   2000, consumed   1766, reclassified      0, garbageCollected    116
Novelties   0, Extensions   4, Unknowns   2000, consumed   1788, reclassified      0, garbageCollected     98
Novelties   0, Extensions  17, Unknowns   2000, consumed   1745, reclassified      0, garbageCollected     88
Novelties   2, Extensions   8, Unknowns   2000, consumed   1864, reclassified      0, garbageCollected    111
Novelties   2, Extensions  26, Unknowns   2000, consumed   1811, reclassified      0, garbageCollected     11
Novelties   1, Extensions  15, Unknowns   2000, consumed   1748, reclassified      0, garbageCollected    101
realloc model 300
realloc model 300
realloc model 300
Novelties   0, Extensions   4, Unknowns   2000, consumed   1764, reclassified      0, garbageCollected    160
[sampler] itemsWhere: ,   0 =>        0,   1 =>   217820,   2 =>   217819,   3 =>   217819
[sampler 0] MFOG_EOS_MARKER to 1
[sampler 0] MFOG_EOS_MARKER to 1
[sampler 0] MFOG_EOS_MARKER to 2
[sampler 0] MFOG_EOS_MARKER to 2
[sampler 0] MFOG_EOS_MARKER to 3
[sampler 0] MFOG_EOS_MARKER to 3
[sampler   0] (items        0) (ioTime 1.598894e+01), (cpuTime 1.456744e+00), (lockTime 0.000000e+00), (total 1.848054e+01). At src/threaded-mpi.c:269
[detector   0] MFOG_EOS_MARKER 1 / 6
[classifier 2] sends 107081
[classifier   2] (items   107081) (ioTime 1.106564e+01), (cpuTime 3.521118e+00), (lockTime 3.000710e-01), (total 1.526395e+01). At src/threaded-mpi.c:106
[detector   0] MFOG_EOS_MARKER 2 / 6
[classifier 2] sends 110738
[classifier   2] (items   110738) (ioTime 1.096306e+01), (cpuTime 3.672111e+00), (lockTime 3.703540e-01), (total 1.526626e+01). At src/threaded-mpi.c:106
[classifier 3] sends 109111
[classifier   3] (items   109111) (ioTime 1.086281e+01), (cpuTime 3.882972e+00), (lockTime 3.415580e-01), (total 1.532938e+01). At src/threaded-mpi.c:106
[detector   0] MFOG_EOS_MARKER 3 / 6
[detector   0] MFOG_EOS_MARKER 4 / 6
[classifier 3] sends 108708
[classifier   3] (items   108708) (ioTime 1.104191e+01), (cpuTime 3.682425e+00), (lockTime 3.044640e-01), (total 1.532920e+01). At src/threaded-mpi.c:106
[detector   0] MFOG_EOS_MARKER 5 / 6
[detector   0] MFOG_EOS_MARKER 6 / 6
[classifier 1] sends 103553
[classifier 1] sends 114267
[classifier   1] (items   103553) (ioTime 1.085171e+01), (cpuTime 3.674180e+00), (lockTime 2.695820e-01), (total 1.502765e+01). At src/threaded-mpi.c:106
[classifier   1] (items   114267) (ioTime 1.049638e+01), (cpuTime 3.926568e+00), (lockTime 3.425800e-01), (total 1.503398e+01). At src/threaded-mpi.c:106
[detector] itemsWhere: ,   0 =>        0,   1 =>   217820,   2 =>   217819,   3 =>   217819
[m_receiver   2] (items      218) (ioTime 1.461261e+01), (cpuTime 1.160300e-02), (lockTime 1.234000e-03), (total 1.532291e+01). At src/threaded-mpi.c:156
[m_receiver   1] (items      218) (ioTime 1.423204e+01), (cpuTime 1.128000e-03), (lockTime 4.699000e-03), (total 1.503651e+01). At src/threaded-mpi.c:156
[m_receiver   3] (items      218) (ioTime 1.462942e+01), (cpuTime 1.286000e-03), (lockTime 5.882800e-02), (total 1.533841e+01). At src/threaded-mpi.c:156
[detector     0] (items   653464) (ioTime 1.284223e+01), (cpuTime 4.756703e+00), (lockTime 0.000000e+00), (total 1.861765e+01). At src/threaded-mpi.c:368
[node   2] Statistics items:     231849, hits:     226617, misses:       5232,
'   N':     225069, '   1':        289, '   2':        879, '   3':        175, '   4':         37,
'   5':         57, '   6':         89, '   7':         22
[node   1] Statistics items:     231841, hits:     226859, misses:       4982,
'   N':     225299, '   1':        299, '   2':        875, '   3':        179, '   4':         43,
'   5':         55, '   6':         87, '   7':         22
[node   0] Statistics items:      14058, hits:      14058, misses:          0,
'   N':      12930, '   1':        216, '   2':        557, '   3':        165, '   4':         28,
'   5':         54, '   6':         86, '   7':         22
[node   3] Statistics items:     231850, hits:     226318, misses:       5532,
'   N':     224783, '   1':        273, '   2':        880, '   3':        175, '   4':         41,
'   5':         54, '   6':         90, '   7':         22
[root    ] Statistics items:     709598, hits:     693852, misses:      15746,
'   N':     688081, '   1':       1077, '   2':       3191, '   3':        694, '   4':        149,
'   5':        220, '   6':        352, '   7':         88
[./bin/tmpi 0/4 c2] 1.865257e+01 seconds. At src/threaded-mpi.c:465
[mpirun -n 4 ./bin/tmpi 2 2 0]	 0:12.99 	 11.46 	 56.56 	 523%; 	 25632 	 447 	 22671 	 134311 	 474238 	 0; 	 15896 	 39936 	 0 	 0 	 0;
Evaluate
	title = Cluster tmi
	examplesFileName = datasets/test.csv
	matchesFileName = out/tmi-matches.csv
	plotSavePath = experiments/tmi-base.log.png

Count per class
           id
class        
A      447179
N      206278
### Cluster tmi

NaN labels: 0
saving experiments/tmi-base.log.png
Confusion Matrix
Classes (act)       A       N assigned    hits
Labels (pred)                                 
-               12639    3107        -       0
0                 127      40        A     127
1                   0      60        N      60
2                 877      86        A     877
3                   0      20        N      20
4                  37       0        A      37
5                   0       4        N       4
6                   8       0        A       8
N              433491  202961        N  202961
Classes           ['A' 'N']
Initial labels    ['-', 'N']
Labels (item)     [('N', 0), ('-', 19), ('2', 179571), ('1', 202723), ('4', 330973), ('3', 382929), ('0', 420636), ('6', 595945), ('5', 596928)] 9
Total examples    (653457, 25)
Total matches     (653458, 4)
Hits               204094 ( 31.232918%)
Misses             433617 ( 66.357287%)
Unknowns            15746 (  2.409642%)
Unk. reprocessed        1 (  0.006351%)
Total              653457 ( 99.999847%)

