### Mfog Classifer Threads 1
[./bin/tmpi 0/4] 3.659569e+01 seconds. At src/threaded-mpi.c:548
	121.10 user	14.50 system	0:27.88 elapsed
Hits               269381 ( 41.223920%)
Misses             340236 ( 52.067004%)
Unknowns            43840 (  6.708924%)

### Mfog Classifer Threads 2
[./bin/tmpi 0/4] 3.068044e+01 seconds. At src/threaded-mpi.c:548
	106.38 user	14.58 system	0:25.70 elapsed
Hits               242531 ( 37.115010%)
Misses             381774 ( 58.423648%)
Unknowns            29152 (  4.461190%)

### Mfog Classifer Threads 3
[./bin/tmpi 0/4] 3.736035e+01 seconds. At src/threaded-mpi.c:548
	121.62 user	14.42 system	0:28.27 elapsed
Hits               277321 ( 42.438994%)
Misses             326862 ( 50.020353%)
Unknowns            49274 (  7.540500%)

### Mfog Classifer Threads 4
[./bin/tmpi 0/4] 4.777069e+01 seconds. At src/threaded-mpi.c:548
	166.49 user	15.07 system	0:39.28 elapsed
Hits               289261 ( 44.266196%)
Misses             319856 ( 48.948211%)
Unknowns            44340 (  6.785440%)
