./bin/reboot/serial; kParam=100; dim=22; precision=1.000000e-08; radiusF=2.500000e-01; minExamplesPerCluster=20; noveltyF=1.400000e+00
Taking training set from stdin
Training 72000 examples with 1 classes (N)
Training 72000 examples from class N
Taking test stream from stdin
ND clusters: 22 extensions, 1 novelties
Reclassified 1844
ND clusters: 13 extensions, 3 novelties
Reclassified 1773
ND clusters: 6 extensions, 0 novelties
Reclassified 1754
ND clusters: 8 extensions, 1 novelties
Reclassified 1733
ND clusters: 15 extensions, 0 novelties
Reclassified 1691
ND clusters: 22 extensions, 1 novelties
Reclassified 1743
ND clusters: 16 extensions, 2 novelties
Reclassified 1663
Final flush 1184
ND clusters: 11 extensions, 2 novelties
Reclassified 921
Evaluate
	title = Mfog-Reboot-serial
	examplesFileName = datasets/test.csv
	matchesFileName = out/reboot/serial.csv
	plotSavePath = experiments/reboot/serial.png

Count per class
           id
class        
A      447179
N      206278
### Mfog-Reboot-serial

saving experiments/reboot/serial.png
Confusion Matrix
Classes (act)       A       N assigned    hits
Labels (pred)                                 
-               10263    3122        -       0
0                1172      47        A    1172
1                 208       0        A     208
2                 943     126        A     943
3                   0      56        N      56
4                 771      15        A     771
5                   2      30        N      30
6                1486       0        A    1486
7                   1       0        A       1
8                  31       3        A      31
9                  58       3        A      58
N              432690  203351        N  203351
Classes           ['A' 'N']
Initial labels    ['-', 'N']
Labels (item)     [('N', 0), ('-', 19), ('8', 9618), ('9', 47022), ('2', 163228), ('3', 167099), ('1', 217774), ('4', 282813), ('0', 358231), ('5', 564709), ('6', 592573), ('7', 601457)] 12
Total examples    (653457, 25)
Total matches     (654378, 4)
Hits               208107 ( 31.802261%)
Misses             432886 ( 66.152285%)
Unknowns            13385 (  2.045454%)
Unk. reprocessed      921 (  6.880837%)
Total              654378 (100.000000%)

