classifier 1 0x7fef94000b80
classifier 3 0x7fcb8c000b80
./bin/reboot/tmpi; kParam=100; dim=22; precision=1.000000e-08; radiusF=2.500000e-01; minExamplesPerCluster=20; noveltyF=1.400000e+00;	Hello from pokebola, rank 0/4
classifier 2 0x7f37cc000b80
Taking test stream from stdin
sampler at 0/4
model complete
model complete
model complete
model complete
[pokebola:342435] *** Process received signal ***
[pokebola:342435] Signal: Segmentation fault (11)
[pokebola:342435] Signal code: Address not mapped (1)
[pokebola:342435] Failing at address: 0x7fef94000b80
[pokebola:342435] [ 0] /usr/lib/libpthread.so.0(+0x140f0)[0x7f83d66e00f0]
[pokebola:342435] [ 1] ./bin/reboot/tmpi(+0x5ecd)[0x55673d0d3ecd]
[pokebola:342435] [ 2] /usr/lib/libpthread.so.0(+0x93e9)[0x7f83d66d53e9]
[pokebola:342435] [ 3] /usr/lib/libc.so.6(clone+0x43)[0x7f83d6603293]
[pokebola:342435] *** End of error message ***
--------------------------------------------------------------------------
Primary job  terminated normally, but 1 process returned
a non-zero exit code. Per user-direction, the job has been aborted.
--------------------------------------------------------------------------
--------------------------------------------------------------------------
mpirun noticed that process rank 0 with PID 0 on node pokebola exited on signal 11 (Segmentation fault).
--------------------------------------------------------------------------
