./bin/reboot/tmpi; kParam=100; dim=22; precision=1.000000e-08; radiusF=2.500000e-01; minExamplesPerCluster=20; noveltyF=1.400000e+00;	Hello from pokebola, rank 0/2
m_receiver at 1/2
Taking test stream from stdin
sampler at 0/2
model complete
model incomplete 0, sleep(1);
Sampler done src/reboot/threaded-mpi.c:250
classifier done src/reboot/threaded-mpi.c:107
m_receiver done src/reboot/threaded-mpi.c:182
detector done src/reboot/threaded-mpi.c:340
Evaluate
	title = Mfog-Reboot-tmi-n2
	examplesFileName = datasets/test.csv
	matchesFileName = out/reboot/tmpi-matches.csv
	plotSavePath = experiments/reboot/tmi-n2.png

Count per class
           id
class        
A      447179
N      206278
### Mfog-Reboot-tmi-n2

saving experiments/reboot/tmi-n2.png
Confusion Matrix
Classes (act)       A       N assigned    hits
Labels (pred)                                 
-                9113    2619        -       0
N              438066  203659        N  203659
Classes           ['A' 'N']
Initial labels    ['-', 'N']
Labels (item)     [('N', 0), ('-', 19)] 2
Total examples    (653457, 25)
Total matches     (653458, 4)
Hits               203659 ( 31.166349%)
Misses             438066 ( 67.038126%)
Unknowns            11732 (  1.795372%)
Unk. reprocessed        1 (  0.008524%)
Total              653457 ( 99.999847%)

