./bin/tmpi; kParam=100; dim=22; precision=1.000000e-08; radiusF=2.500000e-01; minExamplesPerCluster=20; noveltyF=1.400000e+00;
	Hello from jantar, rank 0/4, outputMode 2, nClassifiers 1
[sampler 0]
Taking test stream from stdin, sampler at 0/4
[classifier 1]
[m_receiver 1]
[m_receiver 2]
[m_receiver 3]
[classifier 2]
[classifier 3]
[detector 0]
model complete
ND consumed   1859, reclassified      0, garbageCollected      0
ND consumed   1770, reclassified      0, garbageCollected     40
ND consumed   1918, reclassified      0, garbageCollected     21
ND consumed   1920, reclassified      0, garbageCollected     15
ND consumed   1774, reclassified      0, garbageCollected     37
ND consumed   1787, reclassified      0, garbageCollected    107
ND consumed   1913, reclassified      0, garbageCollected     77
ND consumed   1891, reclassified      0, garbageCollected     84
ND consumed   1917, reclassified      0, garbageCollected     44
ND consumed   1921, reclassified      0, garbageCollected     33
ND consumed   1912, reclassified      0, garbageCollected     65
ND consumed   1945, reclassified      0, garbageCollected     39
ND consumed   1880, reclassified      0, garbageCollected     84
ND consumed   1950, reclassified      0, garbageCollected     27
ND consumed   1954, reclassified      0, garbageCollected     28
ND consumed   1881, reclassified      0, garbageCollected     76
ND consumed   1931, reclassified      0, garbageCollected     41
ND consumed   1935, reclassified      0, garbageCollected     49
ND consumed   1983, reclassified      0, garbageCollected      7
ND consumed   1959, reclassified      0, garbageCollected     31
ND consumed   1887, reclassified      0, garbageCollected     67
ND consumed   1750, reclassified      0, garbageCollected    177
ND consumed   1895, reclassified      0, garbageCollected     75
[sampler] args->inFlight 213504, itemsWhere: ,   0 =>        0,   1 =>   217820,   2 =>   217819,   3 =>   217819
[sampler   0] (items   653558) (ioTime 7.948073e+01), (cpuTime 3.649492e+01), (lockTime 0.000000e+00), (total 1.194713e+02). At src/threaded-mpi.c:273
[detector] args->inFlight   210555 ( 90 %)
ND consumed   1774, reclassified      0, garbageCollected    202
[detector] args->inFlight   187160 ( 80 %)
[detector] args->inFlight   163765 ( 70 %)
[detector] args->inFlight   140370 ( 60 %)
ND consumed   1776, reclassified      0, garbageCollected     18
[detector] args->inFlight   116975 ( 50 %)
[detector] args->inFlight    93580 ( 40 %)
ND consumed   1766, reclassified      0, garbageCollected    128
[detector] args->inFlight    70185 ( 30 %)
ND consumed   1937, reclassified      0, garbageCollected     31
[detector] args->inFlight    46790 ( 20 %)
[detector] args->inFlight    23395 ( 10 %)
ND consumed   1716, reclassified      0, garbageCollected     65
[classifier   3] MFOG_EOS_MARKER
[detector   0] MFOG_EOS_MARKER 0 / 2 
[classifier   3] (items   217819) (ioTime 8.724807e+01), (cpuTime 3.983320e+01), (lockTime 1.646649e+00), (total 1.301197e+02). At src/threaded-mpi.c:107
[classifier   2] MFOG_EOS_MARKER
[detector   0] MFOG_EOS_MARKER 0 / 1 
[classifier   2] (items   217819) (ioTime 8.791313e+01), (cpuTime 3.987613e+01), (lockTime 1.777098e+00), (total 1.309346e+02). At src/threaded-mpi.c:107
[detector] args->inFlight        0 (  0 %)
[classifier   1] MFOG_EOS_MARKER
[detector   0] MFOG_EOS_MARKER 0 / 0 
[detector] args->inFlight 4294967293, itemsWhere: ,   0 =>        0,   1 =>   217820,   2 =>   217819,   3 =>   217819
[classifier   1] (items   217820) (ioTime 9.236210e+01), (cpuTime 4.158427e+01), (lockTime 1.612294e+00), (total 1.370940e+02). At src/threaded-mpi.c:107
[m_receiver   2] (items      708) (ioTime 1.281555e+02), (cpuTime 1.111300e-02), (lockTime 1.857500e-01), (total 1.323123e+02). At src/threaded-mpi.c:162
[detector     0] (items   653461) (ioTime 6.779529e+01), (cpuTime 6.707278e+01), (lockTime 0.000000e+00), (total 1.384795e+02). At src/threaded-mpi.c:453
[m_receiver   1] (items      708) (ioTime 1.306518e+02), (cpuTime 3.908400e-02), (lockTime 5.023880e-01), (total 1.370943e+02). At src/threaded-mpi.c:162
[m_receiver   3] (items      708) (ioTime 1.285540e+02), (cpuTime 1.049500e-02), (lockTime 6.660840e-01), (total 1.323671e+02). At src/threaded-mpi.c:162
[node   0] Statistics:          0 items,          0 misses,  'N':          0 '1':          0 '2':          0 '3':          0 '4':          0 '5':          0 '6':          0 '7':          0 '8':          0 '9':          0 '10':          0 '11':          0 '12':          0 '13':          0 '14':          0 '15':          0 '16':          0 '17':          0 '18':          0
[node   2] Statistics:     199155 items,      18664 misses,  'N':     184623 '1':        231 '2':         11 '3':          8 '4':          7 '5':        209 '6':       7758 '7':        308 '8':         19 '9':       4730 '10':        242 '11':        459 '12':          4 '13':        280 '14':        241 '15':          4 '16':          2 '17':          6 '18':         13
[node   1] Statistics:     200199 items,      17621 misses,  'N':     185952 '1':        241 '2':         27 '3':         10 '4':         15 '5':        229 '6':       7607 '7':        304 '8':         23 '9':       4565 '10':        217 '11':        498 '12':          1 '13':        194 '14':        280 '15':          4 '16':          8 '17':          4 '18':         20
[node   3] Statistics:     198952 items,      18867 misses,  'N':     183715 '1':        221 '2':         20 '3':          6 '4':          8 '5':        247 '6':       7730 '7':        323 '8':         18 '9':       5388 '10':        253 '11':        462 '12':          3 '13':        285 '14':        248 '15':          2 '16':          2 '17':          3 '18':         18
[root    ] Statistics:     598306 items,      55152 misses,  'N':     554290 '1':        693 '2':         58 '3':         24 '4':         30 '5':        685 '6':      23095 '7':        935 '8':         60 '9':      14683 '10':        712 '11':       1419 '12':          8 '13':        759 '14':        769 '15':         10 '16':         12 '17':         13 '18':         51
[./bin/tmpi 0] 1.385866e+02 seconds. At src/threaded-mpi.c:548
"/usr/bin/time --output=experiments/timing.log --append --format="%C\n\t%U user\t%S system\t%E elapsed\n\t%P CPU\t(%X avgtext+%D avgdata\t%M maxresident)k\n\t%I inputs+%O outputs\t(%F major+%R minor)pagefaults\t%W swaps\n" mpirun -n 4 ./bin/tmpi
	515.47 user	48.64 system	2:23.43 elapsed
	393% CPU	(0 avgtext+0 avgdata	141132 maxresident)k
	0 inputs+69000 outputs	(7 major+66556 minor)pagefaults	0 swaps
"

